{"/home/antoine/a-lucas/angular.js-server/dist/AngularServerRenderer.js":{"path":"/home/antoine/a-lucas/angular.js-server/dist/AngularServerRenderer.js","s":{"1":1,"2":1,"3":1,"4":30,"5":11,"6":19,"7":19,"8":19,"9":19,"10":1,"11":1,"12":1,"13":1,"14":1,"15":1,"16":5,"17":5,"18":1,"19":1,"20":1,"21":1,"22":1,"23":1,"24":1,"25":1,"26":1,"27":1,"28":1,"29":1,"30":1,"31":1,"32":1,"33":1,"34":1,"35":1,"36":1,"37":1,"38":1,"39":1,"40":1,"41":1,"42":20,"43":20,"44":20,"45":10,"46":10,"47":10,"48":20,"49":4,"50":20,"51":2,"52":20,"53":12,"54":12,"55":12,"56":12,"57":12,"58":12,"59":12,"60":12,"61":0,"62":0,"63":0,"64":0,"65":0,"66":12,"67":12,"68":20,"69":0,"70":0,"71":0,"72":0,"73":0,"74":0,"75":0,"76":0,"77":0,"78":0,"79":0,"80":0,"81":0,"82":0,"83":0,"84":0,"85":0,"86":0,"87":0,"88":0,"89":0,"90":0,"91":0,"92":20,"93":17,"94":17,"95":17,"96":17,"97":17,"98":10,"99":10,"100":17,"101":81,"102":81,"103":81,"104":45,"105":45,"106":45,"107":15,"108":66,"109":66,"110":66,"111":65,"112":25,"113":25,"114":25,"115":25,"116":25,"117":66,"118":41,"119":66,"120":66,"121":1,"122":1,"123":65,"124":0,"125":0,"126":65,"127":17,"128":0,"129":0,"130":0,"131":0,"132":0,"133":17,"134":20,"135":20,"136":20,"137":20,"138":20,"139":20,"140":28,"141":28,"142":28,"143":28,"144":28,"145":28,"146":2,"147":2,"148":26,"149":26,"150":26,"151":26,"152":9,"153":9,"154":9,"155":17,"156":17,"157":17,"158":2,"159":2,"160":2,"161":17,"162":0,"163":0,"164":17,"165":0,"166":0,"167":17,"168":1,"169":1,"170":17,"171":17,"172":5,"173":0,"174":5,"175":5,"176":5,"177":5,"178":0,"179":0,"180":0,"181":5,"182":5,"183":17,"184":0,"185":0,"186":0,"187":0,"188":0,"189":0,"190":0,"191":17,"192":12,"193":12,"194":0,"195":12,"196":12,"197":12,"198":12,"199":12,"200":12,"201":12,"202":12,"203":0,"204":0,"205":0,"206":0,"207":17,"208":16,"209":20,"210":20,"211":1,"212":1,"213":1,"214":1,"215":1,"216":1,"217":1,"218":1,"219":1,"220":1,"221":1,"222":1,"223":20,"224":20,"225":20,"226":20,"227":20,"228":20,"229":0,"230":0,"231":0,"232":0,"233":0,"234":20,"235":20,"236":20,"237":20,"238":1,"239":20,"240":20,"241":1,"242":1,"243":1,"244":1,"245":1,"246":1,"247":1,"248":1,"249":1,"250":1,"251":1,"252":40,"253":40,"254":1,"255":0,"256":0,"257":0,"258":0,"259":0,"260":0,"261":0,"262":0,"263":0,"264":1,"265":26,"266":1,"267":20,"268":1,"269":74,"270":26,"271":48,"272":1,"273":0,"274":0,"275":1,"276":9,"277":1,"278":0,"279":0,"280":1,"281":22,"282":22,"283":22,"284":1,"285":2,"286":2,"287":2,"288":1,"289":2,"290":2,"291":2,"292":1,"293":2,"294":2,"295":2,"296":1,"297":2,"298":2,"299":2,"300":2,"301":2,"302":2,"303":2,"304":2,"305":1,"306":2,"307":2,"308":2,"309":2,"310":2,"311":2,"312":2,"313":2,"314":1,"315":2,"316":2,"317":2,"318":2,"319":2,"320":2,"321":2,"322":2,"323":1,"324":18,"325":1,"326":18,"327":1,"328":18,"329":1,"330":18,"331":18,"332":18,"333":1,"334":2,"335":1,"336":8,"337":1,"338":8,"339":1,"340":8,"341":1,"342":6,"343":6,"344":6,"345":1,"346":18,"347":18,"348":0,"349":18,"350":1,"351":1,"352":1,"353":1,"354":1,"355":1,"356":1,"357":1,"358":0,"359":0,"360":0,"361":0,"362":1,"363":9,"364":9,"365":9,"366":9,"367":36,"368":36,"369":1,"370":1,"371":8,"372":0,"373":1,"374":527,"375":13,"376":0,"377":13,"378":0,"379":0,"380":0,"381":0,"382":0,"383":0,"384":514,"385":0,"386":514,"387":0,"388":0,"389":0,"390":0,"391":0,"392":0,"393":1,"394":52,"395":52,"396":0,"397":52,"398":52,"399":164,"400":52,"401":52,"402":0,"403":1,"404":22,"405":21,"406":1,"407":1,"408":1,"409":0,"410":1,"411":1,"412":1,"413":1,"414":1,"415":1,"416":1,"417":1,"418":1,"419":1,"420":1,"421":20,"422":20,"423":20,"424":20,"425":2,"426":2,"427":2,"428":20,"429":10,"430":10,"431":10,"432":10,"433":10,"434":20,"435":2,"436":2,"437":2,"438":20,"439":3,"440":20,"441":15,"442":20,"443":3,"444":20,"445":160,"446":20,"447":37,"448":20,"449":19,"450":20,"451":0,"452":0,"453":0,"454":0,"455":1,"456":1,"457":1,"458":1,"459":5,"460":1,"461":1,"462":20,"463":1,"464":34,"465":34,"466":0,"467":34,"468":34,"469":34,"470":0,"471":34,"472":34,"473":170,"474":150,"475":34,"476":34,"477":34,"478":218,"479":218,"480":0,"481":1,"482":1,"483":1,"484":1,"485":1,"486":1,"487":1,"488":1,"489":1,"490":20,"491":1,"492":1,"493":1,"494":1,"495":2,"496":1,"497":36,"498":36,"499":36,"500":36,"501":4,"502":28,"503":2,"504":2,"505":2,"506":1,"507":1,"508":2,"509":2,"510":2,"511":1,"512":1,"513":1,"514":30,"515":30,"516":1,"517":4,"518":4,"519":4,"520":1,"521":1,"522":1,"523":1,"524":1,"525":1,"526":1,"527":1,"528":1,"529":5,"530":1,"531":5,"532":1,"533":1,"534":1,"535":1,"536":1,"537":0,"538":1,"539":1,"540":1,"541":1,"542":1,"543":1,"544":1,"545":1,"546":20,"547":20,"548":20,"549":156,"550":156,"551":20,"552":156,"553":156,"554":20,"555":10,"556":10,"557":20,"558":2,"559":2,"560":20,"561":2,"562":2,"563":20,"564":128,"565":20,"566":111,"567":20,"568":21,"569":20,"570":37,"571":20,"572":2,"573":1,"574":1,"575":1,"576":1,"577":1,"578":1,"579":1,"580":1,"581":1,"582":1,"583":1,"584":1,"585":1,"586":1,"587":1,"588":1,"589":1,"590":31,"591":0,"592":31,"593":31,"594":0,"595":0,"596":0,"597":31,"598":1,"599":1,"600":1,"601":1,"602":1},"b":{"1":[11,19],"2":[1,1,1],"3":[5,0],"4":[0,1],"5":[0,12],"6":[0,0],"7":[0,0],"8":[0,0],"9":[0,0],"10":[15,30],"11":[45,45,30,0],"12":[65,1],"13":[25,40],"14":[25,0],"15":[41,25],"16":[1,65],"17":[0,65],"18":[17,0],"19":[0,17],"20":[0,0],"21":[2,26],"22":[9,17],"23":[0,5],"24":[0,12],"25":[0,20],"26":[0,40],"27":[26,48],"28":[2,0],"29":[2,0],"30":[2,0],"31":[2,0],"32":[2,0],"33":[2,0],"34":[9,0],"35":[9,9],"36":[1,35],"37":[13,514],"38":[0,13],"39":[13,0],"40":[0,13],"41":[0,0],"42":[0,0],"43":[0,514],"44":[514,504],"45":[0,514],"46":[0,0],"47":[0,0],"48":[0,52],"49":[52,112],"50":[0,52],"51":[21,1],"52":[0,1],"53":[0,20],"54":[5,5],"55":[0,34],"56":[150,20],"57":[4,28,2,2],"58":[1,1],"59":[1,1],"60":[1,0],"61":[1,0],"62":[1,0],"63":[0,31],"64":[0,31],"65":[0,0]},"f":{"1":1,"2":30,"3":1,"4":1,"5":1,"6":1,"7":1,"8":1,"9":20,"10":10,"11":4,"12":2,"13":12,"14":0,"15":0,"16":0,"17":0,"18":0,"19":17,"20":10,"21":81,"22":66,"23":17,"24":0,"25":20,"26":28,"27":28,"28":26,"29":9,"30":2,"31":0,"32":0,"33":1,"34":5,"35":0,"36":5,"37":0,"38":0,"39":12,"40":12,"41":0,"42":16,"43":1,"44":1,"45":1,"46":20,"47":20,"48":1,"49":1,"50":1,"51":40,"52":0,"53":0,"54":0,"55":0,"56":26,"57":20,"58":74,"59":0,"60":9,"61":0,"62":22,"63":2,"64":2,"65":2,"66":2,"67":2,"68":2,"69":18,"70":18,"71":18,"72":18,"73":2,"74":8,"75":8,"76":8,"77":6,"78":18,"79":1,"80":1,"81":1,"82":0,"83":0,"84":9,"85":527,"86":0,"87":0,"88":52,"89":164,"90":22,"91":1,"92":1,"93":1,"94":1,"95":20,"96":2,"97":10,"98":2,"99":3,"100":15,"101":3,"102":160,"103":37,"104":19,"105":0,"106":1,"107":5,"108":20,"109":34,"110":170,"111":218,"112":1,"113":1,"114":1,"115":20,"116":1,"117":2,"118":36,"119":30,"120":4,"121":1,"122":5,"123":5,"124":1,"125":1,"126":1,"127":20,"128":156,"129":156,"130":10,"131":2,"132":2,"133":128,"134":111,"135":21,"136":37,"137":2,"138":1,"139":1,"140":1,"141":1,"142":1,"143":1,"144":0,"145":31,"146":1,"147":1,"148":1},"fnMap":{"1":{"name":"(anonymous_1)","line":2,"loc":{"start":{"line":2,"column":10},"end":{"line":2,"column":28}}},"2":{"name":"__webpack_require__","line":7,"loc":{"start":{"line":7,"column":10},"end":{"line":7,"column":49}}},"3":{"name":"(anonymous_3)","line":46,"loc":{"start":{"line":46,"column":6},"end":{"line":46,"column":53}}},"4":{"name":"(anonymous_4)","line":49,"loc":{"start":{"line":49,"column":45},"end":{"line":49,"column":61}}},"5":{"name":"__","line":51,"loc":{"start":{"line":51,"column":5},"end":{"line":51,"column":19}}},"6":{"name":"(anonymous_6)","line":69,"loc":{"start":{"line":69,"column":26},"end":{"line":69,"column":44}}},"7":{"name":"JSDOMEventEmitter","line":71,"loc":{"start":{"line":71,"column":5},"end":{"line":71,"column":34}}},"8":{"name":"(anonymous_8)","line":82,"loc":{"start":{"line":82,"column":30},"end":{"line":82,"column":42}}},"9":{"name":"AngularServerRenderer","line":83,"loc":{"start":{"line":83,"column":5},"end":{"line":83,"column":44}}},"10":{"name":"(anonymous_10)","line":86,"loc":{"start":{"line":86,"column":36},"end":{"line":86,"column":60}}},"11":{"name":"(anonymous_11)","line":94,"loc":{"start":{"line":94,"column":39},"end":{"line":94,"column":51}}},"12":{"name":"(anonymous_12)","line":97,"loc":{"start":{"line":97,"column":37},"end":{"line":97,"column":49}}},"13":{"name":"(anonymous_13)","line":100,"loc":{"start":{"line":100,"column":24},"end":{"line":100,"column":52}}},"14":{"name":"(anonymous_14)","line":122,"loc":{"start":{"line":122,"column":27},"end":{"line":122,"column":39}}},"15":{"name":"(anonymous_15)","line":124,"loc":{"start":{"line":124,"column":20},"end":{"line":124,"column":46}}},"16":{"name":"(anonymous_16)","line":136,"loc":{"start":{"line":136,"column":28},"end":{"line":136,"column":44}}},"17":{"name":"(anonymous_17)","line":138,"loc":{"start":{"line":138,"column":57},"end":{"line":138,"column":75}}},"18":{"name":"(anonymous_18)","line":143,"loc":{"start":{"line":143,"column":28},"end":{"line":143,"column":46}}},"19":{"name":"(anonymous_19)","line":157,"loc":{"start":{"line":157,"column":33},"end":{"line":157,"column":59}}},"20":{"name":"(anonymous_20)","line":162,"loc":{"start":{"line":162,"column":50},"end":{"line":162,"column":67}}},"21":{"name":"(anonymous_21)","line":171,"loc":{"start":{"line":171,"column":33},"end":{"line":171,"column":63}}},"22":{"name":"(anonymous_22)","line":196,"loc":{"start":{"line":196,"column":42},"end":{"line":196,"column":73}}},"23":{"name":"(anonymous_23)","line":215,"loc":{"start":{"line":215,"column":26},"end":{"line":215,"column":51}}},"24":{"name":"(anonymous_24)","line":221,"loc":{"start":{"line":221,"column":23},"end":{"line":221,"column":48}}},"25":{"name":"(anonymous_25)","line":236,"loc":{"start":{"line":236,"column":43},"end":{"line":236,"column":58}}},"26":{"name":"(anonymous_26)","line":242,"loc":{"start":{"line":242,"column":23},"end":{"line":242,"column":44}}},"27":{"name":"(anonymous_27)","line":245,"loc":{"start":{"line":245,"column":46},"end":{"line":245,"column":73}}},"28":{"name":"(anonymous_28)","line":254,"loc":{"start":{"line":254,"column":48},"end":{"line":254,"column":68}}},"29":{"name":"(anonymous_29)","line":258,"loc":{"start":{"line":258,"column":54},"end":{"line":258,"column":69}}},"30":{"name":"(anonymous_30)","line":265,"loc":{"start":{"line":265,"column":101},"end":{"line":265,"column":118}}},"31":{"name":"(anonymous_31)","line":270,"loc":{"start":{"line":270,"column":109},"end":{"line":270,"column":126}}},"32":{"name":"(anonymous_32)","line":274,"loc":{"start":{"line":274,"column":106},"end":{"line":274,"column":123}}},"33":{"name":"(anonymous_33)","line":278,"loc":{"start":{"line":278,"column":105},"end":{"line":278,"column":122}}},"34":{"name":"(anonymous_34)","line":283,"loc":{"start":{"line":283,"column":62},"end":{"line":283,"column":74}}},"35":{"name":"(anonymous_35)","line":289,"loc":{"start":{"line":289,"column":61},"end":{"line":289,"column":76}}},"36":{"name":"(anonymous_36)","line":293,"loc":{"start":{"line":293,"column":36},"end":{"line":293,"column":51}}},"37":{"name":"(anonymous_37)","line":298,"loc":{"start":{"line":298,"column":81},"end":{"line":298,"column":102}}},"38":{"name":"(anonymous_38)","line":301,"loc":{"start":{"line":301,"column":61},"end":{"line":301,"column":73}}},"39":{"name":"(anonymous_39)","line":308,"loc":{"start":{"line":308,"column":63},"end":{"line":308,"column":75}}},"40":{"name":"(anonymous_40)","line":315,"loc":{"start":{"line":315,"column":69},"end":{"line":315,"column":92}}},"41":{"name":"(anonymous_41)","line":320,"loc":{"start":{"line":320,"column":36},"end":{"line":320,"column":51}}},"42":{"name":"(anonymous_42)","line":327,"loc":{"start":{"line":327,"column":63},"end":{"line":327,"column":75}}},"43":{"name":"(anonymous_43)","line":347,"loc":{"start":{"line":347,"column":6},"end":{"line":347,"column":32}}},"44":{"name":"(anonymous_44)","line":353,"loc":{"start":{"line":353,"column":6},"end":{"line":353,"column":53}}},"45":{"name":"(anonymous_45)","line":362,"loc":{"start":{"line":362,"column":21},"end":{"line":362,"column":33}}},"46":{"name":"EngineConfig","line":363,"loc":{"start":{"line":363,"column":5},"end":{"line":363,"column":35}}},"47":{"name":"(anonymous_47)","line":381,"loc":{"start":{"line":381,"column":52},"end":{"line":381,"column":64}}},"48":{"name":"(anonymous_48)","line":393,"loc":{"start":{"line":393,"column":6},"end":{"line":393,"column":32}}},"49":{"name":"(anonymous_49)","line":399,"loc":{"start":{"line":399,"column":6},"end":{"line":399,"column":53}}},"50":{"name":"(anonymous_50)","line":407,"loc":{"start":{"line":407,"column":20},"end":{"line":407,"column":32}}},"51":{"name":"CacheConfig","line":408,"loc":{"start":{"line":408,"column":5},"end":{"line":408,"column":28}}},"52":{"name":"(anonymous_52)","line":423,"loc":{"start":{"line":423,"column":42},"end":{"line":423,"column":60}}},"53":{"name":"(anonymous_53)","line":427,"loc":{"start":{"line":427,"column":47},"end":{"line":427,"column":63}}},"54":{"name":"(anonymous_54)","line":430,"loc":{"start":{"line":430,"column":47},"end":{"line":430,"column":63}}},"55":{"name":"(anonymous_55)","line":433,"loc":{"start":{"line":433,"column":46},"end":{"line":433,"column":62}}},"56":{"name":"(anonymous_56)","line":437,"loc":{"start":{"line":437,"column":44},"end":{"line":437,"column":56}}},"57":{"name":"(anonymous_57)","line":440,"loc":{"start":{"line":440,"column":51},"end":{"line":440,"column":67}}},"58":{"name":"(anonymous_58)","line":443,"loc":{"start":{"line":443,"column":40},"end":{"line":443,"column":52}}},"59":{"name":"(anonymous_59)","line":449,"loc":{"start":{"line":449,"column":44},"end":{"line":449,"column":59}}},"60":{"name":"(anonymous_60)","line":454,"loc":{"start":{"line":454,"column":47},"end":{"line":454,"column":59}}},"61":{"name":"(anonymous_61)","line":458,"loc":{"start":{"line":458,"column":46},"end":{"line":458,"column":64}}},"62":{"name":"(anonymous_62)","line":463,"loc":{"start":{"line":463,"column":40},"end":{"line":463,"column":55}}},"63":{"name":"(anonymous_63)","line":469,"loc":{"start":{"line":469,"column":43},"end":{"line":469,"column":67}}},"64":{"name":"(anonymous_64)","line":475,"loc":{"start":{"line":475,"column":43},"end":{"line":475,"column":59}}},"65":{"name":"(anonymous_65)","line":481,"loc":{"start":{"line":481,"column":42},"end":{"line":481,"column":58}}},"66":{"name":"(anonymous_66)","line":487,"loc":{"start":{"line":487,"column":46},"end":{"line":487,"column":62}}},"67":{"name":"(anonymous_67)","line":501,"loc":{"start":{"line":501,"column":46},"end":{"line":501,"column":62}}},"68":{"name":"(anonymous_68)","line":515,"loc":{"start":{"line":515,"column":45},"end":{"line":515,"column":61}}},"69":{"name":"(anonymous_69)","line":529,"loc":{"start":{"line":529,"column":50},"end":{"line":529,"column":62}}},"70":{"name":"(anonymous_70)","line":533,"loc":{"start":{"line":533,"column":50},"end":{"line":533,"column":62}}},"71":{"name":"(anonymous_71)","line":537,"loc":{"start":{"line":537,"column":49},"end":{"line":537,"column":61}}},"72":{"name":"(anonymous_72)","line":541,"loc":{"start":{"line":541,"column":44},"end":{"line":541,"column":56}}},"73":{"name":"(anonymous_73)","line":547,"loc":{"start":{"line":547,"column":40},"end":{"line":547,"column":52}}},"74":{"name":"(anonymous_74)","line":551,"loc":{"start":{"line":551,"column":44},"end":{"line":551,"column":56}}},"75":{"name":"(anonymous_75)","line":555,"loc":{"start":{"line":555,"column":44},"end":{"line":555,"column":56}}},"76":{"name":"(anonymous_76)","line":559,"loc":{"start":{"line":559,"column":43},"end":{"line":559,"column":55}}},"77":{"name":"(anonymous_77)","line":563,"loc":{"start":{"line":563,"column":41},"end":{"line":563,"column":57}}},"78":{"name":"(anonymous_78)","line":568,"loc":{"start":{"line":568,"column":40},"end":{"line":568,"column":62}}},"79":{"name":"(anonymous_79)","line":583,"loc":{"start":{"line":583,"column":6},"end":{"line":583,"column":32}}},"80":{"name":"(anonymous_80)","line":589,"loc":{"start":{"line":589,"column":6},"end":{"line":589,"column":53}}},"81":{"name":"(anonymous_81)","line":593,"loc":{"start":{"line":593,"column":16},"end":{"line":593,"column":28}}},"82":{"name":"Helpers","line":594,"loc":{"start":{"line":594,"column":5},"end":{"line":594,"column":24}}},"83":{"name":"(anonymous_83)","line":596,"loc":{"start":{"line":596,"column":21},"end":{"line":596,"column":33}}},"84":{"name":"(anonymous_84)","line":603,"loc":{"start":{"line":603,"column":25},"end":{"line":603,"column":43}}},"85":{"name":"(anonymous_85)","line":618,"loc":{"start":{"line":618,"column":25},"end":{"line":618,"column":48}}},"86":{"name":"(anonymous_86)","line":625,"loc":{"start":{"line":625,"column":30},"end":{"line":625,"column":46}}},"87":{"name":"(anonymous_87)","line":641,"loc":{"start":{"line":641,"column":30},"end":{"line":641,"column":46}}},"88":{"name":"(anonymous_88)","line":652,"loc":{"start":{"line":652,"column":24},"end":{"line":652,"column":54}}},"89":{"name":"(anonymous_89)","line":658,"loc":{"start":{"line":658,"column":29},"end":{"line":658,"column":45}}},"90":{"name":"(anonymous_90)","line":667,"loc":{"start":{"line":667,"column":26},"end":{"line":667,"column":58}}},"91":{"name":"(anonymous_91)","line":672,"loc":{"start":{"line":672,"column":25},"end":{"line":672,"column":41}}},"92":{"name":"(anonymous_92)","line":686,"loc":{"start":{"line":686,"column":6},"end":{"line":686,"column":32}}},"93":{"name":"(anonymous_93)","line":692,"loc":{"start":{"line":692,"column":6},"end":{"line":692,"column":53}}},"94":{"name":"(anonymous_94)","line":700,"loc":{"start":{"line":700,"column":18},"end":{"line":700,"column":30}}},"95":{"name":"LogConfig","line":701,"loc":{"start":{"line":701,"column":5},"end":{"line":701,"column":26}}},"96":{"name":"(anonymous_96)","line":713,"loc":{"start":{"line":713,"column":28},"end":{"line":713,"column":44}}},"97":{"name":"(anonymous_97)","line":718,"loc":{"start":{"line":718,"column":30},"end":{"line":718,"column":61}}},"98":{"name":"(anonymous_98)","line":725,"loc":{"start":{"line":725,"column":34},"end":{"line":725,"column":50}}},"99":{"name":"(anonymous_99)","line":730,"loc":{"start":{"line":730,"column":28},"end":{"line":730,"column":40}}},"100":{"name":"(anonymous_100)","line":733,"loc":{"start":{"line":733,"column":30},"end":{"line":733,"column":45}}},"101":{"name":"(anonymous_101)","line":736,"loc":{"start":{"line":736,"column":34},"end":{"line":736,"column":46}}},"102":{"name":"(anonymous_102)","line":739,"loc":{"start":{"line":739,"column":27},"end":{"line":739,"column":42}}},"103":{"name":"(anonymous_103)","line":742,"loc":{"start":{"line":742,"column":33},"end":{"line":742,"column":45}}},"104":{"name":"(anonymous_104)","line":745,"loc":{"start":{"line":745,"column":26},"end":{"line":745,"column":38}}},"105":{"name":"(anonymous_105)","line":748,"loc":{"start":{"line":748,"column":20},"end":{"line":748,"column":32}}},"106":{"name":"(anonymous_106)","line":756,"loc":{"start":{"line":756,"column":40},"end":{"line":756,"column":58}}},"107":{"name":"(anonymous_107)","line":759,"loc":{"start":{"line":759,"column":59},"end":{"line":759,"column":74}}},"108":{"name":"(anonymous_108)","line":764,"loc":{"start":{"line":764,"column":49},"end":{"line":764,"column":65}}},"109":{"name":"(anonymous_109)","line":767,"loc":{"start":{"line":767,"column":38},"end":{"line":767,"column":50}}},"110":{"name":"(anonymous_110)","line":780,"loc":{"start":{"line":780,"column":59},"end":{"line":780,"column":75}}},"111":{"name":"(anonymous_111)","line":787,"loc":{"start":{"line":787,"column":23},"end":{"line":787,"column":39}}},"112":{"name":"(anonymous_112)","line":805,"loc":{"start":{"line":805,"column":6},"end":{"line":805,"column":32}}},"113":{"name":"(anonymous_113)","line":811,"loc":{"start":{"line":811,"column":6},"end":{"line":811,"column":53}}},"114":{"name":"(anonymous_114)","line":817,"loc":{"start":{"line":817,"column":21},"end":{"line":817,"column":33}}},"115":{"name":"RenderConfig","line":818,"loc":{"start":{"line":818,"column":5},"end":{"line":818,"column":29}}},"116":{"name":"(anonymous_116)","line":824,"loc":{"start":{"line":824,"column":43},"end":{"line":824,"column":61}}},"117":{"name":"(anonymous_117)","line":827,"loc":{"start":{"line":827,"column":30},"end":{"line":827,"column":46}}},"118":{"name":"(anonymous_118)","line":831,"loc":{"start":{"line":831,"column":43},"end":{"line":831,"column":58}}},"119":{"name":"(anonymous_119)","line":859,"loc":{"start":{"line":859,"column":42},"end":{"line":859,"column":62}}},"120":{"name":"(anonymous_120)","line":864,"loc":{"start":{"line":864,"column":38},"end":{"line":864,"column":54}}},"121":{"name":"(anonymous_121)","line":870,"loc":{"start":{"line":870,"column":41},"end":{"line":870,"column":57}}},"122":{"name":"(anonymous_122)","line":883,"loc":{"start":{"line":883,"column":42},"end":{"line":883,"column":54}}},"123":{"name":"(anonymous_123)","line":887,"loc":{"start":{"line":887,"column":39},"end":{"line":887,"column":51}}},"124":{"name":"(anonymous_124)","line":891,"loc":{"start":{"line":891,"column":38},"end":{"line":891,"column":54}}},"125":{"name":"(anonymous_125)","line":909,"loc":{"start":{"line":909,"column":6},"end":{"line":909,"column":53}}},"126":{"name":"(anonymous_126)","line":915,"loc":{"start":{"line":915,"column":21},"end":{"line":915,"column":33}}},"127":{"name":"ServerConfig","line":916,"loc":{"start":{"line":916,"column":5},"end":{"line":916,"column":29}}},"128":{"name":"(anonymous_128)","line":925,"loc":{"start":{"line":925,"column":26},"end":{"line":925,"column":44}}},"129":{"name":"(anonymous_129)","line":929,"loc":{"start":{"line":929,"column":24},"end":{"line":929,"column":40}}},"130":{"name":"(anonymous_130)","line":933,"loc":{"start":{"line":933,"column":27},"end":{"line":933,"column":46}}},"131":{"name":"(anonymous_131)","line":937,"loc":{"start":{"line":937,"column":25},"end":{"line":937,"column":42}}},"132":{"name":"(anonymous_132)","line":941,"loc":{"start":{"line":941,"column":24},"end":{"line":941,"column":40}}},"133":{"name":"(anonymous_133)","line":945,"loc":{"start":{"line":945,"column":26},"end":{"line":945,"column":38}}},"134":{"name":"(anonymous_134)","line":948,"loc":{"start":{"line":948,"column":24},"end":{"line":948,"column":36}}},"135":{"name":"(anonymous_135)","line":951,"loc":{"start":{"line":951,"column":27},"end":{"line":951,"column":39}}},"136":{"name":"(anonymous_136)","line":954,"loc":{"start":{"line":954,"column":25},"end":{"line":954,"column":37}}},"137":{"name":"(anonymous_137)","line":957,"loc":{"start":{"line":957,"column":24},"end":{"line":957,"column":36}}},"138":{"name":"(anonymous_138)","line":961,"loc":{"start":{"line":961,"column":43},"end":{"line":961,"column":61}}},"139":{"name":"(anonymous_139)","line":976,"loc":{"start":{"line":976,"column":6},"end":{"line":976,"column":32}}},"140":{"name":"(anonymous_140)","line":982,"loc":{"start":{"line":982,"column":6},"end":{"line":982,"column":32}}},"141":{"name":"(anonymous_141)","line":988,"loc":{"start":{"line":988,"column":6},"end":{"line":988,"column":32}}},"142":{"name":"(anonymous_142)","line":994,"loc":{"start":{"line":994,"column":6},"end":{"line":994,"column":32}}},"143":{"name":"(anonymous_143)","line":1017,"loc":{"start":{"line":1017,"column":17},"end":{"line":1017,"column":29}}},"144":{"name":"Response","line":1018,"loc":{"start":{"line":1018,"column":5},"end":{"line":1018,"column":25}}},"145":{"name":"(anonymous_145)","line":1020,"loc":{"start":{"line":1020,"column":21},"end":{"line":1020,"column":56}}},"146":{"name":"(anonymous_146)","line":1047,"loc":{"start":{"line":1047,"column":6},"end":{"line":1047,"column":32}}},"147":{"name":"(anonymous_147)","line":1053,"loc":{"start":{"line":1053,"column":6},"end":{"line":1053,"column":32}}},"148":{"name":"(anonymous_148)","line":1059,"loc":{"start":{"line":1059,"column":6},"end":{"line":1059,"column":32}}}},"statementMap":{"1":{"start":{"line":1,"column":0},"end":{"line":1064,"column":12}},"2":{"start":{"line":4,"column":10},"end":{"line":4,"column":36}},"3":{"start":{"line":7,"column":10},"end":{"line":28,"column":11}},"4":{"start":{"line":10,"column":11},"end":{"line":11,"column":54}},"5":{"start":{"line":11,"column":12},"end":{"line":11,"column":54}},"6":{"start":{"line":14,"column":11},"end":{"line":18,"column":13}},"7":{"start":{"line":21,"column":11},"end":{"line":21,"column":95}},"8":{"start":{"line":24,"column":11},"end":{"line":24,"column":32}},"9":{"start":{"line":27,"column":11},"end":{"line":27,"column":33}},"10":{"start":{"line":32,"column":10},"end":{"line":32,"column":42}},"11":{"start":{"line":35,"column":10},"end":{"line":35,"column":51}},"12":{"start":{"line":38,"column":10},"end":{"line":38,"column":37}},"13":{"start":{"line":41,"column":10},"end":{"line":41,"column":40}},"14":{"start":{"line":49,"column":1},"end":{"line":53,"column":3}},"15":{"start":{"line":50,"column":5},"end":{"line":50,"column":59}},"16":{"start":{"line":50,"column":22},"end":{"line":50,"column":59}},"17":{"start":{"line":50,"column":47},"end":{"line":50,"column":59}},"18":{"start":{"line":51,"column":5},"end":{"line":51,"column":44}},"19":{"start":{"line":51,"column":21},"end":{"line":51,"column":42}},"20":{"start":{"line":52,"column":5},"end":{"line":52,"column":90}},"21":{"start":{"line":54,"column":1},"end":{"line":54,"column":36}},"22":{"start":{"line":55,"column":1},"end":{"line":55,"column":45}},"23":{"start":{"line":56,"column":1},"end":{"line":56,"column":35}},"24":{"start":{"line":57,"column":1},"end":{"line":57,"column":34}},"25":{"start":{"line":58,"column":1},"end":{"line":58,"column":45}},"26":{"start":{"line":59,"column":1},"end":{"line":59,"column":48}},"27":{"start":{"line":60,"column":1},"end":{"line":60,"column":50}},"28":{"start":{"line":61,"column":1},"end":{"line":61,"column":42}},"29":{"start":{"line":62,"column":1},"end":{"line":62,"column":38}},"30":{"start":{"line":63,"column":1},"end":{"line":63,"column":36}},"31":{"start":{"line":64,"column":1},"end":{"line":64,"column":40}},"32":{"start":{"line":65,"column":1},"end":{"line":67,"column":4}},"33":{"start":{"line":68,"column":1},"end":{"line":68,"column":39}},"34":{"start":{"line":69,"column":1},"end":{"line":75,"column":25}},"35":{"start":{"line":70,"column":5},"end":{"line":70,"column":42}},"36":{"start":{"line":71,"column":5},"end":{"line":73,"column":6}},"37":{"start":{"line":72,"column":9},"end":{"line":72,"column":39}},"38":{"start":{"line":74,"column":5},"end":{"line":74,"column":30}},"39":{"start":{"line":76,"column":1},"end":{"line":81,"column":3}},"40":{"start":{"line":82,"column":1},"end":{"line":340,"column":6}},"41":{"start":{"line":83,"column":5},"end":{"line":337,"column":6}},"42":{"start":{"line":84,"column":9},"end":{"line":84,"column":26}},"43":{"start":{"line":85,"column":9},"end":{"line":85,"column":37}},"44":{"start":{"line":86,"column":9},"end":{"line":93,"column":11}},"45":{"start":{"line":87,"column":13},"end":{"line":87,"column":68}},"46":{"start":{"line":88,"column":13},"end":{"line":88,"column":60}},"47":{"start":{"line":89,"column":13},"end":{"line":92,"column":16}},"48":{"start":{"line":94,"column":9},"end":{"line":96,"column":11}},"49":{"start":{"line":95,"column":13},"end":{"line":95,"column":42}},"50":{"start":{"line":97,"column":9},"end":{"line":99,"column":11}},"51":{"start":{"line":98,"column":13},"end":{"line":98,"column":44}},"52":{"start":{"line":100,"column":9},"end":{"line":121,"column":11}},"53":{"start":{"line":101,"column":13},"end":{"line":101,"column":36}},"54":{"start":{"line":102,"column":13},"end":{"line":102,"column":75}},"55":{"start":{"line":103,"column":13},"end":{"line":103,"column":49}},"56":{"start":{"line":104,"column":13},"end":{"line":104,"column":28}},"57":{"start":{"line":105,"column":13},"end":{"line":107,"column":14}},"58":{"start":{"line":106,"column":17},"end":{"line":106,"column":43}},"59":{"start":{"line":108,"column":13},"end":{"line":108,"column":66}},"60":{"start":{"line":109,"column":13},"end":{"line":118,"column":14}},"61":{"start":{"line":110,"column":17},"end":{"line":110,"column":78}},"62":{"start":{"line":111,"column":17},"end":{"line":111,"column":75}},"63":{"start":{"line":112,"column":17},"end":{"line":115,"column":106}},"64":{"start":{"line":116,"column":17},"end":{"line":116,"column":57}},"65":{"start":{"line":117,"column":17},"end":{"line":117,"column":58}},"66":{"start":{"line":119,"column":13},"end":{"line":119,"column":58}},"67":{"start":{"line":120,"column":13},"end":{"line":120,"column":25}},"68":{"start":{"line":122,"column":9},"end":{"line":156,"column":11}},"69":{"start":{"line":123,"column":13},"end":{"line":123,"column":30}},"70":{"start":{"line":124,"column":13},"end":{"line":155,"column":15}},"71":{"start":{"line":125,"column":17},"end":{"line":125,"column":63}},"72":{"start":{"line":126,"column":17},"end":{"line":128,"column":18}},"73":{"start":{"line":127,"column":21},"end":{"line":127,"column":28}},"74":{"start":{"line":129,"column":17},"end":{"line":131,"column":18}},"75":{"start":{"line":130,"column":21},"end":{"line":130,"column":28}},"76":{"start":{"line":132,"column":17},"end":{"line":134,"column":18}},"77":{"start":{"line":133,"column":21},"end":{"line":133,"column":28}},"78":{"start":{"line":135,"column":17},"end":{"line":135,"column":47}},"79":{"start":{"line":136,"column":17},"end":{"line":153,"column":19}},"80":{"start":{"line":137,"column":21},"end":{"line":152,"column":22}},"81":{"start":{"line":138,"column":25},"end":{"line":148,"column":28}},"82":{"start":{"line":139,"column":29},"end":{"line":139,"column":71}},"83":{"start":{"line":140,"column":29},"end":{"line":140,"column":51}},"84":{"start":{"line":141,"column":29},"end":{"line":141,"column":45}},"85":{"start":{"line":142,"column":29},"end":{"line":142,"column":68}},"86":{"start":{"line":144,"column":29},"end":{"line":144,"column":64}},"87":{"start":{"line":145,"column":29},"end":{"line":145,"column":45}},"88":{"start":{"line":146,"column":29},"end":{"line":146,"column":51}},"89":{"start":{"line":147,"column":29},"end":{"line":147,"column":68}},"90":{"start":{"line":151,"column":25},"end":{"line":151,"column":57}},"91":{"start":{"line":154,"column":17},"end":{"line":154,"column":24}},"92":{"start":{"line":157,"column":9},"end":{"line":235,"column":11}},"93":{"start":{"line":158,"column":13},"end":{"line":158,"column":36}},"94":{"start":{"line":159,"column":13},"end":{"line":159,"column":99}},"95":{"start":{"line":160,"column":13},"end":{"line":160,"column":41}},"96":{"start":{"line":161,"column":13},"end":{"line":161,"column":68}},"97":{"start":{"line":162,"column":13},"end":{"line":165,"column":16}},"98":{"start":{"line":163,"column":17},"end":{"line":163,"column":96}},"99":{"start":{"line":164,"column":17},"end":{"line":164,"column":67}},"100":{"start":{"line":166,"column":13},"end":{"line":227,"column":16}},"101":{"start":{"line":172,"column":21},"end":{"line":172,"column":58}},"102":{"start":{"line":173,"column":21},"end":{"line":173,"column":42}},"103":{"start":{"line":174,"column":21},"end":{"line":180,"column":22}},"104":{"start":{"line":175,"column":25},"end":{"line":175,"column":71}},"105":{"start":{"line":176,"column":25},"end":{"line":176,"column":85}},"106":{"start":{"line":177,"column":25},"end":{"line":179,"column":26}},"107":{"start":{"line":178,"column":29},"end":{"line":178,"column":77}},"108":{"start":{"line":181,"column":21},"end":{"line":181,"column":41}},"109":{"start":{"line":182,"column":21},"end":{"line":182,"column":81}},"110":{"start":{"line":183,"column":21},"end":{"line":192,"column":22}},"111":{"start":{"line":184,"column":25},"end":{"line":191,"column":26}},"112":{"start":{"line":185,"column":29},"end":{"line":185,"column":69}},"113":{"start":{"line":186,"column":29},"end":{"line":186,"column":59}},"114":{"start":{"line":187,"column":29},"end":{"line":190,"column":30}},"115":{"start":{"line":188,"column":33},"end":{"line":188,"column":162}},"116":{"start":{"line":189,"column":33},"end":{"line":189,"column":66}},"117":{"start":{"line":193,"column":21},"end":{"line":195,"column":22}},"118":{"start":{"line":194,"column":25},"end":{"line":194,"column":54}},"119":{"start":{"line":196,"column":21},"end":{"line":206,"column":24}},"120":{"start":{"line":197,"column":25},"end":{"line":200,"column":26}},"121":{"start":{"line":198,"column":29},"end":{"line":198,"column":110}},"122":{"start":{"line":199,"column":29},"end":{"line":199,"column":36}},"123":{"start":{"line":201,"column":25},"end":{"line":204,"column":26}},"124":{"start":{"line":202,"column":29},"end":{"line":202,"column":115}},"125":{"start":{"line":203,"column":29},"end":{"line":203,"column":36}},"126":{"start":{"line":205,"column":25},"end":{"line":205,"column":53}},"127":{"start":{"line":216,"column":21},"end":{"line":219,"column":22}},"128":{"start":{"line":217,"column":25},"end":{"line":217,"column":62}},"129":{"start":{"line":218,"column":25},"end":{"line":218,"column":112}},"130":{"start":{"line":222,"column":21},"end":{"line":225,"column":22}},"131":{"start":{"line":223,"column":25},"end":{"line":223,"column":59}},"132":{"start":{"line":224,"column":25},"end":{"line":224,"column":109}},"133":{"start":{"line":228,"column":13},"end":{"line":234,"column":16}},"134":{"start":{"line":236,"column":9},"end":{"line":241,"column":11}},"135":{"start":{"line":237,"column":13},"end":{"line":237,"column":99}},"136":{"start":{"line":238,"column":13},"end":{"line":238,"column":107}},"137":{"start":{"line":239,"column":13},"end":{"line":239,"column":104}},"138":{"start":{"line":240,"column":13},"end":{"line":240,"column":103}},"139":{"start":{"line":242,"column":9},"end":{"line":334,"column":11}},"140":{"start":{"line":243,"column":13},"end":{"line":243,"column":56}},"141":{"start":{"line":244,"column":13},"end":{"line":244,"column":57}},"142":{"start":{"line":245,"column":13},"end":{"line":333,"column":16}},"143":{"start":{"line":246,"column":17},"end":{"line":246,"column":34}},"144":{"start":{"line":247,"column":17},"end":{"line":247,"column":70}},"145":{"start":{"line":248,"column":17},"end":{"line":332,"column":18}},"146":{"start":{"line":249,"column":21},"end":{"line":249,"column":79}},"147":{"start":{"line":250,"column":21},"end":{"line":250,"column":120}},"148":{"start":{"line":253,"column":21},"end":{"line":253,"column":83}},"149":{"start":{"line":254,"column":21},"end":{"line":331,"column":24}},"150":{"start":{"line":255,"column":25},"end":{"line":255,"column":68}},"151":{"start":{"line":256,"column":25},"end":{"line":330,"column":26}},"152":{"start":{"line":257,"column":29},"end":{"line":257,"column":62}},"153":{"start":{"line":258,"column":29},"end":{"line":260,"column":32}},"154":{"start":{"line":259,"column":33},"end":{"line":259,"column":130}},"155":{"start":{"line":263,"column":29},"end":{"line":263,"column":53}},"156":{"start":{"line":264,"column":29},"end":{"line":264,"column":51}},"157":{"start":{"line":265,"column":29},"end":{"line":269,"column":32}},"158":{"start":{"line":266,"column":33},"end":{"line":266,"column":79}},"159":{"start":{"line":267,"column":33},"end":{"line":267,"column":73}},"160":{"start":{"line":268,"column":33},"end":{"line":268,"column":134}},"161":{"start":{"line":270,"column":29},"end":{"line":273,"column":32}},"162":{"start":{"line":271,"column":33},"end":{"line":271,"column":73}},"163":{"start":{"line":272,"column":33},"end":{"line":272,"column":134}},"164":{"start":{"line":274,"column":29},"end":{"line":277,"column":32}},"165":{"start":{"line":275,"column":33},"end":{"line":275,"column":73}},"166":{"start":{"line":276,"column":33},"end":{"line":276,"column":134}},"167":{"start":{"line":278,"column":29},"end":{"line":281,"column":32}},"168":{"start":{"line":279,"column":33},"end":{"line":279,"column":73}},"169":{"start":{"line":280,"column":33},"end":{"line":280,"column":138}},"170":{"start":{"line":282,"column":29},"end":{"line":282,"column":85}},"171":{"start":{"line":283,"column":29},"end":{"line":297,"column":66}},"172":{"start":{"line":284,"column":33},"end":{"line":285,"column":44}},"173":{"start":{"line":285,"column":37},"end":{"line":285,"column":44}},"174":{"start":{"line":286,"column":33},"end":{"line":286,"column":63}},"175":{"start":{"line":287,"column":33},"end":{"line":287,"column":52}},"176":{"start":{"line":288,"column":33},"end":{"line":288,"column":73}},"177":{"start":{"line":289,"column":33},"end":{"line":296,"column":36}},"178":{"start":{"line":290,"column":37},"end":{"line":290,"column":62}},"179":{"start":{"line":291,"column":37},"end":{"line":291,"column":134}},"180":{"start":{"line":292,"column":37},"end":{"line":292,"column":54}},"181":{"start":{"line":294,"column":37},"end":{"line":294,"column":134}},"182":{"start":{"line":295,"column":37},"end":{"line":295,"column":54}},"183":{"start":{"line":298,"column":29},"end":{"line":307,"column":32}},"184":{"start":{"line":299,"column":33},"end":{"line":299,"column":52}},"185":{"start":{"line":300,"column":33},"end":{"line":300,"column":73}},"186":{"start":{"line":301,"column":33},"end":{"line":306,"column":36}},"187":{"start":{"line":302,"column":37},"end":{"line":302,"column":108}},"188":{"start":{"line":303,"column":37},"end":{"line":303,"column":138}},"189":{"start":{"line":304,"column":37},"end":{"line":304,"column":54}},"190":{"start":{"line":305,"column":37},"end":{"line":305,"column":56}},"191":{"start":{"line":308,"column":29},"end":{"line":326,"column":32}},"192":{"start":{"line":309,"column":33},"end":{"line":309,"column":60}},"193":{"start":{"line":310,"column":33},"end":{"line":311,"column":44}},"194":{"start":{"line":311,"column":37},"end":{"line":311,"column":44}},"195":{"start":{"line":312,"column":33},"end":{"line":312,"column":52}},"196":{"start":{"line":313,"column":33},"end":{"line":313,"column":95}},"197":{"start":{"line":314,"column":33},"end":{"line":314,"column":73}},"198":{"start":{"line":315,"column":33},"end":{"line":325,"column":36}},"199":{"start":{"line":316,"column":37},"end":{"line":316,"column":83}},"200":{"start":{"line":317,"column":37},"end":{"line":317,"column":137}},"201":{"start":{"line":318,"column":37},"end":{"line":318,"column":54}},"202":{"start":{"line":319,"column":37},"end":{"line":319,"column":56}},"203":{"start":{"line":321,"column":37},"end":{"line":321,"column":87}},"204":{"start":{"line":322,"column":37},"end":{"line":322,"column":137}},"205":{"start":{"line":323,"column":37},"end":{"line":323,"column":54}},"206":{"start":{"line":324,"column":37},"end":{"line":324,"column":56}},"207":{"start":{"line":327,"column":29},"end":{"line":329,"column":32}},"208":{"start":{"line":328,"column":33},"end":{"line":328,"column":73}},"209":{"start":{"line":335,"column":9},"end":{"line":335,"column":58}},"210":{"start":{"line":336,"column":9},"end":{"line":336,"column":75}},"211":{"start":{"line":338,"column":5},"end":{"line":338,"column":66}},"212":{"start":{"line":339,"column":5},"end":{"line":339,"column":34}},"213":{"start":{"line":342,"column":1},"end":{"line":342,"column":40}},"214":{"start":{"line":349,"column":1},"end":{"line":349,"column":35}},"215":{"start":{"line":356,"column":1},"end":{"line":356,"column":35}},"216":{"start":{"line":357,"column":1},"end":{"line":357,"column":39}},"217":{"start":{"line":358,"column":1},"end":{"line":358,"column":38}},"218":{"start":{"line":359,"column":1},"end":{"line":359,"column":36}},"219":{"start":{"line":360,"column":1},"end":{"line":360,"column":40}},"220":{"start":{"line":361,"column":1},"end":{"line":361,"column":40}},"221":{"start":{"line":362,"column":1},"end":{"line":386,"column":6}},"222":{"start":{"line":363,"column":5},"end":{"line":380,"column":6}},"223":{"start":{"line":364,"column":9},"end":{"line":364,"column":44}},"224":{"start":{"line":365,"column":9},"end":{"line":365,"column":48}},"225":{"start":{"line":366,"column":9},"end":{"line":366,"column":46}},"226":{"start":{"line":367,"column":9},"end":{"line":367,"column":40}},"227":{"start":{"line":368,"column":9},"end":{"line":368,"column":46}},"228":{"start":{"line":369,"column":9},"end":{"line":375,"column":10}},"229":{"start":{"line":370,"column":13},"end":{"line":370,"column":53}},"230":{"start":{"line":371,"column":13},"end":{"line":371,"column":53}},"231":{"start":{"line":372,"column":13},"end":{"line":372,"column":51}},"232":{"start":{"line":373,"column":13},"end":{"line":373,"column":59}},"233":{"start":{"line":374,"column":13},"end":{"line":374,"column":47}},"234":{"start":{"line":376,"column":9},"end":{"line":376,"column":38}},"235":{"start":{"line":377,"column":9},"end":{"line":377,"column":33}},"236":{"start":{"line":378,"column":9},"end":{"line":378,"column":37}},"237":{"start":{"line":379,"column":9},"end":{"line":379,"column":31}},"238":{"start":{"line":381,"column":5},"end":{"line":384,"column":7}},"239":{"start":{"line":382,"column":9},"end":{"line":382,"column":48}},"240":{"start":{"line":383,"column":9},"end":{"line":383,"column":46}},"241":{"start":{"line":385,"column":5},"end":{"line":385,"column":25}},"242":{"start":{"line":387,"column":1},"end":{"line":387,"column":63}},"243":{"start":{"line":388,"column":1},"end":{"line":388,"column":32}},"244":{"start":{"line":395,"column":1},"end":{"line":395,"column":35}},"245":{"start":{"line":402,"column":1},"end":{"line":402,"column":49}},"246":{"start":{"line":403,"column":1},"end":{"line":403,"column":40}},"247":{"start":{"line":404,"column":1},"end":{"line":404,"column":35}},"248":{"start":{"line":405,"column":1},"end":{"line":405,"column":35}},"249":{"start":{"line":406,"column":1},"end":{"line":406,"column":39}},"250":{"start":{"line":407,"column":1},"end":{"line":576,"column":6}},"251":{"start":{"line":408,"column":5},"end":{"line":422,"column":6}},"252":{"start":{"line":409,"column":9},"end":{"line":420,"column":11}},"253":{"start":{"line":421,"column":9},"end":{"line":421,"column":41}},"254":{"start":{"line":423,"column":5},"end":{"line":436,"column":7}},"255":{"start":{"line":424,"column":9},"end":{"line":424,"column":26}},"256":{"start":{"line":425,"column":9},"end":{"line":425,"column":53}},"257":{"start":{"line":426,"column":9},"end":{"line":426,"column":52}},"258":{"start":{"line":427,"column":9},"end":{"line":429,"column":12}},"259":{"start":{"line":428,"column":13},"end":{"line":428,"column":58}},"260":{"start":{"line":430,"column":9},"end":{"line":432,"column":12}},"261":{"start":{"line":431,"column":13},"end":{"line":431,"column":45}},"262":{"start":{"line":433,"column":9},"end":{"line":435,"column":12}},"263":{"start":{"line":434,"column":13},"end":{"line":434,"column":44}},"264":{"start":{"line":437,"column":5},"end":{"line":439,"column":7}},"265":{"start":{"line":438,"column":9},"end":{"line":438,"column":27}},"266":{"start":{"line":440,"column":5},"end":{"line":442,"column":7}},"267":{"start":{"line":441,"column":9},"end":{"line":441,"column":40}},"268":{"start":{"line":443,"column":5},"end":{"line":448,"column":7}},"269":{"start":{"line":444,"column":9},"end":{"line":446,"column":10}},"270":{"start":{"line":445,"column":13},"end":{"line":445,"column":20}},"271":{"start":{"line":447,"column":9},"end":{"line":447,"column":118}},"272":{"start":{"line":449,"column":5},"end":{"line":452,"column":7}},"273":{"start":{"line":450,"column":9},"end":{"line":450,"column":52}},"274":{"start":{"line":451,"column":9},"end":{"line":451,"column":48}},"275":{"start":{"line":454,"column":5},"end":{"line":456,"column":7}},"276":{"start":{"line":455,"column":9},"end":{"line":455,"column":43}},"277":{"start":{"line":458,"column":5},"end":{"line":461,"column":7}},"278":{"start":{"line":459,"column":9},"end":{"line":459,"column":49}},"279":{"start":{"line":460,"column":9},"end":{"line":460,"column":27}},"280":{"start":{"line":463,"column":5},"end":{"line":467,"column":7}},"281":{"start":{"line":464,"column":9},"end":{"line":464,"column":62}},"282":{"start":{"line":465,"column":9},"end":{"line":465,"column":51}},"283":{"start":{"line":466,"column":9},"end":{"line":466,"column":27}},"284":{"start":{"line":469,"column":5},"end":{"line":473,"column":7}},"285":{"start":{"line":470,"column":9},"end":{"line":470,"column":32}},"286":{"start":{"line":471,"column":9},"end":{"line":471,"column":87}},"287":{"start":{"line":472,"column":9},"end":{"line":472,"column":27}},"288":{"start":{"line":475,"column":5},"end":{"line":479,"column":7}},"289":{"start":{"line":476,"column":9},"end":{"line":476,"column":32}},"290":{"start":{"line":477,"column":9},"end":{"line":477,"column":71}},"291":{"start":{"line":478,"column":9},"end":{"line":478,"column":27}},"292":{"start":{"line":481,"column":5},"end":{"line":485,"column":7}},"293":{"start":{"line":482,"column":9},"end":{"line":482,"column":32}},"294":{"start":{"line":483,"column":9},"end":{"line":483,"column":70}},"295":{"start":{"line":484,"column":9},"end":{"line":484,"column":27}},"296":{"start":{"line":487,"column":5},"end":{"line":499,"column":7}},"297":{"start":{"line":488,"column":9},"end":{"line":488,"column":51}},"298":{"start":{"line":489,"column":9},"end":{"line":489,"column":26}},"299":{"start":{"line":490,"column":9},"end":{"line":494,"column":10}},"300":{"start":{"line":491,"column":13},"end":{"line":493,"column":14}},"301":{"start":{"line":492,"column":17},"end":{"line":492,"column":27}},"302":{"start":{"line":495,"column":9},"end":{"line":498,"column":10}},"303":{"start":{"line":496,"column":13},"end":{"line":496,"column":70}},"304":{"start":{"line":497,"column":13},"end":{"line":497,"column":31}},"305":{"start":{"line":501,"column":5},"end":{"line":513,"column":7}},"306":{"start":{"line":502,"column":9},"end":{"line":502,"column":51}},"307":{"start":{"line":503,"column":9},"end":{"line":503,"column":26}},"308":{"start":{"line":504,"column":9},"end":{"line":508,"column":10}},"309":{"start":{"line":505,"column":13},"end":{"line":507,"column":14}},"310":{"start":{"line":506,"column":17},"end":{"line":506,"column":27}},"311":{"start":{"line":509,"column":9},"end":{"line":512,"column":10}},"312":{"start":{"line":510,"column":13},"end":{"line":510,"column":70}},"313":{"start":{"line":511,"column":13},"end":{"line":511,"column":31}},"314":{"start":{"line":515,"column":5},"end":{"line":527,"column":7}},"315":{"start":{"line":516,"column":9},"end":{"line":516,"column":51}},"316":{"start":{"line":517,"column":9},"end":{"line":517,"column":26}},"317":{"start":{"line":518,"column":9},"end":{"line":522,"column":10}},"318":{"start":{"line":519,"column":13},"end":{"line":521,"column":14}},"319":{"start":{"line":520,"column":17},"end":{"line":520,"column":27}},"320":{"start":{"line":523,"column":9},"end":{"line":526,"column":10}},"321":{"start":{"line":524,"column":13},"end":{"line":524,"column":69}},"322":{"start":{"line":525,"column":13},"end":{"line":525,"column":31}},"323":{"start":{"line":529,"column":5},"end":{"line":531,"column":7}},"324":{"start":{"line":530,"column":9},"end":{"line":530,"column":54}},"325":{"start":{"line":533,"column":5},"end":{"line":535,"column":7}},"326":{"start":{"line":534,"column":9},"end":{"line":534,"column":54}},"327":{"start":{"line":537,"column":5},"end":{"line":539,"column":7}},"328":{"start":{"line":538,"column":9},"end":{"line":538,"column":53}},"329":{"start":{"line":541,"column":5},"end":{"line":545,"column":7}},"330":{"start":{"line":542,"column":9},"end":{"line":542,"column":37}},"331":{"start":{"line":543,"column":9},"end":{"line":543,"column":37}},"332":{"start":{"line":544,"column":9},"end":{"line":544,"column":36}},"333":{"start":{"line":547,"column":5},"end":{"line":549,"column":7}},"334":{"start":{"line":548,"column":9},"end":{"line":548,"column":52}},"335":{"start":{"line":551,"column":5},"end":{"line":553,"column":7}},"336":{"start":{"line":552,"column":9},"end":{"line":552,"column":56}},"337":{"start":{"line":555,"column":5},"end":{"line":557,"column":7}},"338":{"start":{"line":556,"column":9},"end":{"line":556,"column":56}},"339":{"start":{"line":559,"column":5},"end":{"line":561,"column":7}},"340":{"start":{"line":560,"column":9},"end":{"line":560,"column":55}},"341":{"start":{"line":563,"column":5},"end":{"line":567,"column":7}},"342":{"start":{"line":564,"column":9},"end":{"line":564,"column":102}},"343":{"start":{"line":565,"column":9},"end":{"line":565,"column":101}},"344":{"start":{"line":566,"column":9},"end":{"line":566,"column":102}},"345":{"start":{"line":568,"column":5},"end":{"line":574,"column":7}},"346":{"start":{"line":569,"column":9},"end":{"line":569,"column":22}},"347":{"start":{"line":570,"column":9},"end":{"line":572,"column":10}},"348":{"start":{"line":571,"column":13},"end":{"line":571,"column":43}},"349":{"start":{"line":573,"column":9},"end":{"line":573,"column":20}},"350":{"start":{"line":575,"column":5},"end":{"line":575,"column":24}},"351":{"start":{"line":577,"column":1},"end":{"line":577,"column":63}},"352":{"start":{"line":578,"column":1},"end":{"line":578,"column":31}},"353":{"start":{"line":585,"column":1},"end":{"line":585,"column":46}},"354":{"start":{"line":592,"column":1},"end":{"line":592,"column":57}},"355":{"start":{"line":593,"column":1},"end":{"line":679,"column":6}},"356":{"start":{"line":594,"column":5},"end":{"line":595,"column":6}},"357":{"start":{"line":596,"column":5},"end":{"line":602,"column":7}},"358":{"start":{"line":597,"column":9},"end":{"line":597,"column":23}},"359":{"start":{"line":598,"column":9},"end":{"line":600,"column":10}},"360":{"start":{"line":599,"column":13},"end":{"line":599,"column":42}},"361":{"start":{"line":601,"column":9},"end":{"line":601,"column":42}},"362":{"start":{"line":603,"column":5},"end":{"line":617,"column":7}},"363":{"start":{"line":604,"column":9},"end":{"line":604,"column":57}},"364":{"start":{"line":605,"column":9},"end":{"line":615,"column":10}},"365":{"start":{"line":606,"column":13},"end":{"line":606,"column":73}},"366":{"start":{"line":607,"column":13},"end":{"line":613,"column":14}},"367":{"start":{"line":608,"column":17},"end":{"line":608,"column":37}},"368":{"start":{"line":609,"column":17},"end":{"line":612,"column":18}},"369":{"start":{"line":610,"column":21},"end":{"line":610,"column":67}},"370":{"start":{"line":611,"column":21},"end":{"line":611,"column":34}},"371":{"start":{"line":614,"column":13},"end":{"line":614,"column":25}},"372":{"start":{"line":616,"column":9},"end":{"line":616,"column":22}},"373":{"start":{"line":618,"column":5},"end":{"line":651,"column":7}},"374":{"start":{"line":619,"column":9},"end":{"line":650,"column":10}},"375":{"start":{"line":620,"column":13},"end":{"line":633,"column":14}},"376":{"start":{"line":621,"column":17},"end":{"line":621,"column":92}},"377":{"start":{"line":623,"column":18},"end":{"line":633,"column":14}},"378":{"start":{"line":624,"column":17},"end":{"line":624,"column":35}},"379":{"start":{"line":625,"column":17},"end":{"line":629,"column":20}},"380":{"start":{"line":626,"column":21},"end":{"line":628,"column":22}},"381":{"start":{"line":627,"column":25},"end":{"line":627,"column":38}},"382":{"start":{"line":630,"column":17},"end":{"line":632,"column":18}},"383":{"start":{"line":631,"column":21},"end":{"line":631,"column":113}},"384":{"start":{"line":636,"column":13},"end":{"line":649,"column":14}},"385":{"start":{"line":637,"column":17},"end":{"line":637,"column":99}},"386":{"start":{"line":639,"column":18},"end":{"line":649,"column":14}},"387":{"start":{"line":640,"column":17},"end":{"line":640,"column":35}},"388":{"start":{"line":641,"column":17},"end":{"line":645,"column":20}},"389":{"start":{"line":642,"column":21},"end":{"line":644,"column":22}},"390":{"start":{"line":643,"column":25},"end":{"line":643,"column":38}},"391":{"start":{"line":646,"column":17},"end":{"line":648,"column":18}},"392":{"start":{"line":647,"column":21},"end":{"line":647,"column":108}},"393":{"start":{"line":652,"column":5},"end":{"line":666,"column":7}},"394":{"start":{"line":653,"column":9},"end":{"line":653,"column":44}},"395":{"start":{"line":654,"column":9},"end":{"line":656,"column":10}},"396":{"start":{"line":655,"column":13},"end":{"line":655,"column":20}},"397":{"start":{"line":657,"column":9},"end":{"line":657,"column":27}},"398":{"start":{"line":658,"column":9},"end":{"line":662,"column":12}},"399":{"start":{"line":659,"column":13},"end":{"line":661,"column":14}},"400":{"start":{"line":660,"column":17},"end":{"line":660,"column":30}},"401":{"start":{"line":663,"column":9},"end":{"line":665,"column":10}},"402":{"start":{"line":664,"column":13},"end":{"line":664,"column":63}},"403":{"start":{"line":667,"column":5},"end":{"line":677,"column":7}},"404":{"start":{"line":668,"column":9},"end":{"line":670,"column":10}},"405":{"start":{"line":669,"column":13},"end":{"line":669,"column":20}},"406":{"start":{"line":671,"column":9},"end":{"line":671,"column":42}},"407":{"start":{"line":672,"column":9},"end":{"line":676,"column":12}},"408":{"start":{"line":673,"column":13},"end":{"line":675,"column":14}},"409":{"start":{"line":674,"column":17},"end":{"line":674,"column":67}},"410":{"start":{"line":678,"column":5},"end":{"line":678,"column":20}},"411":{"start":{"line":680,"column":1},"end":{"line":680,"column":63}},"412":{"start":{"line":681,"column":1},"end":{"line":681,"column":27}},"413":{"start":{"line":688,"column":1},"end":{"line":688,"column":34}},"414":{"start":{"line":695,"column":1},"end":{"line":695,"column":40}},"415":{"start":{"line":696,"column":1},"end":{"line":696,"column":35}},"416":{"start":{"line":697,"column":1},"end":{"line":697,"column":33}},"417":{"start":{"line":698,"column":1},"end":{"line":698,"column":35}},"418":{"start":{"line":699,"column":1},"end":{"line":699,"column":39}},"419":{"start":{"line":700,"column":1},"end":{"line":798,"column":6}},"420":{"start":{"line":701,"column":5},"end":{"line":755,"column":6}},"421":{"start":{"line":702,"column":9},"end":{"line":702,"column":26}},"422":{"start":{"line":703,"column":9},"end":{"line":711,"column":11}},"423":{"start":{"line":712,"column":9},"end":{"line":712,"column":41}},"424":{"start":{"line":713,"column":9},"end":{"line":717,"column":11}},"425":{"start":{"line":714,"column":13},"end":{"line":714,"column":57}},"426":{"start":{"line":715,"column":13},"end":{"line":715,"column":40}},"427":{"start":{"line":716,"column":13},"end":{"line":716,"column":32}},"428":{"start":{"line":718,"column":9},"end":{"line":724,"column":11}},"429":{"start":{"line":719,"column":13},"end":{"line":719,"column":56}},"430":{"start":{"line":720,"column":13},"end":{"line":720,"column":61}},"431":{"start":{"line":721,"column":13},"end":{"line":721,"column":52}},"432":{"start":{"line":722,"column":13},"end":{"line":722,"column":63}},"433":{"start":{"line":723,"column":13},"end":{"line":723,"column":32}},"434":{"start":{"line":725,"column":9},"end":{"line":729,"column":11}},"435":{"start":{"line":726,"column":13},"end":{"line":726,"column":57}},"436":{"start":{"line":727,"column":13},"end":{"line":727,"column":50}},"437":{"start":{"line":728,"column":13},"end":{"line":728,"column":32}},"438":{"start":{"line":730,"column":9},"end":{"line":732,"column":11}},"439":{"start":{"line":731,"column":13},"end":{"line":731,"column":40}},"440":{"start":{"line":733,"column":9},"end":{"line":735,"column":11}},"441":{"start":{"line":734,"column":13},"end":{"line":734,"column":41}},"442":{"start":{"line":736,"column":9},"end":{"line":738,"column":11}},"443":{"start":{"line":737,"column":13},"end":{"line":737,"column":50}},"444":{"start":{"line":739,"column":9},"end":{"line":741,"column":11}},"445":{"start":{"line":740,"column":13},"end":{"line":740,"column":65}},"446":{"start":{"line":742,"column":9},"end":{"line":744,"column":11}},"447":{"start":{"line":743,"column":13},"end":{"line":743,"column":91}},"448":{"start":{"line":745,"column":9},"end":{"line":747,"column":11}},"449":{"start":{"line":746,"column":13},"end":{"line":746,"column":36}},"450":{"start":{"line":748,"column":9},"end":{"line":754,"column":11}},"451":{"start":{"line":749,"column":13},"end":{"line":749,"column":27}},"452":{"start":{"line":750,"column":13},"end":{"line":752,"column":14}},"453":{"start":{"line":751,"column":17},"end":{"line":751,"column":46}},"454":{"start":{"line":753,"column":13},"end":{"line":753,"column":81}},"455":{"start":{"line":756,"column":5},"end":{"line":763,"column":7}},"456":{"start":{"line":757,"column":9},"end":{"line":757,"column":26}},"457":{"start":{"line":758,"column":9},"end":{"line":758,"column":38}},"458":{"start":{"line":759,"column":9},"end":{"line":761,"column":12}},"459":{"start":{"line":760,"column":13},"end":{"line":760,"column":78}},"460":{"start":{"line":762,"column":9},"end":{"line":762,"column":54}},"461":{"start":{"line":764,"column":5},"end":{"line":766,"column":7}},"462":{"start":{"line":765,"column":9},"end":{"line":765,"column":40}},"463":{"start":{"line":767,"column":5},"end":{"line":795,"column":7}},"464":{"start":{"line":768,"column":9},"end":{"line":768,"column":26}},"465":{"start":{"line":769,"column":9},"end":{"line":771,"column":10}},"466":{"start":{"line":770,"column":13},"end":{"line":770,"column":20}},"467":{"start":{"line":772,"column":9},"end":{"line":772,"column":79}},"468":{"start":{"line":773,"column":9},"end":{"line":778,"column":10}},"469":{"start":{"line":774,"column":13},"end":{"line":774,"column":47}},"470":{"start":{"line":777,"column":13},"end":{"line":777,"column":88}},"471":{"start":{"line":779,"column":9},"end":{"line":779,"column":24}},"472":{"start":{"line":780,"column":9},"end":{"line":784,"column":12}},"473":{"start":{"line":781,"column":13},"end":{"line":783,"column":14}},"474":{"start":{"line":782,"column":17},"end":{"line":782,"column":52}},"475":{"start":{"line":785,"column":9},"end":{"line":785,"column":76}},"476":{"start":{"line":786,"column":9},"end":{"line":786,"column":45}},"477":{"start":{"line":787,"column":9},"end":{"line":794,"column":12}},"478":{"start":{"line":788,"column":13},"end":{"line":793,"column":14}},"479":{"start":{"line":789,"column":17},"end":{"line":789,"column":54}},"480":{"start":{"line":792,"column":17},"end":{"line":792,"column":44}},"481":{"start":{"line":797,"column":5},"end":{"line":797,"column":22}},"482":{"start":{"line":799,"column":1},"end":{"line":799,"column":63}},"483":{"start":{"line":800,"column":1},"end":{"line":800,"column":29}},"484":{"start":{"line":807,"column":1},"end":{"line":807,"column":38}},"485":{"start":{"line":814,"column":1},"end":{"line":814,"column":40}},"486":{"start":{"line":815,"column":1},"end":{"line":815,"column":35}},"487":{"start":{"line":816,"column":1},"end":{"line":816,"column":39}},"488":{"start":{"line":817,"column":1},"end":{"line":902,"column":6}},"489":{"start":{"line":818,"column":5},"end":{"line":823,"column":6}},"490":{"start":{"line":819,"column":9},"end":{"line":822,"column":11}},"491":{"start":{"line":824,"column":5},"end":{"line":830,"column":7}},"492":{"start":{"line":825,"column":9},"end":{"line":825,"column":26}},"493":{"start":{"line":826,"column":9},"end":{"line":826,"column":43}},"494":{"start":{"line":827,"column":9},"end":{"line":829,"column":12}},"495":{"start":{"line":828,"column":13},"end":{"line":828,"column":33}},"496":{"start":{"line":831,"column":5},"end":{"line":857,"column":7}},"497":{"start":{"line":832,"column":9},"end":{"line":832,"column":22}},"498":{"start":{"line":833,"column":9},"end":{"line":833,"column":52}},"499":{"start":{"line":834,"column":9},"end":{"line":834,"column":86}},"500":{"start":{"line":835,"column":9},"end":{"line":856,"column":10}},"501":{"start":{"line":837,"column":17},"end":{"line":837,"column":30}},"502":{"start":{"line":839,"column":17},"end":{"line":839,"column":29}},"503":{"start":{"line":841,"column":17},"end":{"line":846,"column":18}},"504":{"start":{"line":842,"column":21},"end":{"line":842,"column":56}},"505":{"start":{"line":843,"column":21},"end":{"line":845,"column":22}},"506":{"start":{"line":844,"column":25},"end":{"line":844,"column":37}},"507":{"start":{"line":847,"column":17},"end":{"line":847,"column":30}},"508":{"start":{"line":849,"column":17},"end":{"line":854,"column":18}},"509":{"start":{"line":850,"column":21},"end":{"line":850,"column":56}},"510":{"start":{"line":851,"column":21},"end":{"line":853,"column":22}},"511":{"start":{"line":852,"column":25},"end":{"line":852,"column":38}},"512":{"start":{"line":855,"column":17},"end":{"line":855,"column":29}},"513":{"start":{"line":859,"column":5},"end":{"line":862,"column":7}},"514":{"start":{"line":860,"column":9},"end":{"line":860,"column":89}},"515":{"start":{"line":861,"column":9},"end":{"line":861,"column":47}},"516":{"start":{"line":864,"column":5},"end":{"line":868,"column":7}},"517":{"start":{"line":865,"column":9},"end":{"line":865,"column":51}},"518":{"start":{"line":866,"column":9},"end":{"line":866,"column":69}},"519":{"start":{"line":867,"column":9},"end":{"line":867,"column":44}},"520":{"start":{"line":870,"column":5},"end":{"line":881,"column":7}},"521":{"start":{"line":871,"column":9},"end":{"line":871,"column":51}},"522":{"start":{"line":872,"column":9},"end":{"line":872,"column":26}},"523":{"start":{"line":873,"column":9},"end":{"line":877,"column":10}},"524":{"start":{"line":874,"column":13},"end":{"line":876,"column":14}},"525":{"start":{"line":875,"column":17},"end":{"line":875,"column":27}},"526":{"start":{"line":878,"column":9},"end":{"line":880,"column":10}},"527":{"start":{"line":879,"column":13},"end":{"line":879,"column":54}},"528":{"start":{"line":883,"column":5},"end":{"line":885,"column":7}},"529":{"start":{"line":884,"column":9},"end":{"line":884,"column":43}},"530":{"start":{"line":887,"column":5},"end":{"line":889,"column":7}},"531":{"start":{"line":888,"column":9},"end":{"line":888,"column":40}},"532":{"start":{"line":891,"column":5},"end":{"line":899,"column":7}},"533":{"start":{"line":892,"column":9},"end":{"line":892,"column":51}},"534":{"start":{"line":893,"column":9},"end":{"line":897,"column":10}},"535":{"start":{"line":894,"column":13},"end":{"line":896,"column":14}},"536":{"start":{"line":895,"column":17},"end":{"line":895,"column":29}},"537":{"start":{"line":898,"column":9},"end":{"line":898,"column":22}},"538":{"start":{"line":901,"column":5},"end":{"line":901,"column":25}},"539":{"start":{"line":903,"column":1},"end":{"line":903,"column":63}},"540":{"start":{"line":904,"column":1},"end":{"line":904,"column":32}},"541":{"start":{"line":912,"column":1},"end":{"line":912,"column":40}},"542":{"start":{"line":913,"column":1},"end":{"line":913,"column":35}},"543":{"start":{"line":914,"column":1},"end":{"line":914,"column":39}},"544":{"start":{"line":915,"column":1},"end":{"line":969,"column":6}},"545":{"start":{"line":916,"column":5},"end":{"line":960,"column":6}},"546":{"start":{"line":917,"column":9},"end":{"line":917,"column":26}},"547":{"start":{"line":918,"column":9},"end":{"line":924,"column":11}},"548":{"start":{"line":925,"column":9},"end":{"line":928,"column":11}},"549":{"start":{"line":926,"column":13},"end":{"line":926,"column":59}},"550":{"start":{"line":927,"column":13},"end":{"line":927,"column":48}},"551":{"start":{"line":929,"column":9},"end":{"line":932,"column":11}},"552":{"start":{"line":930,"column":13},"end":{"line":930,"column":57}},"553":{"start":{"line":931,"column":13},"end":{"line":931,"column":44}},"554":{"start":{"line":933,"column":9},"end":{"line":936,"column":11}},"555":{"start":{"line":934,"column":13},"end":{"line":934,"column":60}},"556":{"start":{"line":935,"column":13},"end":{"line":935,"column":50}},"557":{"start":{"line":937,"column":9},"end":{"line":940,"column":11}},"558":{"start":{"line":938,"column":13},"end":{"line":938,"column":59}},"559":{"start":{"line":939,"column":13},"end":{"line":939,"column":46}},"560":{"start":{"line":941,"column":9},"end":{"line":944,"column":11}},"561":{"start":{"line":942,"column":13},"end":{"line":942,"column":57}},"562":{"start":{"line":943,"column":13},"end":{"line":943,"column":44}},"563":{"start":{"line":945,"column":9},"end":{"line":947,"column":11}},"564":{"start":{"line":946,"column":13},"end":{"line":946,"column":46}},"565":{"start":{"line":948,"column":9},"end":{"line":950,"column":11}},"566":{"start":{"line":949,"column":13},"end":{"line":949,"column":44}},"567":{"start":{"line":951,"column":9},"end":{"line":953,"column":11}},"568":{"start":{"line":952,"column":13},"end":{"line":952,"column":47}},"569":{"start":{"line":954,"column":9},"end":{"line":956,"column":11}},"570":{"start":{"line":955,"column":13},"end":{"line":955,"column":45}},"571":{"start":{"line":957,"column":9},"end":{"line":959,"column":11}},"572":{"start":{"line":958,"column":13},"end":{"line":958,"column":44}},"573":{"start":{"line":961,"column":5},"end":{"line":967,"column":7}},"574":{"start":{"line":962,"column":9},"end":{"line":962,"column":39}},"575":{"start":{"line":963,"column":9},"end":{"line":963,"column":35}},"576":{"start":{"line":964,"column":9},"end":{"line":964,"column":41}},"577":{"start":{"line":965,"column":9},"end":{"line":965,"column":37}},"578":{"start":{"line":966,"column":9},"end":{"line":966,"column":35}},"579":{"start":{"line":968,"column":5},"end":{"line":968,"column":25}},"580":{"start":{"line":970,"column":1},"end":{"line":970,"column":63}},"581":{"start":{"line":971,"column":1},"end":{"line":971,"column":32}},"582":{"start":{"line":978,"column":1},"end":{"line":978,"column":32}},"583":{"start":{"line":984,"column":1},"end":{"line":984,"column":41}},"584":{"start":{"line":990,"column":1},"end":{"line":990,"column":48}},"585":{"start":{"line":997,"column":1},"end":{"line":1006,"column":3}},"586":{"start":{"line":1007,"column":1},"end":{"line":1016,"column":3}},"587":{"start":{"line":1017,"column":1},"end":{"line":1041,"column":6}},"588":{"start":{"line":1018,"column":5},"end":{"line":1019,"column":6}},"589":{"start":{"line":1020,"column":5},"end":{"line":1039,"column":7}},"590":{"start":{"line":1021,"column":9},"end":{"line":1023,"column":10}},"591":{"start":{"line":1022,"column":13},"end":{"line":1022,"column":69}},"592":{"start":{"line":1024,"column":9},"end":{"line":1024,"column":26}},"593":{"start":{"line":1025,"column":9},"end":{"line":1032,"column":10}},"594":{"start":{"line":1026,"column":13},"end":{"line":1031,"column":14}},"595":{"start":{"line":1027,"column":17},"end":{"line":1027,"column":40}},"596":{"start":{"line":1030,"column":17},"end":{"line":1030,"column":43}},"597":{"start":{"line":1033,"column":9},"end":{"line":1038,"column":11}},"598":{"start":{"line":1040,"column":5},"end":{"line":1040,"column":21}},"599":{"start":{"line":1042,"column":1},"end":{"line":1042,"column":29}},"600":{"start":{"line":1049,"column":1},"end":{"line":1049,"column":37}},"601":{"start":{"line":1055,"column":1},"end":{"line":1055,"column":36}},"602":{"start":{"line":1061,"column":1},"end":{"line":1061,"column":39}}},"branchMap":{"1":{"line":10,"type":"if","locations":[{"start":{"line":10,"column":11},"end":{"line":10,"column":11}},{"start":{"line":10,"column":11},"end":{"line":10,"column":11}}]},"2":{"line":49,"type":"binary-expr","locations":[{"start":{"line":49,"column":18},"end":{"line":49,"column":22}},{"start":{"line":49,"column":26},"end":{"line":49,"column":40}},{"start":{"line":49,"column":45},"end":{"line":53,"column":2}}]},"3":{"line":50,"type":"if","locations":[{"start":{"line":50,"column":22},"end":{"line":50,"column":22}},{"start":{"line":50,"column":22},"end":{"line":50,"column":22}}]},"4":{"line":52,"type":"cond-expr","locations":[{"start":{"line":52,"column":32},"end":{"line":52,"column":48}},{"start":{"line":52,"column":52},"end":{"line":52,"column":88}}]},"5":{"line":109,"type":"if","locations":[{"start":{"line":109,"column":13},"end":{"line":109,"column":13}},{"start":{"line":109,"column":13},"end":{"line":109,"column":13}}]},"6":{"line":126,"type":"if","locations":[{"start":{"line":126,"column":17},"end":{"line":126,"column":17}},{"start":{"line":126,"column":17},"end":{"line":126,"column":17}}]},"7":{"line":129,"type":"if","locations":[{"start":{"line":129,"column":17},"end":{"line":129,"column":17}},{"start":{"line":129,"column":17},"end":{"line":129,"column":17}}]},"8":{"line":132,"type":"if","locations":[{"start":{"line":132,"column":17},"end":{"line":132,"column":17}},{"start":{"line":132,"column":17},"end":{"line":132,"column":17}}]},"9":{"line":137,"type":"if","locations":[{"start":{"line":137,"column":21},"end":{"line":137,"column":21}},{"start":{"line":137,"column":21},"end":{"line":137,"column":21}}]},"10":{"line":177,"type":"if","locations":[{"start":{"line":177,"column":25},"end":{"line":177,"column":25}},{"start":{"line":177,"column":25},"end":{"line":177,"column":25}}]},"11":{"line":177,"type":"binary-expr","locations":[{"start":{"line":177,"column":30},"end":{"line":177,"column":70}},{"start":{"line":177,"column":74},"end":{"line":177,"column":107}},{"start":{"line":177,"column":113},"end":{"line":177,"column":153}},{"start":{"line":177,"column":157},"end":{"line":177,"column":192}}]},"12":{"line":183,"type":"if","locations":[{"start":{"line":183,"column":21},"end":{"line":183,"column":21}},{"start":{"line":183,"column":21},"end":{"line":183,"column":21}}]},"13":{"line":184,"type":"if","locations":[{"start":{"line":184,"column":25},"end":{"line":184,"column":25}},{"start":{"line":184,"column":25},"end":{"line":184,"column":25}}]},"14":{"line":187,"type":"if","locations":[{"start":{"line":187,"column":29},"end":{"line":187,"column":29}},{"start":{"line":187,"column":29},"end":{"line":187,"column":29}}]},"15":{"line":193,"type":"if","locations":[{"start":{"line":193,"column":21},"end":{"line":193,"column":21}},{"start":{"line":193,"column":21},"end":{"line":193,"column":21}}]},"16":{"line":197,"type":"if","locations":[{"start":{"line":197,"column":25},"end":{"line":197,"column":25}},{"start":{"line":197,"column":25},"end":{"line":197,"column":25}}]},"17":{"line":201,"type":"if","locations":[{"start":{"line":201,"column":25},"end":{"line":201,"column":25}},{"start":{"line":201,"column":25},"end":{"line":201,"column":25}}]},"18":{"line":209,"type":"cond-expr","locations":[{"start":{"line":209,"column":66},"end":{"line":209,"column":128}},{"start":{"line":209,"column":131},"end":{"line":209,"column":150}}]},"19":{"line":216,"type":"if","locations":[{"start":{"line":216,"column":21},"end":{"line":216,"column":21}},{"start":{"line":216,"column":21},"end":{"line":216,"column":21}}]},"20":{"line":222,"type":"if","locations":[{"start":{"line":222,"column":21},"end":{"line":222,"column":21}},{"start":{"line":222,"column":21},"end":{"line":222,"column":21}}]},"21":{"line":248,"type":"if","locations":[{"start":{"line":248,"column":17},"end":{"line":248,"column":17}},{"start":{"line":248,"column":17},"end":{"line":248,"column":17}}]},"22":{"line":256,"type":"if","locations":[{"start":{"line":256,"column":25},"end":{"line":256,"column":25}},{"start":{"line":256,"column":25},"end":{"line":256,"column":25}}]},"23":{"line":284,"type":"if","locations":[{"start":{"line":284,"column":33},"end":{"line":284,"column":33}},{"start":{"line":284,"column":33},"end":{"line":284,"column":33}}]},"24":{"line":310,"type":"if","locations":[{"start":{"line":310,"column":33},"end":{"line":310,"column":33}},{"start":{"line":310,"column":33},"end":{"line":310,"column":33}}]},"25":{"line":369,"type":"if","locations":[{"start":{"line":369,"column":9},"end":{"line":369,"column":9}},{"start":{"line":369,"column":9},"end":{"line":369,"column":9}}]},"26":{"line":412,"type":"cond-expr","locations":[{"start":{"line":412,"column":79},"end":{"line":412,"column":92}},{"start":{"line":412,"column":95},"end":{"line":412,"column":101}}]},"27":{"line":444,"type":"if","locations":[{"start":{"line":444,"column":9},"end":{"line":444,"column":9}},{"start":{"line":444,"column":9},"end":{"line":444,"column":9}}]},"28":{"line":491,"type":"if","locations":[{"start":{"line":491,"column":13},"end":{"line":491,"column":13}},{"start":{"line":491,"column":13},"end":{"line":491,"column":13}}]},"29":{"line":495,"type":"if","locations":[{"start":{"line":495,"column":9},"end":{"line":495,"column":9}},{"start":{"line":495,"column":9},"end":{"line":495,"column":9}}]},"30":{"line":505,"type":"if","locations":[{"start":{"line":505,"column":13},"end":{"line":505,"column":13}},{"start":{"line":505,"column":13},"end":{"line":505,"column":13}}]},"31":{"line":509,"type":"if","locations":[{"start":{"line":509,"column":9},"end":{"line":509,"column":9}},{"start":{"line":509,"column":9},"end":{"line":509,"column":9}}]},"32":{"line":519,"type":"if","locations":[{"start":{"line":519,"column":13},"end":{"line":519,"column":13}},{"start":{"line":519,"column":13},"end":{"line":519,"column":13}}]},"33":{"line":523,"type":"if","locations":[{"start":{"line":523,"column":9},"end":{"line":523,"column":9}},{"start":{"line":523,"column":9},"end":{"line":523,"column":9}}]},"34":{"line":605,"type":"if","locations":[{"start":{"line":605,"column":9},"end":{"line":605,"column":9}},{"start":{"line":605,"column":9},"end":{"line":605,"column":9}}]},"35":{"line":605,"type":"binary-expr","locations":[{"start":{"line":605,"column":13},"end":{"line":605,"column":33}},{"start":{"line":605,"column":37},"end":{"line":605,"column":57}}]},"36":{"line":609,"type":"if","locations":[{"start":{"line":609,"column":17},"end":{"line":609,"column":17}},{"start":{"line":609,"column":17},"end":{"line":609,"column":17}}]},"37":{"line":619,"type":"if","locations":[{"start":{"line":619,"column":9},"end":{"line":619,"column":9}},{"start":{"line":619,"column":9},"end":{"line":619,"column":9}}]},"38":{"line":620,"type":"if","locations":[{"start":{"line":620,"column":13},"end":{"line":620,"column":13}},{"start":{"line":620,"column":13},"end":{"line":620,"column":13}}]},"39":{"line":620,"type":"binary-expr","locations":[{"start":{"line":620,"column":17},"end":{"line":620,"column":41}},{"start":{"line":620,"column":45},"end":{"line":620,"column":71}}]},"40":{"line":623,"type":"if","locations":[{"start":{"line":623,"column":18},"end":{"line":623,"column":18}},{"start":{"line":623,"column":18},"end":{"line":623,"column":18}}]},"41":{"line":626,"type":"if","locations":[{"start":{"line":626,"column":21},"end":{"line":626,"column":21}},{"start":{"line":626,"column":21},"end":{"line":626,"column":21}}]},"42":{"line":630,"type":"if","locations":[{"start":{"line":630,"column":17},"end":{"line":630,"column":17}},{"start":{"line":630,"column":17},"end":{"line":630,"column":17}}]},"43":{"line":636,"type":"if","locations":[{"start":{"line":636,"column":13},"end":{"line":636,"column":13}},{"start":{"line":636,"column":13},"end":{"line":636,"column":13}}]},"44":{"line":636,"type":"binary-expr","locations":[{"start":{"line":636,"column":17},"end":{"line":636,"column":41}},{"start":{"line":636,"column":45},"end":{"line":636,"column":66}}]},"45":{"line":639,"type":"if","locations":[{"start":{"line":639,"column":18},"end":{"line":639,"column":18}},{"start":{"line":639,"column":18},"end":{"line":639,"column":18}}]},"46":{"line":642,"type":"if","locations":[{"start":{"line":642,"column":21},"end":{"line":642,"column":21}},{"start":{"line":642,"column":21},"end":{"line":642,"column":21}}]},"47":{"line":646,"type":"if","locations":[{"start":{"line":646,"column":17},"end":{"line":646,"column":17}},{"start":{"line":646,"column":17},"end":{"line":646,"column":17}}]},"48":{"line":654,"type":"if","locations":[{"start":{"line":654,"column":9},"end":{"line":654,"column":9}},{"start":{"line":654,"column":9},"end":{"line":654,"column":9}}]},"49":{"line":659,"type":"if","locations":[{"start":{"line":659,"column":13},"end":{"line":659,"column":13}},{"start":{"line":659,"column":13},"end":{"line":659,"column":13}}]},"50":{"line":663,"type":"if","locations":[{"start":{"line":663,"column":9},"end":{"line":663,"column":9}},{"start":{"line":663,"column":9},"end":{"line":663,"column":9}}]},"51":{"line":668,"type":"if","locations":[{"start":{"line":668,"column":9},"end":{"line":668,"column":9}},{"start":{"line":668,"column":9},"end":{"line":668,"column":9}}]},"52":{"line":673,"type":"if","locations":[{"start":{"line":673,"column":13},"end":{"line":673,"column":13}},{"start":{"line":673,"column":13},"end":{"line":673,"column":13}}]},"53":{"line":704,"type":"cond-expr","locations":[{"start":{"line":704,"column":75},"end":{"line":704,"column":88}},{"start":{"line":704,"column":91},"end":{"line":704,"column":97}}]},"54":{"line":722,"type":"cond-expr","locations":[{"start":{"line":722,"column":50},"end":{"line":722,"column":54}},{"start":{"line":722,"column":57},"end":{"line":722,"column":62}}]},"55":{"line":769,"type":"if","locations":[{"start":{"line":769,"column":9},"end":{"line":769,"column":9}},{"start":{"line":769,"column":9},"end":{"line":769,"column":9}}]},"56":{"line":781,"type":"if","locations":[{"start":{"line":781,"column":13},"end":{"line":781,"column":13}},{"start":{"line":781,"column":13},"end":{"line":781,"column":13}}]},"57":{"line":835,"type":"switch","locations":[{"start":{"line":836,"column":13},"end":{"line":837,"column":30}},{"start":{"line":838,"column":13},"end":{"line":839,"column":29}},{"start":{"line":840,"column":13},"end":{"line":847,"column":30}},{"start":{"line":848,"column":13},"end":{"line":855,"column":29}}]},"58":{"line":843,"type":"if","locations":[{"start":{"line":843,"column":21},"end":{"line":843,"column":21}},{"start":{"line":843,"column":21},"end":{"line":843,"column":21}}]},"59":{"line":851,"type":"if","locations":[{"start":{"line":851,"column":21},"end":{"line":851,"column":21}},{"start":{"line":851,"column":21},"end":{"line":851,"column":21}}]},"60":{"line":874,"type":"if","locations":[{"start":{"line":874,"column":13},"end":{"line":874,"column":13}},{"start":{"line":874,"column":13},"end":{"line":874,"column":13}}]},"61":{"line":878,"type":"if","locations":[{"start":{"line":878,"column":9},"end":{"line":878,"column":9}},{"start":{"line":878,"column":9},"end":{"line":878,"column":9}}]},"62":{"line":894,"type":"if","locations":[{"start":{"line":894,"column":13},"end":{"line":894,"column":13}},{"start":{"line":894,"column":13},"end":{"line":894,"column":13}}]},"63":{"line":1021,"type":"if","locations":[{"start":{"line":1021,"column":9},"end":{"line":1021,"column":9}},{"start":{"line":1021,"column":9},"end":{"line":1021,"column":9}}]},"64":{"line":1025,"type":"if","locations":[{"start":{"line":1025,"column":9},"end":{"line":1025,"column":9}},{"start":{"line":1025,"column":9},"end":{"line":1025,"column":9}}]},"65":{"line":1026,"type":"if","locations":[{"start":{"line":1026,"column":13},"end":{"line":1026,"column":13}},{"start":{"line":1026,"column":13},"end":{"line":1026,"column":13}}]}}},"/home/antoine/a-lucas/angular.js-server/test-server/server/config.js":{"path":"/home/antoine/a-lucas/angular.js-server/test-server/server/config.js","s":{"1":1,"2":1},"b":{},"f":{},"fnMap":{},"statementMap":{"1":{"start":{"line":4,"column":0},"end":{"line":4,"column":27}},"2":{"start":{"line":6,"column":0},"end":{"line":57,"column":2}}},"branchMap":{}},"/home/antoine/a-lucas/angular.js-server/test-server/server/api/api-server.js":{"path":"/home/antoine/a-lucas/angular.js-server/test-server/server/api/api-server.js","s":{"1":1,"2":1,"3":1,"4":1,"5":1,"6":1,"7":1,"8":6,"9":6,"10":6,"11":6,"12":4,"13":4,"14":6,"15":0,"16":0,"17":6,"18":0,"19":0,"20":6,"21":4,"22":6,"23":0,"24":6,"25":1,"26":6,"27":6,"28":6,"29":6,"30":1},"b":{"1":[4,2],"2":[0,6],"3":[0,6],"4":[4,2],"5":[0,6],"6":[6,4]},"f":{"1":6,"2":6,"3":6},"fnMap":{"1":{"name":"(anonymous_1)","line":9,"loc":{"start":{"line":9,"column":19},"end":{"line":9,"column":44}}},"2":{"name":"(anonymous_2)","line":41,"loc":{"start":{"line":41,"column":33},"end":{"line":41,"column":52}}},"3":{"name":"(anonymous_3)","line":42,"loc":{"start":{"line":42,"column":16},"end":{"line":42,"column":27}}}},"statementMap":{"1":{"start":{"line":1,"column":0},"end":{"line":1,"column":33}},"2":{"start":{"line":2,"column":0},"end":{"line":2,"column":27}},"3":{"start":{"line":3,"column":0},"end":{"line":3,"column":46}},"4":{"start":{"line":4,"column":0},"end":{"line":4,"column":26}},"5":{"start":{"line":5,"column":0},"end":{"line":5,"column":37}},"6":{"start":{"line":6,"column":0},"end":{"line":6,"column":26}},"7":{"start":{"line":9,"column":0},"end":{"line":39,"column":3}},"8":{"start":{"line":10,"column":4},"end":{"line":10,"column":22}},"9":{"start":{"line":11,"column":4},"end":{"line":11,"column":41}},"10":{"start":{"line":13,"column":4},"end":{"line":13,"column":22}},"11":{"start":{"line":14,"column":4},"end":{"line":19,"column":5}},"12":{"start":{"line":16,"column":8},"end":{"line":16,"column":70}},"13":{"start":{"line":17,"column":8},"end":{"line":17,"column":21}},"14":{"start":{"line":20,"column":4},"end":{"line":23,"column":5}},"15":{"start":{"line":21,"column":8},"end":{"line":21,"column":97}},"16":{"start":{"line":22,"column":8},"end":{"line":22,"column":21}},"17":{"start":{"line":24,"column":4},"end":{"line":27,"column":5}},"18":{"start":{"line":25,"column":8},"end":{"line":25,"column":98}},"19":{"start":{"line":26,"column":8},"end":{"line":26,"column":21}},"20":{"start":{"line":28,"column":4},"end":{"line":30,"column":5}},"21":{"start":{"line":29,"column":8},"end":{"line":29,"column":65}},"22":{"start":{"line":33,"column":4},"end":{"line":38,"column":5}},"23":{"start":{"line":34,"column":8},"end":{"line":34,"column":22}},"24":{"start":{"line":37,"column":8},"end":{"line":37,"column":15}},"25":{"start":{"line":41,"column":0},"end":{"line":47,"column":3}},"26":{"start":{"line":42,"column":4},"end":{"line":46,"column":23}},"27":{"start":{"line":43,"column":8},"end":{"line":43,"column":39}},"28":{"start":{"line":44,"column":8},"end":{"line":44,"column":39}},"29":{"start":{"line":45,"column":8},"end":{"line":45,"column":42}},"30":{"start":{"line":49,"column":0},"end":{"line":49,"column":27}}},"branchMap":{"1":{"line":14,"type":"if","locations":[{"start":{"line":14,"column":4},"end":{"line":14,"column":4}},{"start":{"line":14,"column":4},"end":{"line":14,"column":4}}]},"2":{"line":20,"type":"if","locations":[{"start":{"line":20,"column":4},"end":{"line":20,"column":4}},{"start":{"line":20,"column":4},"end":{"line":20,"column":4}}]},"3":{"line":24,"type":"if","locations":[{"start":{"line":24,"column":4},"end":{"line":24,"column":4}},{"start":{"line":24,"column":4},"end":{"line":24,"column":4}}]},"4":{"line":28,"type":"if","locations":[{"start":{"line":28,"column":4},"end":{"line":28,"column":4}},{"start":{"line":28,"column":4},"end":{"line":28,"column":4}}]},"5":{"line":33,"type":"if","locations":[{"start":{"line":33,"column":4},"end":{"line":33,"column":4}},{"start":{"line":33,"column":4},"end":{"line":33,"column":4}}]},"6":{"line":33,"type":"binary-expr","locations":[{"start":{"line":33,"column":8},"end":{"line":33,"column":13}},{"start":{"line":33,"column":17},"end":{"line":33,"column":40}}]}}},"/home/antoine/a-lucas/angular.js-server/test-server/server/utils.js":{"path":"/home/antoine/a-lucas/angular.js-server/test-server/server/utils.js","s":{"1":1,"2":1,"3":1,"4":1,"5":1,"6":1,"7":1,"8":1,"9":1,"10":6,"11":6,"12":88,"13":88,"14":88,"15":6,"16":6,"17":6,"18":6,"19":2,"20":2,"21":2,"22":4,"23":4,"24":4,"25":0,"26":6,"27":6,"28":1,"29":0,"30":0,"31":0,"32":0,"33":0,"34":0,"35":1,"36":0,"37":0,"38":0,"39":0,"40":1,"41":0,"42":0,"43":0,"44":0,"45":0,"46":0,"47":0,"48":0,"49":0,"50":0},"b":{"1":[2,4,0]},"f":{"1":6,"2":88,"3":0,"4":0,"5":0,"6":0},"fnMap":{"1":{"name":"(anonymous_1)","line":15,"loc":{"start":{"line":15,"column":25},"end":{"line":15,"column":52}}},"2":{"name":"(anonymous_2)","line":19,"loc":{"start":{"line":19,"column":12},"end":{"line":19,"column":38}}},"3":{"name":"(anonymous_3)","line":50,"loc":{"start":{"line":50,"column":32},"end":{"line":50,"column":44}}},"4":{"name":"(anonymous_4)","line":55,"loc":{"start":{"line":55,"column":40},"end":{"line":55,"column":55}}},"5":{"name":"(anonymous_5)","line":63,"loc":{"start":{"line":63,"column":26},"end":{"line":63,"column":38}}},"6":{"name":"(anonymous_6)","line":72,"loc":{"start":{"line":72,"column":29},"end":{"line":72,"column":41}}}},"statementMap":{"1":{"start":{"line":3,"column":0},"end":{"line":3,"column":41}},"2":{"start":{"line":4,"column":0},"end":{"line":4,"column":33}},"3":{"start":{"line":5,"column":0},"end":{"line":5,"column":27}},"4":{"start":{"line":6,"column":0},"end":{"line":6,"column":34}},"5":{"start":{"line":7,"column":0},"end":{"line":7,"column":33}},"6":{"start":{"line":9,"column":0},"end":{"line":9,"column":29}},"7":{"start":{"line":11,"column":0},"end":{"line":11,"column":39}},"8":{"start":{"line":13,"column":0},"end":{"line":13,"column":35}},"9":{"start":{"line":15,"column":0},"end":{"line":45,"column":2}},"10":{"start":{"line":17,"column":4},"end":{"line":17,"column":49}},"11":{"start":{"line":19,"column":4},"end":{"line":23,"column":7}},"12":{"start":{"line":20,"column":8},"end":{"line":20,"column":80}},"13":{"start":{"line":21,"column":8},"end":{"line":21,"column":39}},"14":{"start":{"line":22,"column":8},"end":{"line":22,"column":15}},"15":{"start":{"line":25,"column":4},"end":{"line":25,"column":93}},"16":{"start":{"line":26,"column":4},"end":{"line":26,"column":117}},"17":{"start":{"line":27,"column":4},"end":{"line":27,"column":93}},"18":{"start":{"line":29,"column":4},"end":{"line":40,"column":5}},"19":{"start":{"line":31,"column":12},"end":{"line":31,"column":42}},"20":{"start":{"line":32,"column":12},"end":{"line":32,"column":43}},"21":{"start":{"line":33,"column":12},"end":{"line":33,"column":18}},"22":{"start":{"line":35,"column":12},"end":{"line":35,"column":42}},"23":{"start":{"line":36,"column":12},"end":{"line":36,"column":43}},"24":{"start":{"line":37,"column":12},"end":{"line":37,"column":18}},"25":{"start":{"line":39,"column":12},"end":{"line":39,"column":50}},"26":{"start":{"line":42,"column":4},"end":{"line":42,"column":76}},"27":{"start":{"line":44,"column":4},"end":{"line":44,"column":15}},"28":{"start":{"line":48,"column":0},"end":{"line":61,"column":2}},"29":{"start":{"line":49,"column":4},"end":{"line":59,"column":7}},"30":{"start":{"line":50,"column":8},"end":{"line":53,"column":11}},"31":{"start":{"line":51,"column":12},"end":{"line":51,"column":65}},"32":{"start":{"line":52,"column":12},"end":{"line":52,"column":26}},"33":{"start":{"line":55,"column":8},"end":{"line":58,"column":11}},"34":{"start":{"line":56,"column":12},"end":{"line":56,"column":24}},"35":{"start":{"line":63,"column":0},"end":{"line":70,"column":2}},"36":{"start":{"line":64,"column":4},"end":{"line":64,"column":48}},"37":{"start":{"line":65,"column":4},"end":{"line":69,"column":6}},"38":{"start":{"line":66,"column":8},"end":{"line":66,"column":36}},"39":{"start":{"line":68,"column":8},"end":{"line":68,"column":72}},"40":{"start":{"line":72,"column":0},"end":{"line":105,"column":2}},"41":{"start":{"line":75,"column":4},"end":{"line":75,"column":48}},"42":{"start":{"line":77,"column":4},"end":{"line":77,"column":61}},"43":{"start":{"line":78,"column":4},"end":{"line":78,"column":66}},"44":{"start":{"line":79,"column":4},"end":{"line":79,"column":67}},"45":{"start":{"line":81,"column":4},"end":{"line":81,"column":61}},"46":{"start":{"line":82,"column":4},"end":{"line":82,"column":66}},"47":{"start":{"line":83,"column":4},"end":{"line":83,"column":67}},"48":{"start":{"line":86,"column":4},"end":{"line":102,"column":7}},"49":{"start":{"line":98,"column":8},"end":{"line":98,"column":33}},"50":{"start":{"line":100,"column":8},"end":{"line":100,"column":69}}},"branchMap":{"1":{"line":29,"type":"switch","locations":[{"start":{"line":30,"column":8},"end":{"line":33,"column":18}},{"start":{"line":34,"column":8},"end":{"line":37,"column":18}},{"start":{"line":38,"column":8},"end":{"line":39,"column":50}}]}}},"/home/antoine/a-lucas/angular.js-server/test-server/server/api/products.js":{"path":"/home/antoine/a-lucas/angular.js-server/test-server/server/api/products.js","s":{"1":1},"b":{},"f":{},"fnMap":{},"statementMap":{"1":{"start":{"line":1,"column":0},"end":{"line":9,"column":7}}},"branchMap":{}},"/home/antoine/a-lucas/angular.js-server/test-server/server/jade/classic.server.js":{"path":"/home/antoine/a-lucas/angular.js-server/test-server/server/jade/classic.server.js","s":{"1":1,"2":1,"3":1,"4":1,"5":4,"6":1},"b":{},"f":{"1":4},"fnMap":{"1":{"name":"(anonymous_1)","line":10,"loc":{"start":{"line":10,"column":14},"end":{"line":10,"column":39}}}},"statementMap":{"1":{"start":{"line":5,"column":0},"end":{"line":5,"column":33}},"2":{"start":{"line":6,"column":0},"end":{"line":6,"column":42}},"3":{"start":{"line":8,"column":0},"end":{"line":8,"column":31}},"4":{"start":{"line":10,"column":0},"end":{"line":12,"column":3}},"5":{"start":{"line":11,"column":4},"end":{"line":11,"column":39}},"6":{"start":{"line":14,"column":0},"end":{"line":14,"column":21}}},"branchMap":{}},"/home/antoine/a-lucas/angular.js-server/test-server/server/jade/pre-render.server.js":{"path":"/home/antoine/a-lucas/angular.js-server/test-server/server/jade/pre-render.server.js","s":{"1":1,"2":1,"3":1,"4":1,"5":1,"6":1,"7":1,"8":1,"9":1,"10":1,"11":1,"12":1,"13":1,"14":4,"15":4,"16":4,"17":4,"18":4,"19":0,"20":0,"21":0,"22":0,"23":1},"b":{},"f":{"1":4,"2":4,"3":0,"4":0},"fnMap":{"1":{"name":"(anonymous_1)","line":21,"loc":{"start":{"line":21,"column":14},"end":{"line":21,"column":33}}},"2":{"name":"(anonymous_2)","line":27,"loc":{"start":{"line":27,"column":14},"end":{"line":27,"column":31}}},"3":{"name":"(anonymous_3)","line":30,"loc":{"start":{"line":30,"column":7},"end":{"line":30,"column":21}}},"4":{"name":"(anonymous_4)","line":33,"loc":{"start":{"line":33,"column":13},"end":{"line":33,"column":27}}}},"statementMap":{"1":{"start":{"line":5,"column":0},"end":{"line":5,"column":33}},"2":{"start":{"line":6,"column":0},"end":{"line":6,"column":27}},"3":{"start":{"line":7,"column":0},"end":{"line":7,"column":42}},"4":{"start":{"line":8,"column":0},"end":{"line":8,"column":27}},"5":{"start":{"line":9,"column":0},"end":{"line":9,"column":61}},"6":{"start":{"line":11,"column":0},"end":{"line":11,"column":72}},"7":{"start":{"line":13,"column":0},"end":{"line":13,"column":43}},"8":{"start":{"line":14,"column":0},"end":{"line":14,"column":50}},"9":{"start":{"line":15,"column":0},"end":{"line":15,"column":42}},"10":{"start":{"line":16,"column":0},"end":{"line":16,"column":58}},"11":{"start":{"line":17,"column":0},"end":{"line":17,"column":48}},"12":{"start":{"line":19,"column":0},"end":{"line":19,"column":35}},"13":{"start":{"line":21,"column":0},"end":{"line":38,"column":3}},"14":{"start":{"line":23,"column":4},"end":{"line":23,"column":91}},"15":{"start":{"line":25,"column":4},"end":{"line":25,"column":55}},"16":{"start":{"line":27,"column":4},"end":{"line":36,"column":7}},"17":{"start":{"line":28,"column":8},"end":{"line":28,"column":29}},"18":{"start":{"line":29,"column":8},"end":{"line":29,"column":30}},"19":{"start":{"line":31,"column":8},"end":{"line":31,"column":45}},"20":{"start":{"line":32,"column":8},"end":{"line":32,"column":27}},"21":{"start":{"line":34,"column":8},"end":{"line":34,"column":45}},"22":{"start":{"line":35,"column":8},"end":{"line":35,"column":27}},"23":{"start":{"line":40,"column":0},"end":{"line":40,"column":21}}},"branchMap":{}},"/home/antoine/a-lucas/angular.js-server/test-server/server/jade/middleware.server.js":{"path":"/home/antoine/a-lucas/angular.js-server/test-server/server/jade/middleware.server.js","s":{"1":1,"2":1,"3":1,"4":1,"5":1,"6":1,"7":1,"8":1,"9":1,"10":1,"11":1,"12":0,"13":1},"b":{},"f":{"1":0},"fnMap":{"1":{"name":"(anonymous_1)","line":21,"loc":{"start":{"line":21,"column":40},"end":{"line":21,"column":59}}}},"statementMap":{"1":{"start":{"line":6,"column":0},"end":{"line":6,"column":33}},"2":{"start":{"line":7,"column":0},"end":{"line":7,"column":27}},"3":{"start":{"line":8,"column":0},"end":{"line":8,"column":42}},"4":{"start":{"line":10,"column":0},"end":{"line":10,"column":72}},"5":{"start":{"line":13,"column":0},"end":{"line":13,"column":43}},"6":{"start":{"line":14,"column":0},"end":{"line":14,"column":50}},"7":{"start":{"line":15,"column":0},"end":{"line":15,"column":42}},"8":{"start":{"line":16,"column":0},"end":{"line":16,"column":58}},"9":{"start":{"line":17,"column":0},"end":{"line":17,"column":48}},"10":{"start":{"line":19,"column":0},"end":{"line":19,"column":35}},"11":{"start":{"line":21,"column":0},"end":{"line":23,"column":3}},"12":{"start":{"line":22,"column":4},"end":{"line":22,"column":32}},"13":{"start":{"line":25,"column":0},"end":{"line":25,"column":21}}},"branchMap":{}},"/home/antoine/a-lucas/angular.js-server/test-server/server/swig/classic.server.js":{"path":"/home/antoine/a-lucas/angular.js-server/test-server/server/swig/classic.server.js","s":{"1":1,"2":1,"3":1,"4":1,"5":4,"6":1},"b":{},"f":{"1":4},"fnMap":{"1":{"name":"(anonymous_1)","line":10,"loc":{"start":{"line":10,"column":14},"end":{"line":10,"column":33}}}},"statementMap":{"1":{"start":{"line":5,"column":0},"end":{"line":5,"column":33}},"2":{"start":{"line":6,"column":0},"end":{"line":6,"column":42}},"3":{"start":{"line":8,"column":0},"end":{"line":8,"column":35}},"4":{"start":{"line":10,"column":0},"end":{"line":12,"column":3}},"5":{"start":{"line":11,"column":4},"end":{"line":11,"column":32}},"6":{"start":{"line":14,"column":0},"end":{"line":14,"column":21}}},"branchMap":{}},"/home/antoine/a-lucas/angular.js-server/test-server/server/swig/pre-render.server.js":{"path":"/home/antoine/a-lucas/angular.js-server/test-server/server/swig/pre-render.server.js","s":{"1":1,"2":1,"3":1,"4":1,"5":1,"6":1,"7":1,"8":1,"9":1,"10":1,"11":1,"12":1,"13":1,"14":4,"15":4,"16":4,"17":4,"18":4,"19":4,"20":0,"21":0,"22":0,"23":0,"24":1},"b":{},"f":{"1":4,"2":4,"3":0,"4":0},"fnMap":{"1":{"name":"(anonymous_1)","line":16,"loc":{"start":{"line":16,"column":14},"end":{"line":16,"column":33}}},"2":{"name":"(anonymous_2)","line":25,"loc":{"start":{"line":25,"column":14},"end":{"line":25,"column":31}}},"3":{"name":"(anonymous_3)","line":28,"loc":{"start":{"line":28,"column":7},"end":{"line":28,"column":21}}},"4":{"name":"(anonymous_4)","line":31,"loc":{"start":{"line":31,"column":13},"end":{"line":31,"column":27}}}},"statementMap":{"1":{"start":{"line":1,"column":0},"end":{"line":1,"column":33}},"2":{"start":{"line":2,"column":0},"end":{"line":2,"column":27}},"3":{"start":{"line":3,"column":0},"end":{"line":3,"column":42}},"4":{"start":{"line":4,"column":0},"end":{"line":4,"column":27}},"5":{"start":{"line":5,"column":0},"end":{"line":5,"column":72}},"6":{"start":{"line":6,"column":0},"end":{"line":6,"column":61}},"7":{"start":{"line":8,"column":0},"end":{"line":8,"column":43}},"8":{"start":{"line":9,"column":0},"end":{"line":9,"column":50}},"9":{"start":{"line":10,"column":0},"end":{"line":10,"column":42}},"10":{"start":{"line":11,"column":0},"end":{"line":11,"column":58}},"11":{"start":{"line":12,"column":0},"end":{"line":12,"column":48}},"12":{"start":{"line":14,"column":0},"end":{"line":14,"column":35}},"13":{"start":{"line":16,"column":0},"end":{"line":36,"column":3}},"14":{"start":{"line":18,"column":4},"end":{"line":20,"column":7}},"15":{"start":{"line":21,"column":4},"end":{"line":21,"column":26}},"16":{"start":{"line":23,"column":4},"end":{"line":23,"column":54}},"17":{"start":{"line":25,"column":4},"end":{"line":34,"column":7}},"18":{"start":{"line":26,"column":8},"end":{"line":26,"column":29}},"19":{"start":{"line":27,"column":8},"end":{"line":27,"column":30}},"20":{"start":{"line":29,"column":8},"end":{"line":29,"column":45}},"21":{"start":{"line":30,"column":8},"end":{"line":30,"column":27}},"22":{"start":{"line":32,"column":8},"end":{"line":32,"column":45}},"23":{"start":{"line":33,"column":8},"end":{"line":33,"column":27}},"24":{"start":{"line":38,"column":0},"end":{"line":38,"column":21}}},"branchMap":{}},"/home/antoine/a-lucas/angular.js-server/test-server/server/swig/middleware.server.js":{"path":"/home/antoine/a-lucas/angular.js-server/test-server/server/swig/middleware.server.js","s":{"1":1,"2":1,"3":1,"4":1,"5":1,"6":1,"7":1,"8":1,"9":1,"10":1,"11":1,"12":0,"13":1},"b":{},"f":{"1":0},"fnMap":{"1":{"name":"(anonymous_1)","line":20,"loc":{"start":{"line":20,"column":40},"end":{"line":20,"column":59}}}},"statementMap":{"1":{"start":{"line":5,"column":0},"end":{"line":5,"column":33}},"2":{"start":{"line":6,"column":0},"end":{"line":6,"column":27}},"3":{"start":{"line":7,"column":0},"end":{"line":7,"column":42}},"4":{"start":{"line":9,"column":0},"end":{"line":9,"column":72}},"5":{"start":{"line":12,"column":0},"end":{"line":12,"column":43}},"6":{"start":{"line":13,"column":0},"end":{"line":13,"column":50}},"7":{"start":{"line":14,"column":0},"end":{"line":14,"column":42}},"8":{"start":{"line":15,"column":0},"end":{"line":15,"column":58}},"9":{"start":{"line":16,"column":0},"end":{"line":16,"column":48}},"10":{"start":{"line":18,"column":0},"end":{"line":18,"column":35}},"11":{"start":{"line":20,"column":0},"end":{"line":22,"column":3}},"12":{"start":{"line":21,"column":4},"end":{"line":21,"column":32}},"13":{"start":{"line":24,"column":0},"end":{"line":24,"column":21}}},"branchMap":{}}}