{"/home/antoine/a-lucas/angular.js-server/test-server/server/utils.js":{"path":"/home/antoine/a-lucas/angular.js-server/test-server/server/utils.js","s":{"1":1,"2":1,"3":1,"4":1,"5":1,"6":1,"7":1,"8":1,"9":8,"10":8,"11":52,"12":52,"13":52,"14":8,"15":8,"16":8,"17":8,"18":2,"19":2,"20":2,"21":6,"22":6,"23":6,"24":0,"25":8,"26":8,"27":1,"28":1,"29":12,"30":12,"31":12,"32":12,"33":12,"34":0,"35":0,"36":1,"37":0,"38":0,"39":0,"40":0,"41":1,"42":0,"43":0,"44":0,"45":0,"46":0,"47":1,"48":2,"49":2,"50":2,"51":2,"52":12,"53":12,"54":12,"55":0,"56":0,"57":12,"58":12,"59":12,"60":2,"61":2,"62":1,"63":2,"64":2,"65":2,"66":2,"67":2,"68":2,"69":2,"70":2,"71":2,"72":2,"73":2,"74":2,"75":2,"76":2,"77":0,"78":0,"79":0,"80":0,"81":1,"82":1,"83":2,"84":2,"85":2,"86":1,"87":2,"88":2,"89":0,"90":2,"91":2},"b":{"1":[2,6,0],"2":[0,12],"3":[2,10],"4":[2,0],"5":[2,2],"6":[0,2]},"f":{"1":8,"2":52,"3":12,"4":0,"5":0,"6":2},"fnMap":{"1":{"name":"(anonymous_1)","line":15,"loc":{"start":{"line":15,"column":25},"end":{"line":15,"column":52}}},"2":{"name":"(anonymous_2)","line":18,"loc":{"start":{"line":18,"column":12},"end":{"line":18,"column":38}}},"3":{"name":"(anonymous_3)","line":51,"loc":{"start":{"line":51,"column":47},"end":{"line":51,"column":59}}},"4":{"name":"(anonymous_4)","line":69,"loc":{"start":{"line":69,"column":26},"end":{"line":69,"column":38}}},"5":{"name":"(anonymous_5)","line":78,"loc":{"start":{"line":78,"column":29},"end":{"line":78,"column":40}}},"6":{"name":"(anonymous_6)","line":112,"loc":{"start":{"line":112,"column":33},"end":{"line":112,"column":62}}}},"statementMap":{"1":{"start":{"line":3,"column":0},"end":{"line":3,"column":41}},"2":{"start":{"line":4,"column":0},"end":{"line":4,"column":33}},"3":{"start":{"line":5,"column":0},"end":{"line":5,"column":27}},"4":{"start":{"line":6,"column":0},"end":{"line":6,"column":34}},"5":{"start":{"line":9,"column":0},"end":{"line":9,"column":29}},"6":{"start":{"line":11,"column":0},"end":{"line":11,"column":39}},"7":{"start":{"line":13,"column":0},"end":{"line":13,"column":35}},"8":{"start":{"line":15,"column":0},"end":{"line":44,"column":2}},"9":{"start":{"line":17,"column":4},"end":{"line":17,"column":49}},"10":{"start":{"line":18,"column":4},"end":{"line":22,"column":7}},"11":{"start":{"line":19,"column":8},"end":{"line":19,"column":80}},"12":{"start":{"line":20,"column":8},"end":{"line":20,"column":39}},"13":{"start":{"line":21,"column":8},"end":{"line":21,"column":15}},"14":{"start":{"line":24,"column":4},"end":{"line":24,"column":93}},"15":{"start":{"line":25,"column":4},"end":{"line":25,"column":117}},"16":{"start":{"line":26,"column":4},"end":{"line":26,"column":93}},"17":{"start":{"line":28,"column":4},"end":{"line":39,"column":5}},"18":{"start":{"line":30,"column":12},"end":{"line":30,"column":42}},"19":{"start":{"line":31,"column":12},"end":{"line":31,"column":43}},"20":{"start":{"line":32,"column":12},"end":{"line":32,"column":18}},"21":{"start":{"line":34,"column":12},"end":{"line":34,"column":40}},"22":{"start":{"line":35,"column":12},"end":{"line":35,"column":42}},"23":{"start":{"line":36,"column":12},"end":{"line":36,"column":18}},"24":{"start":{"line":38,"column":12},"end":{"line":38,"column":63}},"25":{"start":{"line":41,"column":4},"end":{"line":41,"column":76}},"26":{"start":{"line":43,"column":4},"end":{"line":43,"column":15}},"27":{"start":{"line":46,"column":0},"end":{"line":46,"column":28}},"28":{"start":{"line":48,"column":0},"end":{"line":67,"column":2}},"29":{"start":{"line":49,"column":4},"end":{"line":65,"column":7}},"30":{"start":{"line":51,"column":8},"end":{"line":59,"column":11}},"31":{"start":{"line":52,"column":12},"end":{"line":52,"column":65}},"32":{"start":{"line":54,"column":12},"end":{"line":58,"column":15}},"33":{"start":{"line":61,"column":8},"end":{"line":64,"column":11}},"34":{"start":{"line":62,"column":12},"end":{"line":62,"column":45}},"35":{"start":{"line":63,"column":12},"end":{"line":63,"column":24}},"36":{"start":{"line":69,"column":0},"end":{"line":76,"column":2}},"37":{"start":{"line":70,"column":4},"end":{"line":70,"column":48}},"38":{"start":{"line":71,"column":4},"end":{"line":75,"column":6}},"39":{"start":{"line":72,"column":8},"end":{"line":72,"column":36}},"40":{"start":{"line":74,"column":8},"end":{"line":74,"column":72}},"41":{"start":{"line":78,"column":0},"end":{"line":89,"column":2}},"42":{"start":{"line":79,"column":4},"end":{"line":79,"column":61}},"43":{"start":{"line":80,"column":4},"end":{"line":80,"column":48}},"44":{"start":{"line":81,"column":4},"end":{"line":88,"column":7}},"45":{"start":{"line":85,"column":8},"end":{"line":85,"column":39}},"46":{"start":{"line":87,"column":8},"end":{"line":87,"column":69}},"47":{"start":{"line":91,"column":0},"end":{"line":110,"column":2}},"48":{"start":{"line":93,"column":4},"end":{"line":93,"column":51}},"49":{"start":{"line":94,"column":4},"end":{"line":94,"column":28}},"50":{"start":{"line":96,"column":4},"end":{"line":96,"column":52}},"51":{"start":{"line":98,"column":4},"end":{"line":109,"column":7}},"52":{"start":{"line":99,"column":8},"end":{"line":99,"column":71}},"53":{"start":{"line":100,"column":8},"end":{"line":108,"column":10}},"54":{"start":{"line":101,"column":12},"end":{"line":101,"column":50}},"55":{"start":{"line":101,"column":22},"end":{"line":101,"column":33}},"56":{"start":{"line":101,"column":34},"end":{"line":101,"column":49}},"57":{"start":{"line":102,"column":12},"end":{"line":102,"column":30}},"58":{"start":{"line":103,"column":12},"end":{"line":103,"column":59}},"59":{"start":{"line":104,"column":12},"end":{"line":107,"column":13}},"60":{"start":{"line":105,"column":16},"end":{"line":105,"column":58}},"61":{"start":{"line":106,"column":16},"end":{"line":106,"column":25}},"62":{"start":{"line":112,"column":0},"end":{"line":158,"column":2}},"63":{"start":{"line":114,"column":4},"end":{"line":114,"column":50}},"64":{"start":{"line":115,"column":4},"end":{"line":115,"column":46}},"65":{"start":{"line":117,"column":4},"end":{"line":117,"column":27}},"66":{"start":{"line":118,"column":4},"end":{"line":118,"column":81}},"67":{"start":{"line":119,"column":4},"end":{"line":119,"column":86}},"68":{"start":{"line":126,"column":4},"end":{"line":138,"column":6}},"69":{"start":{"line":140,"column":4},"end":{"line":145,"column":5}},"70":{"start":{"line":141,"column":8},"end":{"line":141,"column":136}},"71":{"start":{"line":142,"column":8},"end":{"line":142,"column":140}},"72":{"start":{"line":143,"column":8},"end":{"line":143,"column":115}},"73":{"start":{"line":144,"column":8},"end":{"line":144,"column":115}},"74":{"start":{"line":147,"column":4},"end":{"line":156,"column":7}},"75":{"start":{"line":148,"column":8},"end":{"line":148,"column":33}},"76":{"start":{"line":149,"column":8},"end":{"line":149,"column":26}},"77":{"start":{"line":151,"column":8},"end":{"line":151,"column":69}},"78":{"start":{"line":152,"column":8},"end":{"line":152,"column":22}},"79":{"start":{"line":154,"column":8},"end":{"line":154,"column":69}},"80":{"start":{"line":155,"column":8},"end":{"line":155,"column":22}},"81":{"start":{"line":165,"column":0},"end":{"line":165,"column":18}},"82":{"start":{"line":167,"column":0},"end":{"line":171,"column":2}},"83":{"start":{"line":168,"column":4},"end":{"line":168,"column":53}},"84":{"start":{"line":169,"column":4},"end":{"line":169,"column":36}},"85":{"start":{"line":170,"column":4},"end":{"line":170,"column":23}},"86":{"start":{"line":173,"column":0},"end":{"line":181,"column":2}},"87":{"start":{"line":175,"column":4},"end":{"line":179,"column":8}},"88":{"start":{"line":176,"column":8},"end":{"line":176,"column":31}},"89":{"start":{"line":176,"column":16},"end":{"line":176,"column":31}},"90":{"start":{"line":177,"column":8},"end":{"line":177,"column":22}},"91":{"start":{"line":178,"column":8},"end":{"line":178,"column":13}}},"branchMap":{"1":{"line":28,"type":"switch","locations":[{"start":{"line":29,"column":8},"end":{"line":32,"column":18}},{"start":{"line":33,"column":8},"end":{"line":36,"column":18}},{"start":{"line":37,"column":8},"end":{"line":38,"column":63}}]},"2":{"line":101,"type":"if","locations":[{"start":{"line":101,"column":12},"end":{"line":101,"column":12}},{"start":{"line":101,"column":12},"end":{"line":101,"column":12}}]},"3":{"line":104,"type":"if","locations":[{"start":{"line":104,"column":12},"end":{"line":104,"column":12}},{"start":{"line":104,"column":12},"end":{"line":104,"column":12}}]},"4":{"line":140,"type":"if","locations":[{"start":{"line":140,"column":4},"end":{"line":140,"column":4}},{"start":{"line":140,"column":4},"end":{"line":140,"column":4}}]},"5":{"line":140,"type":"binary-expr","locations":[{"start":{"line":140,"column":7},"end":{"line":140,"column":40}},{"start":{"line":140,"column":45},"end":{"line":140,"column":69}}]},"6":{"line":176,"type":"if","locations":[{"start":{"line":176,"column":8},"end":{"line":176,"column":8}},{"start":{"line":176,"column":8},"end":{"line":176,"column":8}}]}}},"/home/antoine/a-lucas/angular.js-server/test-server/server/api/api-server.js":{"path":"/home/antoine/a-lucas/angular.js-server/test-server/server/api/api-server.js","s":{"1":1,"2":1,"3":1,"4":1,"5":1,"6":1,"7":1,"8":0,"9":0,"10":1,"11":4,"12":4,"13":4,"14":4,"15":4,"16":0,"17":0,"18":0,"19":0,"20":4,"21":1,"22":4,"23":4,"24":4,"25":4,"26":4,"27":4,"28":1},"b":{"1":[0,4]},"f":{"1":0,"2":4,"3":4,"4":4},"fnMap":{"1":{"name":"(anonymous_1)","line":11,"loc":{"start":{"line":11,"column":23},"end":{"line":11,"column":48}}},"2":{"name":"(anonymous_2)","line":16,"loc":{"start":{"line":16,"column":14},"end":{"line":16,"column":39}}},"3":{"name":"(anonymous_3)","line":70,"loc":{"start":{"line":70,"column":33},"end":{"line":70,"column":52}}},"4":{"name":"(anonymous_4)","line":72,"loc":{"start":{"line":72,"column":16},"end":{"line":72,"column":27}}}},"statementMap":{"1":{"start":{"line":3,"column":0},"end":{"line":3,"column":33}},"2":{"start":{"line":4,"column":0},"end":{"line":4,"column":27}},"3":{"start":{"line":5,"column":0},"end":{"line":5,"column":46}},"4":{"start":{"line":6,"column":0},"end":{"line":6,"column":26}},"5":{"start":{"line":7,"column":0},"end":{"line":7,"column":37}},"6":{"start":{"line":8,"column":0},"end":{"line":8,"column":26}},"7":{"start":{"line":11,"column":0},"end":{"line":14,"column":3}},"8":{"start":{"line":12,"column":4},"end":{"line":12,"column":57}},"9":{"start":{"line":13,"column":4},"end":{"line":13,"column":11}},"10":{"start":{"line":16,"column":0},"end":{"line":33,"column":3}},"11":{"start":{"line":18,"column":4},"end":{"line":18,"column":54}},"12":{"start":{"line":19,"column":4},"end":{"line":19,"column":56}},"13":{"start":{"line":20,"column":4},"end":{"line":20,"column":66}},"14":{"start":{"line":22,"column":4},"end":{"line":22,"column":37}},"15":{"start":{"line":23,"column":4},"end":{"line":28,"column":5}},"16":{"start":{"line":24,"column":8},"end":{"line":24,"column":57}},"17":{"start":{"line":25,"column":8},"end":{"line":25,"column":27}},"18":{"start":{"line":26,"column":8},"end":{"line":26,"column":18}},"19":{"start":{"line":27,"column":8},"end":{"line":27,"column":15}},"20":{"start":{"line":32,"column":4},"end":{"line":32,"column":11}},"21":{"start":{"line":70,"column":0},"end":{"line":78,"column":3}},"22":{"start":{"line":71,"column":4},"end":{"line":71,"column":60}},"23":{"start":{"line":72,"column":4},"end":{"line":77,"column":23}},"24":{"start":{"line":73,"column":8},"end":{"line":73,"column":39}},"25":{"start":{"line":74,"column":8},"end":{"line":74,"column":39}},"26":{"start":{"line":75,"column":8},"end":{"line":75,"column":73}},"27":{"start":{"line":76,"column":8},"end":{"line":76,"column":42}},"28":{"start":{"line":80,"column":0},"end":{"line":80,"column":27}}},"branchMap":{"1":{"line":23,"type":"if","locations":[{"start":{"line":23,"column":4},"end":{"line":23,"column":4}},{"start":{"line":23,"column":4},"end":{"line":23,"column":4}}]}}},"/home/antoine/a-lucas/angular.js-server/test-server/server/api/products.js":{"path":"/home/antoine/a-lucas/angular.js-server/test-server/server/api/products.js","s":{"1":1},"b":{},"f":{},"fnMap":{},"statementMap":{"1":{"start":{"line":1,"column":4},"end":{"line":9,"column":11}}},"branchMap":{}},"/home/antoine/a-lucas/angular.js-server/test-server/server/rfc/server.js":{"path":"/home/antoine/a-lucas/angular.js-server/test-server/server/rfc/server.js","s":{"1":1,"2":1,"3":1,"4":1,"5":1,"6":1,"7":1,"8":1,"9":0,"10":0,"11":0,"12":1,"13":0,"14":0,"15":0,"16":0,"17":0,"18":0,"19":0,"20":0,"21":0,"22":0,"23":0,"24":0,"25":0,"26":0,"27":0,"28":0,"29":1},"b":{"1":[0,0],"2":[0,0],"3":[0,0,0,0]},"f":{"1":0,"2":0},"fnMap":{"1":{"name":"(anonymous_1)","line":13,"loc":{"start":{"line":13,"column":14},"end":{"line":13,"column":39}}},"2":{"name":"(anonymous_2)","line":20,"loc":{"start":{"line":20,"column":45},"end":{"line":20,"column":64}}}},"statementMap":{"1":{"start":{"line":2,"column":0},"end":{"line":2,"column":41}},"2":{"start":{"line":3,"column":0},"end":{"line":3,"column":33}},"3":{"start":{"line":4,"column":0},"end":{"line":4,"column":27}},"4":{"start":{"line":5,"column":0},"end":{"line":5,"column":46}},"5":{"start":{"line":6,"column":0},"end":{"line":6,"column":26}},"6":{"start":{"line":8,"column":0},"end":{"line":8,"column":26}},"7":{"start":{"line":10,"column":0},"end":{"line":10,"column":54}},"8":{"start":{"line":13,"column":0},"end":{"line":17,"column":3}},"9":{"start":{"line":14,"column":4},"end":{"line":14,"column":80}},"10":{"start":{"line":15,"column":4},"end":{"line":15,"column":35}},"11":{"start":{"line":16,"column":4},"end":{"line":16,"column":11}},"12":{"start":{"line":20,"column":0},"end":{"line":48,"column":3}},"13":{"start":{"line":22,"column":4},"end":{"line":24,"column":5}},"14":{"start":{"line":23,"column":8},"end":{"line":23,"column":72}},"15":{"start":{"line":26,"column":4},"end":{"line":28,"column":5}},"16":{"start":{"line":27,"column":8},"end":{"line":27,"column":74}},"17":{"start":{"line":30,"column":4},"end":{"line":46,"column":5}},"18":{"start":{"line":32,"column":12},"end":{"line":32,"column":70}},"19":{"start":{"line":33,"column":12},"end":{"line":33,"column":48}},"20":{"start":{"line":34,"column":12},"end":{"line":34,"column":18}},"21":{"start":{"line":36,"column":12},"end":{"line":36,"column":75}},"22":{"start":{"line":37,"column":12},"end":{"line":37,"column":50}},"23":{"start":{"line":38,"column":12},"end":{"line":38,"column":18}},"24":{"start":{"line":40,"column":12},"end":{"line":40,"column":69}},"25":{"start":{"line":41,"column":12},"end":{"line":41,"column":40}},"26":{"start":{"line":42,"column":12},"end":{"line":42,"column":18}},"27":{"start":{"line":44,"column":12},"end":{"line":44,"column":70}},"28":{"start":{"line":45,"column":12},"end":{"line":45,"column":53}},"29":{"start":{"line":50,"column":0},"end":{"line":50,"column":27}}},"branchMap":{"1":{"line":22,"type":"if","locations":[{"start":{"line":22,"column":4},"end":{"line":22,"column":4}},{"start":{"line":22,"column":4},"end":{"line":22,"column":4}}]},"2":{"line":26,"type":"if","locations":[{"start":{"line":26,"column":4},"end":{"line":26,"column":4}},{"start":{"line":26,"column":4},"end":{"line":26,"column":4}}]},"3":{"line":30,"type":"switch","locations":[{"start":{"line":31,"column":8},"end":{"line":34,"column":18}},{"start":{"line":35,"column":8},"end":{"line":38,"column":18}},{"start":{"line":39,"column":8},"end":{"line":42,"column":18}},{"start":{"line":43,"column":8},"end":{"line":45,"column":53}}]}}},"/home/antoine/a-lucas/angular.js-server/test-server/server/pug/classic.server.js":{"path":"/home/antoine/a-lucas/angular.js-server/test-server/server/pug/classic.server.js","s":{"1":1,"2":1,"3":1,"4":4,"5":4,"6":6,"7":6,"8":4},"b":{"1":[6,0]},"f":{"1":4,"2":6},"fnMap":{"1":{"name":"(anonymous_1)","line":9,"loc":{"start":{"line":9,"column":17},"end":{"line":9,"column":34}}},"2":{"name":"(anonymous_2)","line":13,"loc":{"start":{"line":13,"column":18},"end":{"line":13,"column":43}}}},"statementMap":{"1":{"start":{"line":5,"column":0},"end":{"line":5,"column":33}},"2":{"start":{"line":6,"column":0},"end":{"line":6,"column":42}},"3":{"start":{"line":9,"column":0},"end":{"line":22,"column":2}},"4":{"start":{"line":11,"column":4},"end":{"line":11,"column":38}},"5":{"start":{"line":13,"column":4},"end":{"line":18,"column":7}},"6":{"start":{"line":15,"column":8},"end":{"line":15,"column":55}},"7":{"start":{"line":17,"column":8},"end":{"line":17,"column":43}},"8":{"start":{"line":20,"column":4},"end":{"line":20,"column":15}}},"branchMap":{"1":{"line":15,"type":"cond-expr","locations":[{"start":{"line":15,"column":43},"end":{"line":15,"column":49}},{"start":{"line":15,"column":52},"end":{"line":15,"column":54}}]}}},"/home/antoine/a-lucas/angular.js-server/test-server/server/pug/pre-render.server.js":{"path":"/home/antoine/a-lucas/angular.js-server/test-server/server/pug/pre-render.server.js","s":{"1":1,"2":1,"3":1,"4":1,"5":1,"6":1,"7":1,"8":2,"9":2,"10":6,"11":6,"12":6,"13":6,"14":6,"15":6,"16":6,"17":6,"18":6,"19":6,"20":6,"21":0,"22":0,"23":0,"24":2},"b":{"1":[6,0],"2":[6,0,0,0]},"f":{"1":6},"fnMap":{"1":{"name":"(anonymous_1)","line":16,"loc":{"start":{"line":16,"column":18},"end":{"line":16,"column":37}}}},"statementMap":{"1":{"start":{"line":3,"column":0},"end":{"line":3,"column":33}},"2":{"start":{"line":4,"column":0},"end":{"line":4,"column":26}},"3":{"start":{"line":5,"column":0},"end":{"line":5,"column":42}},"4":{"start":{"line":6,"column":0},"end":{"line":6,"column":27}},"5":{"start":{"line":7,"column":0},"end":{"line":7,"column":61}},"6":{"start":{"line":8,"column":0},"end":{"line":8,"column":47}},"7":{"start":{"line":12,"column":0},"end":{"line":49,"column":2}},"8":{"start":{"line":14,"column":4},"end":{"line":14,"column":40}},"9":{"start":{"line":16,"column":4},"end":{"line":46,"column":7}},"10":{"start":{"line":18,"column":8},"end":{"line":18,"column":55}},"11":{"start":{"line":20,"column":8},"end":{"line":20,"column":102}},"12":{"start":{"line":22,"column":8},"end":{"line":22,"column":57}},"13":{"start":{"line":24,"column":8},"end":{"line":24,"column":52}},"14":{"start":{"line":26,"column":8},"end":{"line":26,"column":46}},"15":{"start":{"line":28,"column":8},"end":{"line":44,"column":11}},"16":{"start":{"line":29,"column":12},"end":{"line":29,"column":58}},"17":{"start":{"line":30,"column":12},"end":{"line":30,"column":26}},"18":{"start":{"line":32,"column":12},"end":{"line":42,"column":13}},"19":{"start":{"line":34,"column":20},"end":{"line":34,"column":42}},"20":{"start":{"line":35,"column":20},"end":{"line":35,"column":26}},"21":{"start":{"line":38,"column":20},"end":{"line":38,"column":39}},"22":{"start":{"line":39,"column":20},"end":{"line":39,"column":26}},"23":{"start":{"line":41,"column":20},"end":{"line":41,"column":72}},"24":{"start":{"line":48,"column":4},"end":{"line":48,"column":15}}},"branchMap":{"1":{"line":18,"type":"cond-expr","locations":[{"start":{"line":18,"column":43},"end":{"line":18,"column":49}},{"start":{"line":18,"column":52},"end":{"line":18,"column":54}}]},"2":{"line":32,"type":"switch","locations":[{"start":{"line":33,"column":16},"end":{"line":35,"column":26}},{"start":{"line":36,"column":16},"end":{"line":36,"column":23}},{"start":{"line":37,"column":16},"end":{"line":39,"column":26}},{"start":{"line":40,"column":16},"end":{"line":41,"column":72}}]}}},"/home/antoine/a-lucas/angular.js-server/dist/client.js":{"path":"/home/antoine/a-lucas/angular.js-server/dist/client.js","s":{"1":1,"2":1,"3":1,"4":4,"5":0,"6":4,"7":4,"8":4,"9":4,"10":1,"11":1,"12":1,"13":1,"14":1,"15":1,"16":1,"17":1,"18":1,"19":6,"20":6,"21":6,"22":6,"23":1,"24":0,"25":0,"26":0,"27":0,"28":0,"29":0,"30":0,"31":0,"32":0,"33":0,"34":0,"35":0,"36":0,"37":0,"38":0,"39":0,"40":0,"41":0,"42":0,"43":0,"44":0,"45":1,"46":0,"47":0,"48":0,"49":0,"50":0,"51":0,"52":0,"53":0,"54":0,"55":0,"56":0,"57":0,"58":0,"59":0,"60":0,"61":0,"62":0,"63":0,"64":1,"65":6,"66":6,"67":6,"68":6,"69":6,"70":3,"71":3,"72":3,"73":0,"74":0,"75":0,"76":0,"77":0,"78":3,"79":3,"80":0,"81":0,"82":1,"83":3,"84":3,"85":3,"86":6,"87":6,"88":3,"89":3,"90":3,"91":3,"92":0,"93":0,"94":3,"95":1,"96":1,"97":1,"98":1,"99":1,"100":1,"101":1,"102":1,"103":1,"104":1,"105":1,"106":1,"107":1,"108":1,"109":1,"110":1,"111":1,"112":1,"113":1,"114":1,"115":1,"116":1,"117":1,"118":1},"b":{"1":[0,4],"2":[0,0],"3":[0,0],"4":[0,0],"5":[0,0],"6":[0,0],"7":[0,0,0,0,0],"8":[3,0,0,3,0],"9":[3,3,3,0],"10":[1,1],"11":[1,1],"12":[1,1]},"f":{"1":1,"2":4,"3":1,"4":1,"5":6,"6":6,"7":0,"8":0,"9":0,"10":0,"11":0,"12":6,"13":6,"14":3,"15":6,"16":1,"17":1,"18":1,"19":1,"20":1,"21":1},"fnMap":{"1":{"name":"(anonymous_1)","line":2,"loc":{"start":{"line":2,"column":10},"end":{"line":2,"column":28}}},"2":{"name":"__webpack_require__","line":7,"loc":{"start":{"line":7,"column":10},"end":{"line":7,"column":49}}},"3":{"name":"(anonymous_3)","line":47,"loc":{"start":{"line":47,"column":6},"end":{"line":47,"column":53}}},"4":{"name":"(anonymous_4)","line":53,"loc":{"start":{"line":53,"column":15},"end":{"line":53,"column":27}}},"5":{"name":"Client","line":54,"loc":{"start":{"line":54,"column":5},"end":{"line":54,"column":33}}},"6":{"name":"(anonymous_6)","line":57,"loc":{"start":{"line":57,"column":35},"end":{"line":57,"column":47}}},"7":{"name":"(anonymous_7)","line":61,"loc":{"start":{"line":61,"column":35},"end":{"line":61,"column":61}}},"8":{"name":"(anonymous_8)","line":74,"loc":{"start":{"line":74,"column":20},"end":{"line":74,"column":36}}},"9":{"name":"(anonymous_9)","line":76,"loc":{"start":{"line":76,"column":49},"end":{"line":76,"column":69}}},"10":{"name":"(anonymous_10)","line":96,"loc":{"start":{"line":96,"column":34},"end":{"line":96,"column":53}}},"11":{"name":"(anonymous_11)","line":100,"loc":{"start":{"line":100,"column":47},"end":{"line":100,"column":67}}},"12":{"name":"(anonymous_12)","line":128,"loc":{"start":{"line":128,"column":35},"end":{"line":128,"column":60}}},"13":{"name":"(anonymous_13)","line":132,"loc":{"start":{"line":132,"column":47},"end":{"line":132,"column":67}}},"14":{"name":"(anonymous_14)","line":159,"loc":{"start":{"line":159,"column":34},"end":{"line":159,"column":55}}},"15":{"name":"(anonymous_15)","line":162,"loc":{"start":{"line":162,"column":54},"end":{"line":162,"column":74}}},"16":{"name":"(anonymous_16)","line":192,"loc":{"start":{"line":192,"column":6},"end":{"line":192,"column":32}}},"17":{"name":"(anonymous_17)","line":204,"loc":{"start":{"line":204,"column":2},"end":{"line":204,"column":32}}},"18":{"name":"(anonymous_18)","line":212,"loc":{"start":{"line":212,"column":2},"end":{"line":212,"column":31}}},"19":{"name":"(anonymous_19)","line":221,"loc":{"start":{"line":221,"column":2},"end":{"line":221,"column":32}}},"20":{"name":"(anonymous_20)","line":234,"loc":{"start":{"line":234,"column":6},"end":{"line":234,"column":32}}},"21":{"name":"(anonymous_21)","line":241,"loc":{"start":{"line":241,"column":6},"end":{"line":241,"column":32}}}},"statementMap":{"1":{"start":{"line":1,"column":0},"end":{"line":247,"column":12}},"2":{"start":{"line":4,"column":10},"end":{"line":4,"column":36}},"3":{"start":{"line":7,"column":10},"end":{"line":28,"column":11}},"4":{"start":{"line":10,"column":11},"end":{"line":11,"column":54}},"5":{"start":{"line":11,"column":12},"end":{"line":11,"column":54}},"6":{"start":{"line":14,"column":11},"end":{"line":18,"column":13}},"7":{"start":{"line":21,"column":11},"end":{"line":21,"column":95}},"8":{"start":{"line":24,"column":11},"end":{"line":24,"column":32}},"9":{"start":{"line":27,"column":11},"end":{"line":27,"column":33}},"10":{"start":{"line":32,"column":10},"end":{"line":32,"column":42}},"11":{"start":{"line":35,"column":10},"end":{"line":35,"column":51}},"12":{"start":{"line":38,"column":10},"end":{"line":38,"column":37}},"13":{"start":{"line":41,"column":10},"end":{"line":41,"column":40}},"14":{"start":{"line":50,"column":1},"end":{"line":50,"column":34}},"15":{"start":{"line":51,"column":1},"end":{"line":51,"column":41}},"16":{"start":{"line":52,"column":1},"end":{"line":52,"column":56}},"17":{"start":{"line":53,"column":1},"end":{"line":185,"column":6}},"18":{"start":{"line":54,"column":5},"end":{"line":60,"column":6}},"19":{"start":{"line":55,"column":9},"end":{"line":55,"column":38}},"20":{"start":{"line":56,"column":9},"end":{"line":56,"column":51}},"21":{"start":{"line":57,"column":9},"end":{"line":59,"column":12}},"22":{"start":{"line":58,"column":13},"end":{"line":58,"column":49}},"23":{"start":{"line":61,"column":5},"end":{"line":94,"column":7}},"24":{"start":{"line":62,"column":9},"end":{"line":62,"column":26}},"25":{"start":{"line":63,"column":9},"end":{"line":63,"column":55}},"26":{"start":{"line":64,"column":9},"end":{"line":66,"column":10}},"27":{"start":{"line":65,"column":13},"end":{"line":65,"column":20}},"28":{"start":{"line":67,"column":9},"end":{"line":69,"column":10}},"29":{"start":{"line":68,"column":13},"end":{"line":68,"column":20}},"30":{"start":{"line":70,"column":9},"end":{"line":72,"column":10}},"31":{"start":{"line":71,"column":13},"end":{"line":71,"column":20}},"32":{"start":{"line":73,"column":9},"end":{"line":73,"column":39}},"33":{"start":{"line":74,"column":9},"end":{"line":92,"column":11}},"34":{"start":{"line":75,"column":13},"end":{"line":91,"column":14}},"35":{"start":{"line":76,"column":17},"end":{"line":87,"column":20}},"36":{"start":{"line":77,"column":21},"end":{"line":86,"column":22}},"37":{"start":{"line":79,"column":29},"end":{"line":79,"column":51}},"38":{"start":{"line":80,"column":29},"end":{"line":80,"column":45}},"39":{"start":{"line":81,"column":29},"end":{"line":81,"column":70}},"40":{"start":{"line":83,"column":29},"end":{"line":83,"column":51}},"41":{"start":{"line":84,"column":29},"end":{"line":84,"column":45}},"42":{"start":{"line":85,"column":29},"end":{"line":85,"column":61}},"43":{"start":{"line":90,"column":17},"end":{"line":90,"column":50}},"44":{"start":{"line":93,"column":9},"end":{"line":93,"column":16}},"45":{"start":{"line":96,"column":5},"end":{"line":127,"column":7}},"46":{"start":{"line":97,"column":9},"end":{"line":97,"column":26}},"47":{"start":{"line":98,"column":9},"end":{"line":98,"column":41}},"48":{"start":{"line":99,"column":9},"end":{"line":99,"column":57}},"49":{"start":{"line":100,"column":9},"end":{"line":126,"column":12}},"50":{"start":{"line":101,"column":13},"end":{"line":101,"column":86}},"51":{"start":{"line":102,"column":13},"end":{"line":125,"column":14}},"52":{"start":{"line":104,"column":21},"end":{"line":104,"column":53}},"53":{"start":{"line":105,"column":21},"end":{"line":105,"column":42}},"54":{"start":{"line":106,"column":21},"end":{"line":109,"column":24}},"55":{"start":{"line":110,"column":21},"end":{"line":110,"column":27}},"56":{"start":{"line":112,"column":21},"end":{"line":112,"column":42}},"57":{"start":{"line":113,"column":21},"end":{"line":115,"column":24}},"58":{"start":{"line":116,"column":21},"end":{"line":116,"column":27}},"59":{"start":{"line":118,"column":21},"end":{"line":118,"column":111}},"60":{"start":{"line":119,"column":21},"end":{"line":119,"column":27}},"61":{"start":{"line":121,"column":21},"end":{"line":121,"column":108}},"62":{"start":{"line":122,"column":21},"end":{"line":122,"column":27}},"63":{"start":{"line":124,"column":21},"end":{"line":124,"column":40}},"64":{"start":{"line":128,"column":5},"end":{"line":158,"column":7}},"65":{"start":{"line":129,"column":9},"end":{"line":129,"column":26}},"66":{"start":{"line":130,"column":9},"end":{"line":130,"column":41}},"67":{"start":{"line":131,"column":9},"end":{"line":131,"column":57}},"68":{"start":{"line":132,"column":9},"end":{"line":157,"column":12}},"69":{"start":{"line":133,"column":13},"end":{"line":156,"column":14}},"70":{"start":{"line":135,"column":21},"end":{"line":135,"column":42}},"71":{"start":{"line":136,"column":21},"end":{"line":139,"column":24}},"72":{"start":{"line":140,"column":21},"end":{"line":140,"column":27}},"73":{"start":{"line":142,"column":21},"end":{"line":142,"column":42}},"74":{"start":{"line":143,"column":21},"end":{"line":145,"column":24}},"75":{"start":{"line":146,"column":21},"end":{"line":146,"column":27}},"76":{"start":{"line":148,"column":21},"end":{"line":148,"column":123}},"77":{"start":{"line":149,"column":21},"end":{"line":149,"column":27}},"78":{"start":{"line":151,"column":21},"end":{"line":151,"column":120}},"79":{"start":{"line":152,"column":21},"end":{"line":152,"column":27}},"80":{"start":{"line":154,"column":21},"end":{"line":154,"column":42}},"81":{"start":{"line":155,"column":21},"end":{"line":155,"column":40}},"82":{"start":{"line":159,"column":5},"end":{"line":183,"column":7}},"83":{"start":{"line":160,"column":9},"end":{"line":160,"column":26}},"84":{"start":{"line":161,"column":9},"end":{"line":161,"column":57}},"85":{"start":{"line":162,"column":9},"end":{"line":181,"column":12}},"86":{"start":{"line":163,"column":13},"end":{"line":163,"column":109}},"87":{"start":{"line":164,"column":13},"end":{"line":180,"column":14}},"88":{"start":{"line":166,"column":21},"end":{"line":166,"column":54}},"89":{"start":{"line":167,"column":21},"end":{"line":167,"column":42}},"90":{"start":{"line":168,"column":21},"end":{"line":171,"column":24}},"91":{"start":{"line":174,"column":21},"end":{"line":174,"column":27}},"92":{"start":{"line":176,"column":21},"end":{"line":176,"column":42}},"93":{"start":{"line":177,"column":21},"end":{"line":179,"column":24}},"94":{"start":{"line":182,"column":9},"end":{"line":182,"column":57}},"95":{"start":{"line":184,"column":5},"end":{"line":184,"column":19}},"96":{"start":{"line":186,"column":1},"end":{"line":186,"column":25}},"97":{"start":{"line":195,"column":1},"end":{"line":203,"column":3}},"98":{"start":{"line":204,"column":1},"end":{"line":209,"column":69}},"99":{"start":{"line":205,"column":5},"end":{"line":205,"column":71}},"100":{"start":{"line":206,"column":5},"end":{"line":206,"column":69}},"101":{"start":{"line":207,"column":5},"end":{"line":207,"column":65}},"102":{"start":{"line":208,"column":5},"end":{"line":208,"column":67}},"103":{"start":{"line":210,"column":1},"end":{"line":210,"column":53}},"104":{"start":{"line":212,"column":1},"end":{"line":218,"column":67}},"105":{"start":{"line":213,"column":5},"end":{"line":213,"column":79}},"106":{"start":{"line":214,"column":5},"end":{"line":214,"column":73}},"107":{"start":{"line":215,"column":5},"end":{"line":215,"column":63}},"108":{"start":{"line":216,"column":5},"end":{"line":216,"column":85}},"109":{"start":{"line":217,"column":5},"end":{"line":217,"column":65}},"110":{"start":{"line":219,"column":1},"end":{"line":219,"column":51}},"111":{"start":{"line":221,"column":1},"end":{"line":226,"column":69}},"112":{"start":{"line":222,"column":5},"end":{"line":222,"column":91}},"113":{"start":{"line":223,"column":5},"end":{"line":223,"column":83}},"114":{"start":{"line":224,"column":5},"end":{"line":224,"column":81}},"115":{"start":{"line":225,"column":5},"end":{"line":225,"column":79}},"116":{"start":{"line":227,"column":1},"end":{"line":227,"column":53}},"117":{"start":{"line":236,"column":1},"end":{"line":236,"column":35}},"118":{"start":{"line":243,"column":1},"end":{"line":243,"column":46}}},"branchMap":{"1":{"line":10,"type":"if","locations":[{"start":{"line":10,"column":11},"end":{"line":10,"column":11}},{"start":{"line":10,"column":11},"end":{"line":10,"column":11}}]},"2":{"line":64,"type":"if","locations":[{"start":{"line":64,"column":9},"end":{"line":64,"column":9}},{"start":{"line":64,"column":9},"end":{"line":64,"column":9}}]},"3":{"line":67,"type":"if","locations":[{"start":{"line":67,"column":9},"end":{"line":67,"column":9}},{"start":{"line":67,"column":9},"end":{"line":67,"column":9}}]},"4":{"line":70,"type":"if","locations":[{"start":{"line":70,"column":9},"end":{"line":70,"column":9}},{"start":{"line":70,"column":9},"end":{"line":70,"column":9}}]},"5":{"line":75,"type":"if","locations":[{"start":{"line":75,"column":13},"end":{"line":75,"column":13}},{"start":{"line":75,"column":13},"end":{"line":75,"column":13}}]},"6":{"line":77,"type":"switch","locations":[{"start":{"line":78,"column":25},"end":{"line":81,"column":70}},{"start":{"line":82,"column":25},"end":{"line":85,"column":61}}]},"7":{"line":102,"type":"switch","locations":[{"start":{"line":103,"column":17},"end":{"line":110,"column":27}},{"start":{"line":111,"column":17},"end":{"line":116,"column":27}},{"start":{"line":117,"column":17},"end":{"line":119,"column":27}},{"start":{"line":120,"column":17},"end":{"line":122,"column":27}},{"start":{"line":123,"column":17},"end":{"line":124,"column":40}}]},"8":{"line":133,"type":"switch","locations":[{"start":{"line":134,"column":17},"end":{"line":140,"column":27}},{"start":{"line":141,"column":17},"end":{"line":146,"column":27}},{"start":{"line":147,"column":17},"end":{"line":149,"column":27}},{"start":{"line":150,"column":17},"end":{"line":152,"column":27}},{"start":{"line":153,"column":17},"end":{"line":155,"column":40}}]},"9":{"line":164,"type":"switch","locations":[{"start":{"line":165,"column":17},"end":{"line":171,"column":24}},{"start":{"line":172,"column":17},"end":{"line":172,"column":60}},{"start":{"line":173,"column":17},"end":{"line":174,"column":27}},{"start":{"line":175,"column":17},"end":{"line":179,"column":24}}]},"10":{"line":209,"type":"binary-expr","locations":[{"start":{"line":209,"column":4},"end":{"line":209,"column":30}},{"start":{"line":209,"column":35},"end":{"line":209,"column":66}}]},"11":{"line":218,"type":"binary-expr","locations":[{"start":{"line":218,"column":4},"end":{"line":218,"column":29}},{"start":{"line":218,"column":34},"end":{"line":218,"column":64}}]},"12":{"line":226,"type":"binary-expr","locations":[{"start":{"line":226,"column":4},"end":{"line":226,"column":30}},{"start":{"line":226,"column":35},"end":{"line":226,"column":66}}]}}},"/home/antoine/a-lucas/angular.js-server/test-server/server/swig/pre-render.server.js":{"path":"/home/antoine/a-lucas/angular.js-server/test-server/server/swig/pre-render.server.js","s":{"1":1,"2":1,"3":1,"4":1,"5":1,"6":1,"7":2,"8":2,"9":0,"10":0,"11":0,"12":0,"13":0,"14":0,"15":0,"16":0,"17":0,"18":0,"19":0,"20":0,"21":2},"b":{"1":[0,0,0,0]},"f":{"1":0},"fnMap":{"1":{"name":"(anonymous_1)","line":13,"loc":{"start":{"line":13,"column":18},"end":{"line":13,"column":37}}}},"statementMap":{"1":{"start":{"line":3,"column":0},"end":{"line":3,"column":33}},"2":{"start":{"line":4,"column":0},"end":{"line":4,"column":27}},"3":{"start":{"line":5,"column":0},"end":{"line":5,"column":42}},"4":{"start":{"line":6,"column":0},"end":{"line":6,"column":27}},"5":{"start":{"line":7,"column":0},"end":{"line":7,"column":61}},"6":{"start":{"line":9,"column":0},"end":{"line":43,"column":2}},"7":{"start":{"line":11,"column":4},"end":{"line":11,"column":39}},"8":{"start":{"line":13,"column":4},"end":{"line":40,"column":7}},"9":{"start":{"line":15,"column":8},"end":{"line":17,"column":11}},"10":{"start":{"line":18,"column":8},"end":{"line":18,"column":38}},"11":{"start":{"line":20,"column":8},"end":{"line":20,"column":63}},"12":{"start":{"line":22,"column":8},"end":{"line":22,"column":57}},"13":{"start":{"line":24,"column":8},"end":{"line":24,"column":52}},"14":{"start":{"line":26,"column":8},"end":{"line":38,"column":11}},"15":{"start":{"line":27,"column":12},"end":{"line":37,"column":13}},"16":{"start":{"line":29,"column":20},"end":{"line":29,"column":42}},"17":{"start":{"line":30,"column":20},"end":{"line":30,"column":26}},"18":{"start":{"line":33,"column":20},"end":{"line":33,"column":38}},"19":{"start":{"line":34,"column":20},"end":{"line":34,"column":26}},"20":{"start":{"line":36,"column":20},"end":{"line":36,"column":72}},"21":{"start":{"line":42,"column":4},"end":{"line":42,"column":15}}},"branchMap":{"1":{"line":27,"type":"switch","locations":[{"start":{"line":28,"column":16},"end":{"line":30,"column":26}},{"start":{"line":31,"column":16},"end":{"line":31,"column":23}},{"start":{"line":32,"column":16},"end":{"line":34,"column":26}},{"start":{"line":35,"column":16},"end":{"line":36,"column":72}}]}}},"/home/antoine/a-lucas/angular.js-server/dist/ng-server.js":{"path":"/home/antoine/a-lucas/angular.js-server/dist/ng-server.js","s":{"1":1,"2":1,"3":1,"4":18,"5":5,"6":13,"7":13,"8":13,"9":13,"10":1,"11":1,"12":1,"13":1,"14":1,"15":1,"16":1,"17":1,"18":1,"19":1,"20":1,"21":1,"22":1,"23":1,"24":1,"25":2,"26":2,"27":2,"28":2,"29":2,"30":0,"31":2,"32":2,"33":8,"34":8,"35":0,"36":8,"37":2,"38":2,"39":2,"40":2,"41":1,"42":2,"43":2,"44":2,"45":2,"46":2,"47":2,"48":2,"49":2,"50":0,"51":2,"52":2,"53":2,"54":2,"55":0,"56":2,"57":2,"58":2,"59":1,"60":2,"61":2,"62":2,"63":0,"64":2,"65":1,"66":2,"67":2,"68":2,"69":1,"70":2,"71":2,"72":2,"73":2,"74":2,"75":2,"76":2,"77":1,"78":1,"79":1,"80":1,"81":1,"82":1,"83":1,"84":1,"85":1,"86":1,"87":1,"88":0,"89":1,"90":2,"91":2,"92":2,"93":0,"94":0,"95":2,"96":2,"97":2,"98":2,"99":2,"100":2,"101":0,"102":0,"103":0,"104":2,"105":2,"106":2,"107":2,"108":2,"109":2,"110":2,"111":2,"112":2,"113":2,"114":1,"115":1,"116":1,"117":1,"118":1,"119":1,"120":1,"121":1,"122":1,"123":1,"124":1,"125":1,"126":2,"127":2,"128":2,"129":2,"130":2,"131":2,"132":2,"133":0,"134":0,"135":1,"136":0,"137":1,"138":2,"139":1,"140":2,"141":2,"142":2,"143":2,"144":2,"145":2,"146":0,"147":0,"148":2,"149":2,"150":2,"151":2,"152":0,"153":0,"154":2,"155":2,"156":2,"157":1,"158":2,"159":2,"160":2,"161":2,"162":1,"163":1,"164":1,"165":1,"166":1,"167":1,"168":1,"169":1},"b":{"1":[5,13],"2":[0,2],"3":[0,8],"4":[0,2],"5":[0,2],"6":[0,2],"7":[0,0],"8":[2,0],"9":[2,0],"10":[0,2],"11":[2,0],"12":[0,2]},"f":{"1":1,"2":18,"3":1,"4":1,"5":2,"6":8,"7":2,"8":2,"9":2,"10":2,"11":2,"12":2,"13":2,"14":2,"15":0,"16":4,"17":2,"18":1,"19":1,"20":1,"21":0,"22":0,"23":2,"24":1,"25":1,"26":1,"27":1,"28":1,"29":1,"30":2,"31":0,"32":2,"33":2,"34":0,"35":2,"36":2,"37":2,"38":1,"39":1,"40":1,"41":1,"42":1},"fnMap":{"1":{"name":"(anonymous_1)","line":2,"loc":{"start":{"line":2,"column":10},"end":{"line":2,"column":28}}},"2":{"name":"__webpack_require__","line":7,"loc":{"start":{"line":7,"column":10},"end":{"line":7,"column":49}}},"3":{"name":"(anonymous_3)","line":46,"loc":{"start":{"line":46,"column":6},"end":{"line":46,"column":53}}},"4":{"name":"(anonymous_4)","line":58,"loc":{"start":{"line":58,"column":22},"end":{"line":58,"column":34}}},"5":{"name":"MasterProcess","line":59,"loc":{"start":{"line":59,"column":5},"end":{"line":59,"column":39}}},"6":{"name":"(anonymous_6)","line":68,"loc":{"start":{"line":68,"column":115},"end":{"line":68,"column":131}}},"7":{"name":"(anonymous_7)","line":80,"loc":{"start":{"line":80,"column":37},"end":{"line":80,"column":51}}},"8":{"name":"(anonymous_8)","line":88,"loc":{"start":{"line":88,"column":33},"end":{"line":88,"column":47}}},"9":{"name":"(anonymous_9)","line":89,"loc":{"start":{"line":89,"column":134},"end":{"line":89,"column":149}}},"10":{"name":"(anonymous_10)","line":97,"loc":{"start":{"line":97,"column":38},"end":{"line":97,"column":62}}},"11":{"name":"(anonymous_11)","line":103,"loc":{"start":{"line":103,"column":39},"end":{"line":103,"column":51}}},"12":{"name":"(anonymous_12)","line":109,"loc":{"start":{"line":109,"column":36},"end":{"line":109,"column":50}}},"13":{"name":"(anonymous_13)","line":111,"loc":{"start":{"line":111,"column":29},"end":{"line":111,"column":44}}},"14":{"name":"(anonymous_14)","line":117,"loc":{"start":{"line":117,"column":41},"end":{"line":117,"column":53}}},"15":{"name":"(anonymous_15)","line":120,"loc":{"start":{"line":120,"column":40},"end":{"line":120,"column":52}}},"16":{"name":"(anonymous_16)","line":120,"loc":{"start":{"line":120,"column":57},"end":{"line":120,"column":69}}},"17":{"name":"(anonymous_17)","line":122,"loc":{"start":{"line":122,"column":47},"end":{"line":122,"column":61}}},"18":{"name":"(anonymous_18)","line":151,"loc":{"start":{"line":151,"column":6},"end":{"line":151,"column":32}}},"19":{"name":"(anonymous_19)","line":157,"loc":{"start":{"line":157,"column":6},"end":{"line":157,"column":53}}},"20":{"name":"(anonymous_20)","line":165,"loc":{"start":{"line":165,"column":18},"end":{"line":165,"column":30}}},"21":{"name":"ServerLog","line":166,"loc":{"start":{"line":166,"column":5},"end":{"line":166,"column":26}}},"22":{"name":"(anonymous_22)","line":168,"loc":{"start":{"line":168,"column":32},"end":{"line":168,"column":48}}},"23":{"name":"(anonymous_23)","line":176,"loc":{"start":{"line":176,"column":26},"end":{"line":176,"column":52}}},"24":{"name":"(anonymous_24)","line":259,"loc":{"start":{"line":259,"column":6},"end":{"line":259,"column":32}}},"25":{"name":"(anonymous_25)","line":265,"loc":{"start":{"line":265,"column":6},"end":{"line":265,"column":32}}},"26":{"name":"(anonymous_26)","line":271,"loc":{"start":{"line":271,"column":6},"end":{"line":271,"column":32}}},"27":{"name":"(anonymous_27)","line":277,"loc":{"start":{"line":277,"column":6},"end":{"line":277,"column":32}}},"28":{"name":"(anonymous_28)","line":284,"loc":{"start":{"line":284,"column":6},"end":{"line":284,"column":53}}},"29":{"name":"(anonymous_29)","line":290,"loc":{"start":{"line":290,"column":16},"end":{"line":290,"column":28}}},"30":{"name":"Spawner","line":291,"loc":{"start":{"line":291,"column":5},"end":{"line":291,"column":43}}},"31":{"name":"(anonymous_31)","line":302,"loc":{"start":{"line":302,"column":30},"end":{"line":302,"column":42}}},"32":{"name":"(anonymous_32)","line":311,"loc":{"start":{"line":311,"column":39},"end":{"line":311,"column":57}}},"33":{"name":"(anonymous_33)","line":314,"loc":{"start":{"line":314,"column":32},"end":{"line":314,"column":78}}},"34":{"name":"(anonymous_34)","line":325,"loc":{"start":{"line":325,"column":32},"end":{"line":325,"column":47}}},"35":{"name":"(anonymous_35)","line":329,"loc":{"start":{"line":329,"column":32},"end":{"line":329,"column":56}}},"36":{"name":"(anonymous_36)","line":344,"loc":{"start":{"line":344,"column":30},"end":{"line":344,"column":42}}},"37":{"name":"(anonymous_37)","line":347,"loc":{"start":{"line":347,"column":22},"end":{"line":347,"column":34}}},"38":{"name":"(anonymous_38)","line":359,"loc":{"start":{"line":359,"column":6},"end":{"line":359,"column":32}}},"39":{"name":"(anonymous_39)","line":371,"loc":{"start":{"line":371,"column":6},"end":{"line":371,"column":32}}},"40":{"name":"(anonymous_40)","line":378,"loc":{"start":{"line":378,"column":6},"end":{"line":378,"column":32}}},"41":{"name":"(anonymous_41)","line":385,"loc":{"start":{"line":385,"column":6},"end":{"line":385,"column":32}}},"42":{"name":"(anonymous_42)","line":391,"loc":{"start":{"line":391,"column":6},"end":{"line":391,"column":32}}}},"statementMap":{"1":{"start":{"line":1,"column":0},"end":{"line":396,"column":12}},"2":{"start":{"line":4,"column":10},"end":{"line":4,"column":36}},"3":{"start":{"line":7,"column":10},"end":{"line":28,"column":11}},"4":{"start":{"line":10,"column":11},"end":{"line":11,"column":54}},"5":{"start":{"line":11,"column":12},"end":{"line":11,"column":54}},"6":{"start":{"line":14,"column":11},"end":{"line":18,"column":13}},"7":{"start":{"line":21,"column":11},"end":{"line":21,"column":95}},"8":{"start":{"line":24,"column":11},"end":{"line":24,"column":32}},"9":{"start":{"line":27,"column":11},"end":{"line":27,"column":33}},"10":{"start":{"line":32,"column":10},"end":{"line":32,"column":42}},"11":{"start":{"line":35,"column":10},"end":{"line":35,"column":51}},"12":{"start":{"line":38,"column":10},"end":{"line":38,"column":37}},"13":{"start":{"line":41,"column":10},"end":{"line":41,"column":40}},"14":{"start":{"line":49,"column":1},"end":{"line":49,"column":35}},"15":{"start":{"line":50,"column":1},"end":{"line":50,"column":33}},"16":{"start":{"line":51,"column":1},"end":{"line":51,"column":37}},"17":{"start":{"line":52,"column":1},"end":{"line":52,"column":36}},"18":{"start":{"line":53,"column":1},"end":{"line":53,"column":49}},"19":{"start":{"line":54,"column":1},"end":{"line":54,"column":41}},"20":{"start":{"line":55,"column":1},"end":{"line":55,"column":42}},"21":{"start":{"line":56,"column":1},"end":{"line":56,"column":43}},"22":{"start":{"line":57,"column":1},"end":{"line":57,"column":49}},"23":{"start":{"line":58,"column":1},"end":{"line":140,"column":6}},"24":{"start":{"line":59,"column":5},"end":{"line":79,"column":6}},"25":{"start":{"line":60,"column":9},"end":{"line":60,"column":36}},"26":{"start":{"line":61,"column":9},"end":{"line":61,"column":40}},"27":{"start":{"line":62,"column":9},"end":{"line":62,"column":72}},"28":{"start":{"line":63,"column":9},"end":{"line":63,"column":48}},"29":{"start":{"line":64,"column":9},"end":{"line":66,"column":10}},"30":{"start":{"line":65,"column":13},"end":{"line":65,"column":64}},"31":{"start":{"line":67,"column":9},"end":{"line":67,"column":24}},"32":{"start":{"line":68,"column":9},"end":{"line":74,"column":12}},"33":{"start":{"line":69,"column":13},"end":{"line":69,"column":53}},"34":{"start":{"line":70,"column":13},"end":{"line":72,"column":14}},"35":{"start":{"line":71,"column":17},"end":{"line":71,"column":85}},"36":{"start":{"line":73,"column":13},"end":{"line":73,"column":60}},"37":{"start":{"line":75,"column":9},"end":{"line":75,"column":111}},"38":{"start":{"line":76,"column":9},"end":{"line":76,"column":52}},"39":{"start":{"line":77,"column":9},"end":{"line":77,"column":93}},"40":{"start":{"line":78,"column":9},"end":{"line":78,"column":57}},"41":{"start":{"line":80,"column":5},"end":{"line":108,"column":7}},"42":{"start":{"line":81,"column":9},"end":{"line":81,"column":26}},"43":{"start":{"line":82,"column":9},"end":{"line":82,"column":95}},"44":{"start":{"line":83,"column":9},"end":{"line":85,"column":11}},"45":{"start":{"line":86,"column":9},"end":{"line":86,"column":31}},"46":{"start":{"line":87,"column":9},"end":{"line":95,"column":10}},"47":{"start":{"line":88,"column":13},"end":{"line":94,"column":15}},"48":{"start":{"line":89,"column":17},"end":{"line":93,"column":20}},"49":{"start":{"line":90,"column":21},"end":{"line":91,"column":40}},"50":{"start":{"line":91,"column":25},"end":{"line":91,"column":40}},"51":{"start":{"line":92,"column":21},"end":{"line":92,"column":30}},"52":{"start":{"line":96,"column":9},"end":{"line":96,"column":27}},"53":{"start":{"line":97,"column":9},"end":{"line":107,"column":12}},"54":{"start":{"line":98,"column":13},"end":{"line":106,"column":14}},"55":{"start":{"line":99,"column":17},"end":{"line":99,"column":32}},"56":{"start":{"line":102,"column":17},"end":{"line":102,"column":35}},"57":{"start":{"line":103,"column":17},"end":{"line":105,"column":20}},"58":{"start":{"line":104,"column":21},"end":{"line":104,"column":30}},"59":{"start":{"line":109,"column":5},"end":{"line":116,"column":7}},"60":{"start":{"line":110,"column":9},"end":{"line":110,"column":33}},"61":{"start":{"line":111,"column":9},"end":{"line":115,"column":12}},"62":{"start":{"line":112,"column":13},"end":{"line":113,"column":32}},"63":{"start":{"line":113,"column":17},"end":{"line":113,"column":32}},"64":{"start":{"line":114,"column":13},"end":{"line":114,"column":18}},"65":{"start":{"line":117,"column":5},"end":{"line":121,"column":7}},"66":{"start":{"line":118,"column":9},"end":{"line":118,"column":78}},"67":{"start":{"line":119,"column":9},"end":{"line":119,"column":58}},"68":{"start":{"line":120,"column":9},"end":{"line":120,"column":74}},"69":{"start":{"line":122,"column":5},"end":{"line":138,"column":7}},"70":{"start":{"line":123,"column":9},"end":{"line":123,"column":179}},"71":{"start":{"line":124,"column":9},"end":{"line":130,"column":11}},"72":{"start":{"line":131,"column":9},"end":{"line":131,"column":35}},"73":{"start":{"line":132,"column":9},"end":{"line":132,"column":28}},"74":{"start":{"line":133,"column":9},"end":{"line":133,"column":39}},"75":{"start":{"line":134,"column":9},"end":{"line":136,"column":13}},"76":{"start":{"line":137,"column":9},"end":{"line":137,"column":34}},"77":{"start":{"line":139,"column":5},"end":{"line":139,"column":26}},"78":{"start":{"line":141,"column":1},"end":{"line":141,"column":32}},"79":{"start":{"line":153,"column":1},"end":{"line":153,"column":38}},"80":{"start":{"line":160,"column":1},"end":{"line":160,"column":37}},"81":{"start":{"line":161,"column":1},"end":{"line":161,"column":35}},"82":{"start":{"line":162,"column":1},"end":{"line":162,"column":33}},"83":{"start":{"line":163,"column":1},"end":{"line":163,"column":42}},"84":{"start":{"line":164,"column":1},"end":{"line":164,"column":59}},"85":{"start":{"line":165,"column":1},"end":{"line":252,"column":6}},"86":{"start":{"line":166,"column":5},"end":{"line":167,"column":6}},"87":{"start":{"line":168,"column":5},"end":{"line":175,"column":7}},"88":{"start":{"line":169,"column":9},"end":{"line":174,"column":11}},"89":{"start":{"line":176,"column":5},"end":{"line":250,"column":7}},"90":{"start":{"line":177,"column":9},"end":{"line":177,"column":32}},"91":{"start":{"line":178,"column":9},"end":{"line":196,"column":10}},"92":{"start":{"line":179,"column":13},"end":{"line":179,"column":39}},"93":{"start":{"line":180,"column":13},"end":{"line":180,"column":42}},"94":{"start":{"line":181,"column":13},"end":{"line":181,"column":60}},"95":{"start":{"line":184,"column":13},"end":{"line":184,"column":51}},"96":{"start":{"line":185,"column":13},"end":{"line":185,"column":54}},"97":{"start":{"line":186,"column":13},"end":{"line":195,"column":14}},"98":{"start":{"line":187,"column":17},"end":{"line":187,"column":43}},"99":{"start":{"line":188,"column":17},"end":{"line":188,"column":46}},"100":{"start":{"line":189,"column":17},"end":{"line":189,"column":64}},"101":{"start":{"line":192,"column":17},"end":{"line":192,"column":26}},"102":{"start":{"line":193,"column":17},"end":{"line":193,"column":55}},"103":{"start":{"line":194,"column":17},"end":{"line":194,"column":36}},"104":{"start":{"line":197,"column":9},"end":{"line":210,"column":11}},"105":{"start":{"line":211,"column":9},"end":{"line":220,"column":11}},"106":{"start":{"line":221,"column":9},"end":{"line":233,"column":10}},"107":{"start":{"line":222,"column":13},"end":{"line":222,"column":69}},"108":{"start":{"line":223,"column":13},"end":{"line":227,"column":16}},"109":{"start":{"line":228,"column":13},"end":{"line":232,"column":16}},"110":{"start":{"line":234,"column":9},"end":{"line":238,"column":12}},"111":{"start":{"line":239,"column":9},"end":{"line":241,"column":12}},"112":{"start":{"line":242,"column":9},"end":{"line":246,"column":12}},"113":{"start":{"line":247,"column":9},"end":{"line":249,"column":12}},"114":{"start":{"line":251,"column":5},"end":{"line":251,"column":22}},"115":{"start":{"line":253,"column":1},"end":{"line":253,"column":63}},"116":{"start":{"line":254,"column":1},"end":{"line":254,"column":29}},"117":{"start":{"line":261,"column":1},"end":{"line":261,"column":36}},"118":{"start":{"line":267,"column":1},"end":{"line":267,"column":34}},"119":{"start":{"line":273,"column":1},"end":{"line":273,"column":41}},"120":{"start":{"line":279,"column":1},"end":{"line":279,"column":35}},"121":{"start":{"line":287,"column":1},"end":{"line":287,"column":45}},"122":{"start":{"line":288,"column":1},"end":{"line":288,"column":42}},"123":{"start":{"line":289,"column":1},"end":{"line":289,"column":57}},"124":{"start":{"line":290,"column":1},"end":{"line":352,"column":6}},"125":{"start":{"line":291,"column":5},"end":{"line":301,"column":6}},"126":{"start":{"line":292,"column":9},"end":{"line":292,"column":47}},"127":{"start":{"line":292,"column":32},"end":{"line":292,"column":45}},"128":{"start":{"line":293,"column":9},"end":{"line":293,"column":26}},"129":{"start":{"line":294,"column":9},"end":{"line":294,"column":32}},"130":{"start":{"line":295,"column":9},"end":{"line":295,"column":26}},"131":{"start":{"line":296,"column":9},"end":{"line":296,"column":26}},"132":{"start":{"line":297,"column":9},"end":{"line":300,"column":10}},"133":{"start":{"line":298,"column":13},"end":{"line":298,"column":44}},"134":{"start":{"line":299,"column":13},"end":{"line":299,"column":39}},"135":{"start":{"line":302,"column":5},"end":{"line":310,"column":7}},"136":{"start":{"line":303,"column":9},"end":{"line":309,"column":11}},"137":{"start":{"line":311,"column":5},"end":{"line":313,"column":7}},"138":{"start":{"line":312,"column":9},"end":{"line":312,"column":53}},"139":{"start":{"line":314,"column":5},"end":{"line":343,"column":7}},"140":{"start":{"line":315,"column":9},"end":{"line":315,"column":26}},"141":{"start":{"line":316,"column":9},"end":{"line":316,"column":61}},"142":{"start":{"line":317,"column":9},"end":{"line":322,"column":12}},"143":{"start":{"line":323,"column":9},"end":{"line":323,"column":47}},"144":{"start":{"line":324,"column":9},"end":{"line":324,"column":91}},"145":{"start":{"line":325,"column":9},"end":{"line":328,"column":12}},"146":{"start":{"line":326,"column":13},"end":{"line":326,"column":59}},"147":{"start":{"line":327,"column":13},"end":{"line":327,"column":62}},"148":{"start":{"line":329,"column":9},"end":{"line":341,"column":12}},"149":{"start":{"line":330,"column":13},"end":{"line":330,"column":67}},"150":{"start":{"line":331,"column":13},"end":{"line":339,"column":14}},"151":{"start":{"line":332,"column":17},"end":{"line":335,"column":18}},"152":{"start":{"line":333,"column":21},"end":{"line":333,"column":42}},"153":{"start":{"line":334,"column":21},"end":{"line":334,"column":70}},"154":{"start":{"line":336,"column":17},"end":{"line":336,"column":39}},"155":{"start":{"line":340,"column":13},"end":{"line":340,"column":33}},"156":{"start":{"line":342,"column":9},"end":{"line":342,"column":31}},"157":{"start":{"line":344,"column":5},"end":{"line":350,"column":7}},"158":{"start":{"line":345,"column":9},"end":{"line":345,"column":26}},"159":{"start":{"line":346,"column":9},"end":{"line":346,"column":44}},"160":{"start":{"line":347,"column":9},"end":{"line":349,"column":12}},"161":{"start":{"line":348,"column":13},"end":{"line":348,"column":39}},"162":{"start":{"line":351,"column":5},"end":{"line":351,"column":20}},"163":{"start":{"line":353,"column":1},"end":{"line":353,"column":63}},"164":{"start":{"line":354,"column":1},"end":{"line":354,"column":27}},"165":{"start":{"line":361,"column":1},"end":{"line":361,"column":43}},"166":{"start":{"line":373,"column":1},"end":{"line":373,"column":45}},"167":{"start":{"line":380,"column":1},"end":{"line":380,"column":37}},"168":{"start":{"line":387,"column":1},"end":{"line":387,"column":35}},"169":{"start":{"line":393,"column":1},"end":{"line":393,"column":40}}},"branchMap":{"1":{"line":10,"type":"if","locations":[{"start":{"line":10,"column":11},"end":{"line":10,"column":11}},{"start":{"line":10,"column":11},"end":{"line":10,"column":11}}]},"2":{"line":64,"type":"if","locations":[{"start":{"line":64,"column":9},"end":{"line":64,"column":9}},{"start":{"line":64,"column":9},"end":{"line":64,"column":9}}]},"3":{"line":70,"type":"if","locations":[{"start":{"line":70,"column":13},"end":{"line":70,"column":13}},{"start":{"line":70,"column":13},"end":{"line":70,"column":13}}]},"4":{"line":90,"type":"if","locations":[{"start":{"line":90,"column":21},"end":{"line":90,"column":21}},{"start":{"line":90,"column":21},"end":{"line":90,"column":21}}]},"5":{"line":98,"type":"if","locations":[{"start":{"line":98,"column":13},"end":{"line":98,"column":13}},{"start":{"line":98,"column":13},"end":{"line":98,"column":13}}]},"6":{"line":112,"type":"if","locations":[{"start":{"line":112,"column":13},"end":{"line":112,"column":13}},{"start":{"line":112,"column":13},"end":{"line":112,"column":13}}]},"7":{"line":173,"type":"cond-expr","locations":[{"start":{"line":173,"column":60},"end":{"line":173,"column":85}},{"start":{"line":173,"column":88},"end":{"line":173,"column":92}}]},"8":{"line":221,"type":"if","locations":[{"start":{"line":221,"column":9},"end":{"line":221,"column":9}},{"start":{"line":221,"column":9},"end":{"line":221,"column":9}}]},"9":{"line":292,"type":"if","locations":[{"start":{"line":292,"column":9},"end":{"line":292,"column":9}},{"start":{"line":292,"column":9},"end":{"line":292,"column":9}}]},"10":{"line":297,"type":"if","locations":[{"start":{"line":297,"column":9},"end":{"line":297,"column":9}},{"start":{"line":297,"column":9},"end":{"line":297,"column":9}}]},"11":{"line":331,"type":"if","locations":[{"start":{"line":331,"column":13},"end":{"line":331,"column":13}},{"start":{"line":331,"column":13},"end":{"line":331,"column":13}}]},"12":{"line":332,"type":"if","locations":[{"start":{"line":332,"column":17},"end":{"line":332,"column":17}},{"start":{"line":332,"column":17},"end":{"line":332,"column":17}}]}}}}