TN:
SF:/home/antoine/a-lucas/angular.js-server/dist/AngularServerRenderer.js
FN:2,(anonymous_1)
FN:7,__webpack_require__
FN:46,(anonymous_3)
FN:49,(anonymous_4)
FN:51,__
FN:69,(anonymous_6)
FN:71,JSDOMEventEmitter
FN:82,(anonymous_8)
FN:83,AngularServerRenderer
FN:86,(anonymous_10)
FN:94,(anonymous_11)
FN:97,(anonymous_12)
FN:100,(anonymous_13)
FN:122,(anonymous_14)
FN:124,(anonymous_15)
FN:136,(anonymous_16)
FN:138,(anonymous_17)
FN:143,(anonymous_18)
FN:157,(anonymous_19)
FN:162,(anonymous_20)
FN:171,(anonymous_21)
FN:196,(anonymous_22)
FN:215,(anonymous_23)
FN:221,(anonymous_24)
FN:236,(anonymous_25)
FN:242,(anonymous_26)
FN:245,(anonymous_27)
FN:254,(anonymous_28)
FN:258,(anonymous_29)
FN:265,(anonymous_30)
FN:270,(anonymous_31)
FN:274,(anonymous_32)
FN:278,(anonymous_33)
FN:283,(anonymous_34)
FN:289,(anonymous_35)
FN:293,(anonymous_36)
FN:298,(anonymous_37)
FN:301,(anonymous_38)
FN:308,(anonymous_39)
FN:315,(anonymous_40)
FN:320,(anonymous_41)
FN:327,(anonymous_42)
FN:347,(anonymous_43)
FN:353,(anonymous_44)
FN:362,(anonymous_45)
FN:363,EngineConfig
FN:381,(anonymous_47)
FN:393,(anonymous_48)
FN:399,(anonymous_49)
FN:407,(anonymous_50)
FN:408,CacheConfig
FN:423,(anonymous_52)
FN:427,(anonymous_53)
FN:430,(anonymous_54)
FN:433,(anonymous_55)
FN:437,(anonymous_56)
FN:440,(anonymous_57)
FN:443,(anonymous_58)
FN:449,(anonymous_59)
FN:454,(anonymous_60)
FN:458,(anonymous_61)
FN:463,(anonymous_62)
FN:469,(anonymous_63)
FN:475,(anonymous_64)
FN:481,(anonymous_65)
FN:487,(anonymous_66)
FN:501,(anonymous_67)
FN:515,(anonymous_68)
FN:529,(anonymous_69)
FN:533,(anonymous_70)
FN:537,(anonymous_71)
FN:541,(anonymous_72)
FN:547,(anonymous_73)
FN:551,(anonymous_74)
FN:555,(anonymous_75)
FN:559,(anonymous_76)
FN:563,(anonymous_77)
FN:568,(anonymous_78)
FN:583,(anonymous_79)
FN:589,(anonymous_80)
FN:593,(anonymous_81)
FN:594,Helpers
FN:596,(anonymous_83)
FN:603,(anonymous_84)
FN:618,(anonymous_85)
FN:625,(anonymous_86)
FN:641,(anonymous_87)
FN:652,(anonymous_88)
FN:658,(anonymous_89)
FN:667,(anonymous_90)
FN:672,(anonymous_91)
FN:686,(anonymous_92)
FN:692,(anonymous_93)
FN:700,(anonymous_94)
FN:701,LogConfig
FN:713,(anonymous_96)
FN:718,(anonymous_97)
FN:725,(anonymous_98)
FN:730,(anonymous_99)
FN:733,(anonymous_100)
FN:736,(anonymous_101)
FN:739,(anonymous_102)
FN:742,(anonymous_103)
FN:745,(anonymous_104)
FN:748,(anonymous_105)
FN:756,(anonymous_106)
FN:759,(anonymous_107)
FN:764,(anonymous_108)
FN:767,(anonymous_109)
FN:780,(anonymous_110)
FN:787,(anonymous_111)
FN:805,(anonymous_112)
FN:811,(anonymous_113)
FN:817,(anonymous_114)
FN:818,RenderConfig
FN:824,(anonymous_116)
FN:827,(anonymous_117)
FN:831,(anonymous_118)
FN:859,(anonymous_119)
FN:864,(anonymous_120)
FN:870,(anonymous_121)
FN:883,(anonymous_122)
FN:887,(anonymous_123)
FN:891,(anonymous_124)
FN:909,(anonymous_125)
FN:915,(anonymous_126)
FN:916,ServerConfig
FN:925,(anonymous_128)
FN:929,(anonymous_129)
FN:933,(anonymous_130)
FN:937,(anonymous_131)
FN:941,(anonymous_132)
FN:945,(anonymous_133)
FN:948,(anonymous_134)
FN:951,(anonymous_135)
FN:954,(anonymous_136)
FN:957,(anonymous_137)
FN:961,(anonymous_138)
FN:976,(anonymous_139)
FN:982,(anonymous_140)
FN:988,(anonymous_141)
FN:994,(anonymous_142)
FN:1017,(anonymous_143)
FN:1018,Response
FN:1020,(anonymous_145)
FN:1047,(anonymous_146)
FN:1053,(anonymous_147)
FN:1059,(anonymous_148)
FNF:148
FNH:125
FNDA:1,(anonymous_1)
FNDA:30,__webpack_require__
FNDA:1,(anonymous_3)
FNDA:1,(anonymous_4)
FNDA:1,__
FNDA:1,(anonymous_6)
FNDA:1,JSDOMEventEmitter
FNDA:1,(anonymous_8)
FNDA:20,AngularServerRenderer
FNDA:10,(anonymous_10)
FNDA:4,(anonymous_11)
FNDA:2,(anonymous_12)
FNDA:12,(anonymous_13)
FNDA:0,(anonymous_14)
FNDA:0,(anonymous_15)
FNDA:0,(anonymous_16)
FNDA:0,(anonymous_17)
FNDA:0,(anonymous_18)
FNDA:17,(anonymous_19)
FNDA:10,(anonymous_20)
FNDA:81,(anonymous_21)
FNDA:66,(anonymous_22)
FNDA:17,(anonymous_23)
FNDA:0,(anonymous_24)
FNDA:20,(anonymous_25)
FNDA:28,(anonymous_26)
FNDA:28,(anonymous_27)
FNDA:26,(anonymous_28)
FNDA:9,(anonymous_29)
FNDA:2,(anonymous_30)
FNDA:0,(anonymous_31)
FNDA:0,(anonymous_32)
FNDA:1,(anonymous_33)
FNDA:5,(anonymous_34)
FNDA:1,(anonymous_35)
FNDA:4,(anonymous_36)
FNDA:0,(anonymous_37)
FNDA:0,(anonymous_38)
FNDA:12,(anonymous_39)
FNDA:12,(anonymous_40)
FNDA:0,(anonymous_41)
FNDA:16,(anonymous_42)
FNDA:1,(anonymous_43)
FNDA:1,(anonymous_44)
FNDA:1,(anonymous_45)
FNDA:20,EngineConfig
FNDA:20,(anonymous_47)
FNDA:1,(anonymous_48)
FNDA:1,(anonymous_49)
FNDA:1,(anonymous_50)
FNDA:40,CacheConfig
FNDA:0,(anonymous_52)
FNDA:0,(anonymous_53)
FNDA:0,(anonymous_54)
FNDA:0,(anonymous_55)
FNDA:26,(anonymous_56)
FNDA:20,(anonymous_57)
FNDA:74,(anonymous_58)
FNDA:0,(anonymous_59)
FNDA:9,(anonymous_60)
FNDA:0,(anonymous_61)
FNDA:22,(anonymous_62)
FNDA:2,(anonymous_63)
FNDA:2,(anonymous_64)
FNDA:2,(anonymous_65)
FNDA:2,(anonymous_66)
FNDA:2,(anonymous_67)
FNDA:2,(anonymous_68)
FNDA:18,(anonymous_69)
FNDA:18,(anonymous_70)
FNDA:18,(anonymous_71)
FNDA:18,(anonymous_72)
FNDA:2,(anonymous_73)
FNDA:8,(anonymous_74)
FNDA:8,(anonymous_75)
FNDA:8,(anonymous_76)
FNDA:6,(anonymous_77)
FNDA:18,(anonymous_78)
FNDA:1,(anonymous_79)
FNDA:1,(anonymous_80)
FNDA:1,(anonymous_81)
FNDA:0,Helpers
FNDA:0,(anonymous_83)
FNDA:9,(anonymous_84)
FNDA:527,(anonymous_85)
FNDA:0,(anonymous_86)
FNDA:0,(anonymous_87)
FNDA:52,(anonymous_88)
FNDA:164,(anonymous_89)
FNDA:22,(anonymous_90)
FNDA:1,(anonymous_91)
FNDA:1,(anonymous_92)
FNDA:1,(anonymous_93)
FNDA:1,(anonymous_94)
FNDA:20,LogConfig
FNDA:2,(anonymous_96)
FNDA:10,(anonymous_97)
FNDA:2,(anonymous_98)
FNDA:3,(anonymous_99)
FNDA:15,(anonymous_100)
FNDA:3,(anonymous_101)
FNDA:160,(anonymous_102)
FNDA:37,(anonymous_103)
FNDA:19,(anonymous_104)
FNDA:0,(anonymous_105)
FNDA:1,(anonymous_106)
FNDA:5,(anonymous_107)
FNDA:20,(anonymous_108)
FNDA:34,(anonymous_109)
FNDA:170,(anonymous_110)
FNDA:218,(anonymous_111)
FNDA:1,(anonymous_112)
FNDA:1,(anonymous_113)
FNDA:1,(anonymous_114)
FNDA:20,RenderConfig
FNDA:1,(anonymous_116)
FNDA:2,(anonymous_117)
FNDA:36,(anonymous_118)
FNDA:30,(anonymous_119)
FNDA:4,(anonymous_120)
FNDA:1,(anonymous_121)
FNDA:5,(anonymous_122)
FNDA:5,(anonymous_123)
FNDA:1,(anonymous_124)
FNDA:1,(anonymous_125)
FNDA:1,(anonymous_126)
FNDA:20,ServerConfig
FNDA:156,(anonymous_128)
FNDA:156,(anonymous_129)
FNDA:10,(anonymous_130)
FNDA:2,(anonymous_131)
FNDA:2,(anonymous_132)
FNDA:128,(anonymous_133)
FNDA:111,(anonymous_134)
FNDA:21,(anonymous_135)
FNDA:37,(anonymous_136)
FNDA:2,(anonymous_137)
FNDA:1,(anonymous_138)
FNDA:1,(anonymous_139)
FNDA:1,(anonymous_140)
FNDA:1,(anonymous_141)
FNDA:1,(anonymous_142)
FNDA:1,(anonymous_143)
FNDA:0,Response
FNDA:31,(anonymous_145)
FNDA:1,(anonymous_146)
FNDA:1,(anonymous_147)
FNDA:1,(anonymous_148)
DA:1,1
DA:4,1
DA:7,1
DA:10,30
DA:11,11
DA:14,19
DA:21,19
DA:24,19
DA:27,19
DA:32,1
DA:35,1
DA:38,1
DA:41,1
DA:49,1
DA:50,5
DA:51,1
DA:52,1
DA:54,1
DA:55,1
DA:56,1
DA:57,1
DA:58,1
DA:59,1
DA:60,1
DA:61,1
DA:62,1
DA:63,1
DA:64,1
DA:65,1
DA:68,1
DA:69,1
DA:70,1
DA:71,1
DA:72,1
DA:74,1
DA:76,1
DA:82,1
DA:83,1
DA:84,20
DA:85,20
DA:86,20
DA:87,10
DA:88,10
DA:89,10
DA:94,20
DA:95,4
DA:97,20
DA:98,2
DA:100,20
DA:101,12
DA:102,12
DA:103,12
DA:104,12
DA:105,12
DA:106,12
DA:108,12
DA:109,12
DA:110,0
DA:111,0
DA:112,0
DA:116,0
DA:117,0
DA:119,12
DA:120,12
DA:122,20
DA:123,0
DA:124,0
DA:125,0
DA:126,0
DA:127,0
DA:129,0
DA:130,0
DA:132,0
DA:133,0
DA:135,0
DA:136,0
DA:137,0
DA:138,0
DA:139,0
DA:140,0
DA:141,0
DA:142,0
DA:144,0
DA:145,0
DA:146,0
DA:147,0
DA:151,0
DA:154,0
DA:157,20
DA:158,17
DA:159,17
DA:160,17
DA:161,17
DA:162,17
DA:163,10
DA:164,10
DA:166,17
DA:172,81
DA:173,81
DA:174,81
DA:175,45
DA:176,45
DA:177,45
DA:178,15
DA:181,66
DA:182,66
DA:183,66
DA:184,65
DA:185,25
DA:186,25
DA:187,25
DA:188,25
DA:189,25
DA:193,66
DA:194,41
DA:196,66
DA:197,66
DA:198,1
DA:199,1
DA:201,65
DA:202,0
DA:203,0
DA:205,65
DA:216,17
DA:217,0
DA:218,0
DA:222,0
DA:223,0
DA:224,0
DA:228,17
DA:236,20
DA:237,20
DA:238,20
DA:239,20
DA:240,20
DA:242,20
DA:243,28
DA:244,28
DA:245,28
DA:246,28
DA:247,28
DA:248,28
DA:249,2
DA:250,2
DA:253,26
DA:254,26
DA:255,26
DA:256,26
DA:257,9
DA:258,9
DA:259,9
DA:263,17
DA:264,17
DA:265,17
DA:266,2
DA:267,2
DA:268,2
DA:270,17
DA:271,0
DA:272,0
DA:274,17
DA:275,0
DA:276,0
DA:278,17
DA:279,1
DA:280,1
DA:282,17
DA:283,17
DA:284,5
DA:285,0
DA:286,5
DA:287,5
DA:288,5
DA:289,5
DA:290,1
DA:291,1
DA:292,1
DA:294,4
DA:295,4
DA:298,17
DA:299,0
DA:300,0
DA:301,0
DA:302,0
DA:303,0
DA:304,0
DA:305,0
DA:308,17
DA:309,12
DA:310,12
DA:311,0
DA:312,12
DA:313,12
DA:314,12
DA:315,12
DA:316,12
DA:317,12
DA:318,12
DA:319,12
DA:321,0
DA:322,0
DA:323,0
DA:324,0
DA:327,17
DA:328,16
DA:335,20
DA:336,20
DA:338,1
DA:339,1
DA:342,1
DA:349,1
DA:356,1
DA:357,1
DA:358,1
DA:359,1
DA:360,1
DA:361,1
DA:362,1
DA:363,1
DA:364,20
DA:365,20
DA:366,20
DA:367,20
DA:368,20
DA:369,20
DA:370,0
DA:371,0
DA:372,0
DA:373,0
DA:374,0
DA:376,20
DA:377,20
DA:378,20
DA:379,20
DA:381,1
DA:382,20
DA:383,20
DA:385,1
DA:387,1
DA:388,1
DA:395,1
DA:402,1
DA:403,1
DA:404,1
DA:405,1
DA:406,1
DA:407,1
DA:408,1
DA:409,40
DA:421,40
DA:423,1
DA:424,0
DA:425,0
DA:426,0
DA:427,0
DA:428,0
DA:430,0
DA:431,0
DA:433,0
DA:434,0
DA:437,1
DA:438,26
DA:440,1
DA:441,20
DA:443,1
DA:444,74
DA:445,26
DA:447,48
DA:449,1
DA:450,0
DA:451,0
DA:454,1
DA:455,9
DA:458,1
DA:459,0
DA:460,0
DA:463,1
DA:464,22
DA:465,22
DA:466,22
DA:469,1
DA:470,2
DA:471,2
DA:472,2
DA:475,1
DA:476,2
DA:477,2
DA:478,2
DA:481,1
DA:482,2
DA:483,2
DA:484,2
DA:487,1
DA:488,2
DA:489,2
DA:490,2
DA:491,2
DA:492,2
DA:495,2
DA:496,2
DA:497,2
DA:501,1
DA:502,2
DA:503,2
DA:504,2
DA:505,2
DA:506,2
DA:509,2
DA:510,2
DA:511,2
DA:515,1
DA:516,2
DA:517,2
DA:518,2
DA:519,2
DA:520,2
DA:523,2
DA:524,2
DA:525,2
DA:529,1
DA:530,18
DA:533,1
DA:534,18
DA:537,1
DA:538,18
DA:541,1
DA:542,18
DA:543,18
DA:544,18
DA:547,1
DA:548,2
DA:551,1
DA:552,8
DA:555,1
DA:556,8
DA:559,1
DA:560,8
DA:563,1
DA:564,6
DA:565,6
DA:566,6
DA:568,1
DA:569,18
DA:570,18
DA:571,0
DA:573,18
DA:575,1
DA:577,1
DA:578,1
DA:585,1
DA:592,1
DA:593,1
DA:594,1
DA:596,1
DA:597,0
DA:598,0
DA:599,0
DA:601,0
DA:603,1
DA:604,9
DA:605,9
DA:606,9
DA:607,9
DA:608,36
DA:609,36
DA:610,1
DA:611,1
DA:614,8
DA:616,0
DA:618,1
DA:619,527
DA:620,13
DA:621,0
DA:623,13
DA:624,0
DA:625,0
DA:626,0
DA:627,0
DA:630,0
DA:631,0
DA:636,514
DA:637,0
DA:639,514
DA:640,0
DA:641,0
DA:642,0
DA:643,0
DA:646,0
DA:647,0
DA:652,1
DA:653,52
DA:654,52
DA:655,0
DA:657,52
DA:658,52
DA:659,164
DA:660,52
DA:663,52
DA:664,0
DA:667,1
DA:668,22
DA:669,21
DA:671,1
DA:672,1
DA:673,1
DA:674,0
DA:678,1
DA:680,1
DA:681,1
DA:688,1
DA:695,1
DA:696,1
DA:697,1
DA:698,1
DA:699,1
DA:700,1
DA:701,1
DA:702,20
DA:703,20
DA:712,20
DA:713,20
DA:714,2
DA:715,2
DA:716,2
DA:718,20
DA:719,10
DA:720,10
DA:721,10
DA:722,10
DA:723,10
DA:725,20
DA:726,2
DA:727,2
DA:728,2
DA:730,20
DA:731,3
DA:733,20
DA:734,15
DA:736,20
DA:737,3
DA:739,20
DA:740,160
DA:742,20
DA:743,37
DA:745,20
DA:746,19
DA:748,20
DA:749,0
DA:750,0
DA:751,0
DA:753,0
DA:756,1
DA:757,1
DA:758,1
DA:759,1
DA:760,5
DA:762,1
DA:764,1
DA:765,20
DA:767,1
DA:768,34
DA:769,34
DA:770,0
DA:772,34
DA:773,34
DA:774,34
DA:777,0
DA:779,34
DA:780,34
DA:781,170
DA:782,150
DA:785,34
DA:786,34
DA:787,34
DA:788,218
DA:789,218
DA:792,0
DA:797,1
DA:799,1
DA:800,1
DA:807,1
DA:814,1
DA:815,1
DA:816,1
DA:817,1
DA:818,1
DA:819,20
DA:824,1
DA:825,1
DA:826,1
DA:827,1
DA:828,2
DA:831,1
DA:832,36
DA:833,36
DA:834,36
DA:835,36
DA:837,4
DA:839,28
DA:841,2
DA:842,2
DA:843,2
DA:844,1
DA:847,1
DA:849,2
DA:850,2
DA:851,2
DA:852,1
DA:855,1
DA:859,1
DA:860,30
DA:861,30
DA:864,1
DA:865,4
DA:866,4
DA:867,4
DA:870,1
DA:871,1
DA:872,1
DA:873,1
DA:874,1
DA:875,1
DA:878,1
DA:879,1
DA:883,1
DA:884,5
DA:887,1
DA:888,5
DA:891,1
DA:892,1
DA:893,1
DA:894,1
DA:895,1
DA:898,0
DA:901,1
DA:903,1
DA:904,1
DA:912,1
DA:913,1
DA:914,1
DA:915,1
DA:916,1
DA:917,20
DA:918,20
DA:925,20
DA:926,156
DA:927,156
DA:929,20
DA:930,156
DA:931,156
DA:933,20
DA:934,10
DA:935,10
DA:937,20
DA:938,2
DA:939,2
DA:941,20
DA:942,2
DA:943,2
DA:945,20
DA:946,128
DA:948,20
DA:949,111
DA:951,20
DA:952,21
DA:954,20
DA:955,37
DA:957,20
DA:958,2
DA:961,1
DA:962,1
DA:963,1
DA:964,1
DA:965,1
DA:966,1
DA:968,1
DA:970,1
DA:971,1
DA:978,1
DA:984,1
DA:990,1
DA:997,1
DA:1007,1
DA:1017,1
DA:1018,1
DA:1020,1
DA:1021,31
DA:1022,0
DA:1024,31
DA:1025,31
DA:1026,0
DA:1027,0
DA:1030,0
DA:1033,31
DA:1040,1
DA:1042,1
DA:1049,1
DA:1055,1
DA:1061,1
LF:599
LH:494
BRDA:10,1,0,11
BRDA:10,1,1,19
BRDA:49,2,0,1
BRDA:49,2,1,1
BRDA:49,2,2,1
BRDA:50,3,0,5
BRDA:50,3,1,0
BRDA:52,4,0,0
BRDA:52,4,1,1
BRDA:109,5,0,0
BRDA:109,5,1,12
BRDA:126,6,0,0
BRDA:126,6,1,0
BRDA:129,7,0,0
BRDA:129,7,1,0
BRDA:132,8,0,0
BRDA:132,8,1,0
BRDA:137,9,0,0
BRDA:137,9,1,0
BRDA:177,10,0,15
BRDA:177,10,1,30
BRDA:177,11,0,45
BRDA:177,11,1,45
BRDA:177,11,2,30
BRDA:177,11,3,0
BRDA:183,12,0,65
BRDA:183,12,1,1
BRDA:184,13,0,25
BRDA:184,13,1,40
BRDA:187,14,0,25
BRDA:187,14,1,0
BRDA:193,15,0,41
BRDA:193,15,1,25
BRDA:197,16,0,1
BRDA:197,16,1,65
BRDA:201,17,0,0
BRDA:201,17,1,65
BRDA:209,18,0,17
BRDA:209,18,1,0
BRDA:216,19,0,0
BRDA:216,19,1,17
BRDA:222,20,0,0
BRDA:222,20,1,0
BRDA:248,21,0,2
BRDA:248,21,1,26
BRDA:256,22,0,9
BRDA:256,22,1,17
BRDA:284,23,0,0
BRDA:284,23,1,5
BRDA:310,24,0,0
BRDA:310,24,1,12
BRDA:369,25,0,0
BRDA:369,25,1,20
BRDA:412,26,0,0
BRDA:412,26,1,40
BRDA:444,27,0,26
BRDA:444,27,1,48
BRDA:491,28,0,2
BRDA:491,28,1,0
BRDA:495,29,0,2
BRDA:495,29,1,0
BRDA:505,30,0,2
BRDA:505,30,1,0
BRDA:509,31,0,2
BRDA:509,31,1,0
BRDA:519,32,0,2
BRDA:519,32,1,0
BRDA:523,33,0,2
BRDA:523,33,1,0
BRDA:605,34,0,9
BRDA:605,34,1,0
BRDA:605,35,0,9
BRDA:605,35,1,9
BRDA:609,36,0,1
BRDA:609,36,1,35
BRDA:619,37,0,13
BRDA:619,37,1,514
BRDA:620,38,0,0
BRDA:620,38,1,13
BRDA:620,39,0,13
BRDA:620,39,1,0
BRDA:623,40,0,0
BRDA:623,40,1,13
BRDA:626,41,0,0
BRDA:626,41,1,0
BRDA:630,42,0,0
BRDA:630,42,1,0
BRDA:636,43,0,0
BRDA:636,43,1,514
BRDA:636,44,0,514
BRDA:636,44,1,504
BRDA:639,45,0,0
BRDA:639,45,1,514
BRDA:642,46,0,0
BRDA:642,46,1,0
BRDA:646,47,0,0
BRDA:646,47,1,0
BRDA:654,48,0,0
BRDA:654,48,1,52
BRDA:659,49,0,52
BRDA:659,49,1,112
BRDA:663,50,0,0
BRDA:663,50,1,52
BRDA:668,51,0,21
BRDA:668,51,1,1
BRDA:673,52,0,0
BRDA:673,52,1,1
BRDA:704,53,0,0
BRDA:704,53,1,20
BRDA:722,54,0,5
BRDA:722,54,1,5
BRDA:769,55,0,0
BRDA:769,55,1,34
BRDA:781,56,0,150
BRDA:781,56,1,20
BRDA:835,57,0,4
BRDA:835,57,1,28
BRDA:835,57,2,2
BRDA:835,57,3,2
BRDA:843,58,0,1
BRDA:843,58,1,1
BRDA:851,59,0,1
BRDA:851,59,1,1
BRDA:874,60,0,1
BRDA:874,60,1,0
BRDA:878,61,0,1
BRDA:878,61,1,0
BRDA:894,62,0,1
BRDA:894,62,1,0
BRDA:1021,63,0,0
BRDA:1021,63,1,31
BRDA:1025,64,0,0
BRDA:1025,64,1,31
BRDA:1026,65,0,0
BRDA:1026,65,1,0
BRF:135
BRH:81
end_of_record
TN:
SF:/home/antoine/a-lucas/angular.js-server/test-server/server/config.js
FNF:0
FNH:0
DA:4,1
DA:6,1
LF:2
LH:2
BRF:0
BRH:0
end_of_record
TN:
SF:/home/antoine/a-lucas/angular.js-server/test-server/server/api/api-server.js
FN:9,(anonymous_1)
FN:41,(anonymous_2)
FN:42,(anonymous_3)
FNF:3
FNH:3
FNDA:6,(anonymous_1)
FNDA:6,(anonymous_2)
FNDA:6,(anonymous_3)
DA:1,1
DA:2,1
DA:3,1
DA:4,1
DA:5,1
DA:6,1
DA:9,1
DA:10,6
DA:11,6
DA:13,6
DA:14,6
DA:16,4
DA:17,4
DA:20,6
DA:21,0
DA:22,0
DA:24,6
DA:25,0
DA:26,0
DA:28,6
DA:29,4
DA:33,6
DA:34,0
DA:37,6
DA:41,1
DA:42,6
DA:43,6
DA:44,6
DA:45,6
DA:49,1
LF:30
LH:25
BRDA:14,1,0,4
BRDA:14,1,1,2
BRDA:20,2,0,0
BRDA:20,2,1,6
BRDA:24,3,0,0
BRDA:24,3,1,6
BRDA:28,4,0,4
BRDA:28,4,1,2
BRDA:33,5,0,0
BRDA:33,5,1,6
BRDA:33,6,0,6
BRDA:33,6,1,4
BRF:12
BRH:9
end_of_record
TN:
SF:/home/antoine/a-lucas/angular.js-server/test-server/server/utils.js
FN:15,(anonymous_1)
FN:19,(anonymous_2)
FN:50,(anonymous_3)
FN:55,(anonymous_4)
FN:63,(anonymous_5)
FN:72,(anonymous_6)
FNF:6
FNH:2
FNDA:6,(anonymous_1)
FNDA:88,(anonymous_2)
FNDA:0,(anonymous_3)
FNDA:0,(anonymous_4)
FNDA:0,(anonymous_5)
FNDA:0,(anonymous_6)
DA:3,1
DA:4,1
DA:5,1
DA:6,1
DA:7,1
DA:9,1
DA:11,1
DA:13,1
DA:15,1
DA:17,6
DA:19,6
DA:20,88
DA:21,88
DA:22,88
DA:25,6
DA:26,6
DA:27,6
DA:29,6
DA:31,2
DA:32,2
DA:33,2
DA:35,4
DA:36,4
DA:37,4
DA:39,0
DA:42,6
DA:44,6
DA:48,1
DA:49,0
DA:50,0
DA:51,0
DA:52,0
DA:55,0
DA:56,0
DA:63,1
DA:64,0
DA:65,0
DA:66,0
DA:68,0
DA:72,1
DA:75,0
DA:77,0
DA:78,0
DA:79,0
DA:81,0
DA:82,0
DA:83,0
DA:86,0
DA:98,0
DA:100,0
LF:50
LH:29
BRDA:29,1,0,2
BRDA:29,1,1,4
BRDA:29,1,2,0
BRF:3
BRH:2
end_of_record
TN:
SF:/home/antoine/a-lucas/angular.js-server/test-server/server/api/products.js
FNF:0
FNH:0
DA:1,1
LF:1
LH:1
BRF:0
BRH:0
end_of_record
TN:
SF:/home/antoine/a-lucas/angular.js-server/test-server/server/jade/classic.server.js
FN:10,(anonymous_1)
FNF:1
FNH:1
FNDA:4,(anonymous_1)
DA:5,1
DA:6,1
DA:8,1
DA:10,1
DA:11,4
DA:14,1
LF:6
LH:6
BRF:0
BRH:0
end_of_record
TN:
SF:/home/antoine/a-lucas/angular.js-server/test-server/server/jade/pre-render.server.js
FN:21,(anonymous_1)
FN:27,(anonymous_2)
FN:30,(anonymous_3)
FN:33,(anonymous_4)
FNF:4
FNH:2
FNDA:4,(anonymous_1)
FNDA:4,(anonymous_2)
FNDA:0,(anonymous_3)
FNDA:0,(anonymous_4)
DA:5,1
DA:6,1
DA:7,1
DA:8,1
DA:9,1
DA:11,1
DA:13,1
DA:14,1
DA:15,1
DA:16,1
DA:17,1
DA:19,1
DA:21,1
DA:23,4
DA:25,4
DA:27,4
DA:28,4
DA:29,4
DA:31,0
DA:32,0
DA:34,0
DA:35,0
DA:40,1
LF:23
LH:19
BRF:0
BRH:0
end_of_record
TN:
SF:/home/antoine/a-lucas/angular.js-server/test-server/server/jade/middleware.server.js
FN:21,(anonymous_1)
FNF:1
FNH:0
FNDA:0,(anonymous_1)
DA:6,1
DA:7,1
DA:8,1
DA:10,1
DA:13,1
DA:14,1
DA:15,1
DA:16,1
DA:17,1
DA:19,1
DA:21,1
DA:22,0
DA:25,1
LF:13
LH:12
BRF:0
BRH:0
end_of_record
TN:
SF:/home/antoine/a-lucas/angular.js-server/test-server/server/swig/classic.server.js
FN:10,(anonymous_1)
FNF:1
FNH:1
FNDA:4,(anonymous_1)
DA:5,1
DA:6,1
DA:8,1
DA:10,1
DA:11,4
DA:14,1
LF:6
LH:6
BRF:0
BRH:0
end_of_record
TN:
SF:/home/antoine/a-lucas/angular.js-server/test-server/server/swig/pre-render.server.js
FN:16,(anonymous_1)
FN:25,(anonymous_2)
FN:28,(anonymous_3)
FN:31,(anonymous_4)
FNF:4
FNH:2
FNDA:4,(anonymous_1)
FNDA:4,(anonymous_2)
FNDA:0,(anonymous_3)
FNDA:0,(anonymous_4)
DA:1,1
DA:2,1
DA:3,1
DA:4,1
DA:5,1
DA:6,1
DA:8,1
DA:9,1
DA:10,1
DA:11,1
DA:12,1
DA:14,1
DA:16,1
DA:18,4
DA:21,4
DA:23,4
DA:25,4
DA:26,4
DA:27,4
DA:29,0
DA:30,0
DA:32,0
DA:33,0
DA:38,1
LF:24
LH:20
BRF:0
BRH:0
end_of_record
TN:
SF:/home/antoine/a-lucas/angular.js-server/test-server/server/swig/middleware.server.js
FN:20,(anonymous_1)
FNF:1
FNH:0
FNDA:0,(anonymous_1)
DA:5,1
DA:6,1
DA:7,1
DA:9,1
DA:12,1
DA:13,1
DA:14,1
DA:15,1
DA:16,1
DA:18,1
DA:20,1
DA:21,0
DA:24,1
LF:13
LH:12
BRF:0
BRH:0
end_of_record
